Log file open, 12/13/17 15:30:01
LogWindows: Failed to load 'aqProf.dll' (GetLastError=126)
LogWindows: File 'aqProf.dll' does not exist
LogWindows: Failed to load 'VtuneApi.dll' (GetLastError=126)
LogWindows: File 'VtuneApi.dll' does not exist
LogWindows: Failed to load 'VtuneApi32e.dll' (GetLastError=126)
LogWindows: File 'VtuneApi32e.dll' does not exist
LogInit: Display: Running engine without a game
LogPlatformFile: Not using cached read wrapper
LogInit: Display: Loading recent project file: ../../../../../../Study/Git/UR_Tutorials/PaperNinja/PaperNinja.uproject
LogInit: Display: RandInit(-269515646) SRandInit(-269515646).
LogInit: Read version file with build ID '3709383'
LogInit: Overriding engine version to CL 3754814, compatible CL 3709383
LogInit: Registered custom module enumerator with build ID '3709383'
LogTaskGraph: Started task graph with 5 named threads and 14 total threads with 3 sets of task threads.
LogStats: Stats thread started at 0.164430
LogD3D11RHI: Aftermath initialized
LogModuleManager: Display: Found up-to-date module file ../../../Engine/Plugins/2D/Paper2D/Binaries/Win64/UE4Editor-Paper2D.dll (API version 3709383).
LogModuleManager: Display: Found up-to-date module file ../../../Engine/Plugins/2D/Paper2D/Binaries/Win64/UE4Editor-Paper2DEditor.dll (API version 3709383).
LogModuleManager: Display: Found up-to-date module file ../../../Engine/Plugins/2D/Paper2D/Binaries/Win64/UE4Editor-PaperSpriteSheetImporter.dll (API version 3709383).
LogModuleManager: Display: Found up-to-date module file ../../../Engine/Plugins/2D/Paper2D/Binaries/Win64/UE4Editor-PaperTiledImporter.dll (API version 3709383).
LogModuleManager: Display: Found up-to-date module file ../../../Engine/Plugins/2D/Paper2D/Binaries/Win64/UE4Editor-SmartSnapping.dll (API version 3709383).
LogModuleManager: Display: Found up-to-date module file ../../../Engine/Plugins/Blendables/LightPropagationVolume/Binaries/Win64/UE4Editor-LightPropagationVolumeRuntime.dll (API version 3709383).
LogModuleManager: Display: Found up-to-date module file ../../../Engine/Plugins/Blendables/LightPropagationVolume/Binaries/Win64/UE4Editor-LightPropagationVolumeEditor.dll (API version 3709383).
LogModuleManager: Display: Found up-to-date module file ../../../Engine/Plugins/Developer/GitSourceControl/Binaries/Win64/UE4Editor-GitSourceControl.dll (API version 3709383).
LogModuleManager: Display: Found up-to-date module file ../../../Engine/Plugins/Developer/PerforceSourceControl/Binaries/Win64/UE4Editor-PerforceSourceControl.dll (API version 3709383).
LogModuleManager: Display: Found up-to-date module file ../../../Engine/Plugins/Developer/SubversionSourceControl/Binaries/Win64/UE4Editor-SubversionSourceControl.dll (API version 3709383).
LogModuleManager: Display: Found up-to-date module file ../../../Engine/Plugins/Developer/UObjectPlugin/Binaries/Win64/UE4Editor-UObjectPlugin.dll (API version 3709383).
LogModuleManager: Display: Found up-to-date module file ../../../Engine/Plugins/Developer/VisualStudioCodeSourceCodeAccess/Binaries/Win64/UE4Editor-VisualStudioCodeSourceCodeAccess.dll (API version 3709383).
LogModuleManager: Display: Found up-to-date module file ../../../Engine/Plugins/Developer/VisualStudioSourceCodeAccess/Binaries/Win64/UE4Editor-VisualStudioSourceCodeAccess.dll (API version 3709383).
LogModuleManager: Display: Found up-to-date module file ../../../Engine/Plugins/Editor/AssetManagerEditor/Binaries/Win64/UE4Editor-AssetManagerEditor.dll (API version 3709383).
LogModuleManager: Display: Found up-to-date module file ../../../Engine/Plugins/Editor/AudioCapture/Binaries/Win64/UE4Editor-AudioCapture.dll (API version 3709383).
LogModuleManager: Display: Found up-to-date module file ../../../Engine/Plugins/Editor/FacialAnimation/Binaries/Win64/UE4Editor-FacialAnimation.dll (API version 3709383).
LogModuleManager: Display: Found up-to-date module file ../../../Engine/Plugins/Editor/FacialAnimation/Binaries/Win64/UE4Editor-FacialAnimationEditor.dll (API version 3709383).
LogModuleManager: Display: Found up-to-date module file ../../../Engine/Plugins/Editor/GameplayTagsEditor/Binaries/Win64/UE4Editor-GameplayTagsEditor.dll (API version 3709383).
LogModuleManager: Display: Found up-to-date module file ../../../Engine/Plugins/Editor/MobileLauncherProfileWizard/Binaries/Win64/UE4Editor-MobileLauncherProfileWizard.dll (API version 3709383).
LogModuleManager: Display: Found up-to-date module file ../../../Engine/Plugins/Editor/PluginBrowser/Binaries/Win64/UE4Editor-PluginBrowser.dll (API version 3709383).
LogModuleManager: Display: Found up-to-date module file ../../../Engine/Plugins/Editor/SpeedTreeImporter/Binaries/Win64/UE4Editor-SpeedTreeImporter.dll (API version 3709383).
LogModuleManager: Display: Found up-to-date module file ../../../Engine/Plugins/Experimental/AlembicImporter/Binaries/Win64/UE4Editor-AlembicImporter.dll (API version 3709383).
LogModuleManager: Display: Found up-to-date module file ../../../Engine/Plugins/Experimental/AlembicImporter/Binaries/Win64/UE4Editor-AlembicLibrary.dll (API version 3709383).
LogModuleManager: Display: Found up-to-date module file ../../../Engine/Plugins/Experimental/CharacterAI/Binaries/Win64/UE4Editor-CharacterAI.dll (API version 3709383).
LogModuleManager: Display: Found up-to-date module file ../../../Engine/Plugins/Experimental/HTML5Networking/Binaries/Win64/UE4Editor-HTML5Networking.dll (API version 3709383).
LogModuleManager: Display: Found up-to-date module file ../../../Engine/Plugins/Media/AndroidMedia/Binaries/Win64/UE4Editor-AndroidMediaEditor.dll (API version 3709383).
LogModuleManager: Display: Found up-to-date module file ../../../Engine/Plugins/Media/AndroidMedia/Binaries/Win64/UE4Editor-AndroidMediaFactory.dll (API version 3709383).
LogModuleManager: Display: Found up-to-date module file ../../../Engine/Plugins/Media/AvfMedia/Binaries/Win64/UE4Editor-AvfMediaEditor.dll (API version 3709383).
LogModuleManager: Display: Found up-to-date module file ../../../Engine/Plugins/Media/AvfMedia/Binaries/Win64/UE4Editor-AvfMediaFactory.dll (API version 3709383).
LogModuleManager: Display: Found up-to-date module file ../../../Engine/Plugins/Media/AvfMedia/Binaries/Win64/UE4Editor-AvfMediaFactory.dll (API version 3709383).
LogModuleManager: Display: Found up-to-date module file ../../../Engine/Plugins/Media/ImgMedia/Binaries/Win64/UE4Editor-ImgMedia.dll (API version 3709383).
LogModuleManager: Display: Found up-to-date module file ../../../Engine/Plugins/Media/ImgMedia/Binaries/Win64/UE4Editor-ImgMediaEditor.dll (API version 3709383).
LogModuleManager: Display: Found up-to-date module file ../../../Engine/Plugins/Media/ImgMedia/Binaries/Win64/UE4Editor-ImgMediaFactory.dll (API version 3709383).
LogModuleManager: Display: Found up-to-date module file ../../../Engine/Plugins/Media/ImgMedia/Binaries/Win64/UE4Editor-ImgMediaFactory.dll (API version 3709383).
LogModuleManager: Display: Found up-to-date module file ../../../Engine/Plugins/Media/ImgMedia/Binaries/Win64/UE4Editor-OpenExrWrapper.dll (API version 3709383).
LogModuleManager: Display: Found up-to-date module file ../../../Engine/Plugins/Media/MediaCompositing/Binaries/Win64/UE4Editor-MediaCompositing.dll (API version 3709383).
LogModuleManager: Display: Found up-to-date module file ../../../Engine/Plugins/Media/MediaCompositing/Binaries/Win64/UE4Editor-MediaCompositingEditor.dll (API version 3709383).
LogModuleManager: Display: Found up-to-date module file ../../../Engine/Plugins/Media/MediaPlayerEditor/Binaries/Win64/UE4Editor-MediaPlayerEditor.dll (API version 3709383).
LogModuleManager: Display: Found up-to-date module file ../../../Engine/Plugins/Media/WmfMedia/Binaries/Win64/UE4Editor-WmfMedia.dll (API version 3709383).
LogModuleManager: Display: Found up-to-date module file ../../../Engine/Plugins/Media/WmfMedia/Binaries/Win64/UE4Editor-WmfMediaEditor.dll (API version 3709383).
LogModuleManager: Display: Found up-to-date module file ../../../Engine/Plugins/Media/WmfMedia/Binaries/Win64/UE4Editor-WmfMediaFactory.dll (API version 3709383).
LogModuleManager: Display: Found up-to-date module file ../../../Engine/Plugins/Media/WmfMedia/Binaries/Win64/UE4Editor-WmfMediaFactory.dll (API version 3709383).
LogModuleManager: Display: Found up-to-date module file ../../../Engine/Plugins/Messaging/TcpMessaging/Binaries/Win64/UE4Editor-TcpMessaging.dll (API version 3709383).
LogModuleManager: Display: Found up-to-date module file ../../../Engine/Plugins/Messaging/UdpMessaging/Binaries/Win64/UE4Editor-UdpMessaging.dll (API version 3709383).
LogModuleManager: Display: Found up-to-date module file ../../../Engine/Plugins/MovieScene/ActorSequence/Binaries/Win64/UE4Editor-ActorSequence.dll (API version 3709383).
LogModuleManager: Display: Found up-to-date module file ../../../Engine/Plugins/MovieScene/LevelSequenceEditor/Binaries/Win64/UE4Editor-LevelSequenceEditor.dll (API version 3709383).
LogModuleManager: Display: Found up-to-date module file ../../../Engine/Plugins/MovieScene/MatineeToLevelSequence/Binaries/Win64/UE4Editor-MatineeToLevelSequence.dll (API version 3709383).
LogModuleManager: Display: Found up-to-date module file ../../../Engine/Plugins/Online/OnlineSubsystem/Binaries/Win64/UE4Editor-OnlineSubsystem.dll (API version 3709383).
LogModuleManager: Display: Found up-to-date module file ../../../Engine/Plugins/Runtime/AndroidPermission/Binaries/Win64/UE4Editor-AndroidPermission.dll (API version 3709383).
LogModuleManager: Display: Found up-to-date module file ../../../Engine/Plugins/Online/OnlineSubsystemNull/Binaries/Win64/UE4Editor-OnlineSubsystemNull.dll (API version 3709383).
LogModuleManager: Display: Found up-to-date module file ../../../Engine/Plugins/Online/OnlineSubsystemUtils/Binaries/Win64/UE4Editor-OnlineSubsystemUtils.dll (API version 3709383).
LogModuleManager: Display: Found up-to-date module file ../../../Engine/Plugins/Online/OnlineSubsystemUtils/Binaries/Win64/UE4Editor-OnlineBlueprintSupport.dll (API version 3709383).
LogModuleManager: Display: Found up-to-date module file ../../../Engine/Plugins/Runtime/AndroidDeviceProfileSelector/Binaries/Win64/UE4Editor-AndroidDeviceProfileSelector.dll (API version 3709383).
LogModuleManager: Display: Found up-to-date module file ../../../Engine/Plugins/Runtime/AppleARKit/Binaries/Win64/UE4Editor-AppleARKit.dll (API version 3709383).
LogModuleManager: Display: Found up-to-date module file ../../../Engine/Plugins/Runtime/ArchVisCharacter/Binaries/Win64/UE4Editor-ArchVisCharacter.dll (API version 3709383).
LogModuleManager: Display: Found up-to-date module file ../../../Engine/Plugins/Runtime/CableComponent/Binaries/Win64/UE4Editor-CableComponent.dll (API version 3709383).
LogModuleManager: Display: Found up-to-date module file ../../../Engine/Plugins/Runtime/CustomMeshComponent/Binaries/Win64/UE4Editor-CustomMeshComponent.dll (API version 3709383).
LogModuleManager: Display: Found up-to-date module file ../../../Engine/Plugins/Runtime/ExampleDeviceProfileSelector/Binaries/Win64/UE4Editor-ExampleDeviceProfileSelector.dll (API version 3709383).
LogModuleManager: Display: Found up-to-date module file ../../../Engine/Plugins/Runtime/ImmediatePhysics/Binaries/Win64/UE4Editor-ImmediatePhysics.dll (API version 3709383).
LogModuleManager: Display: Found up-to-date module file ../../../Engine/Plugins/Runtime/ImmediatePhysics/Binaries/Win64/UE4Editor-ImmediatePhysicsEditor.dll (API version 3709383).
LogModuleManager: Display: Found up-to-date module file ../../../Engine/Plugins/Runtime/LocationServicesBPLibrary/Binaries/Win64/UE4Editor-LocationServicesBPLibrary.dll (API version 3709383).
LogModuleManager: Display: Found up-to-date module file ../../../Engine/Plugins/Runtime/MobilePatchingUtils/Binaries/Win64/UE4Editor-MobilePatchingUtils.dll (API version 3709383).
LogModuleManager: Display: Found up-to-date module file ../../../Engine/Plugins/Runtime/Oculus/OculusVR/Binaries/Win64/UE4Editor-OculusHMD.dll (API version 3709383).
LogModuleManager: Display: Found up-to-date module file ../../../Engine/Plugins/Runtime/Oculus/OculusVR/Binaries/Win64/UE4Editor-OculusInput.dll (API version 3709383).
LogModuleManager: Display: Found up-to-date module file ../../../Engine/Plugins/Runtime/Oculus/OculusVR/Binaries/Win64/UE4Editor-OculusEditor.dll (API version 3709383).
LogModuleManager: Display: Found up-to-date module file ../../../Engine/Plugins/Runtime/PhysXVehicles/Binaries/Win64/UE4Editor-PhysXVehicles.dll (API version 3709383).
LogModuleManager: Display: Found up-to-date module file ../../../Engine/Plugins/Runtime/PhysXVehicles/Binaries/Win64/UE4Editor-PhysXVehiclesEditor.dll (API version 3709383).
LogModuleManager: Display: Found up-to-date module file ../../../Engine/Plugins/Runtime/ProceduralMeshComponent/Binaries/Win64/UE4Editor-ProceduralMeshComponent.dll (API version 3709383).
LogModuleManager: Display: Found up-to-date module file ../../../Engine/Plugins/Runtime/ProceduralMeshComponent/Binaries/Win64/UE4Editor-ProceduralMeshComponentEditor.dll (API version 3709383).
LogModuleManager: Display: Found up-to-date module file ../../../Engine/Plugins/Runtime/RuntimePhysXCooking/Binaries/Win64/UE4Editor-RuntimePhysXCooking.dll (API version 3709383).
LogModuleManager: Display: Found up-to-date module file ../../../Engine/Plugins/Runtime/Steam/SteamVR/Binaries/Win64/UE4Editor-SteamVR.dll (API version 3709383).
LogModuleManager: Display: Found up-to-date module file ../../../Engine/Plugins/Runtime/Steam/SteamVR/Binaries/Win64/UE4Editor-SteamVRController.dll (API version 3709383).
LogModuleManager: Display: Found up-to-date module file ../../../Engine/Plugins/Runtime/WindowsMoviePlayer/Binaries/Win64/UE4Editor-WindowsMoviePlayer.dll (API version 3709383).
LogPluginManager: Mounting plugin Paper2D
LogPluginManager: Mounting plugin LightPropagationVolume
LogPluginManager: Mounting plugin CodeLiteSourceCodeAccess
LogPluginManager: Mounting plugin GitSourceControl
LogPluginManager: Mounting plugin KDevelopSourceCodeAccess
LogPluginManager: Mounting plugin NullSourceCodeAccess
LogPluginManager: Mounting plugin PerforceSourceControl
LogPluginManager: Mounting plugin SubversionSourceControl
LogPluginManager: Mounting plugin UObjectPlugin
LogPluginManager: Mounting plugin VisualStudioCodeSourceCodeAccess
LogPluginManager: Mounting plugin VisualStudioSourceCodeAccess
LogPluginManager: Mounting plugin XCodeSourceCodeAccess
LogPluginManager: Mounting plugin AssetManagerEditor
LogPluginManager: Mounting plugin AudioCapture
LogPluginManager: Mounting plugin FacialAnimation
LogPluginManager: Mounting plugin GameplayTagsEditor
LogPluginManager: Mounting plugin MobileLauncherProfileWizard
LogPluginManager: Mounting plugin PluginBrowser
LogPluginManager: Mounting plugin SpeedTreeImporter
LogPluginManager: Mounting plugin AlembicImporter
LogPluginManager: Mounting plugin CharacterAI
LogPluginManager: Mounting plugin HTML5Networking
LogPluginManager: Mounting plugin AndroidMedia
LogPluginManager: Mounting plugin AvfMedia
LogPluginManager: Mounting plugin ImgMedia
LogPluginManager: Mounting plugin MediaCompositing
LogPluginManager: Mounting plugin MediaPlayerEditor
LogPluginManager: Mounting plugin WmfMedia
LogPluginManager: Mounting plugin TcpMessaging
LogPluginManager: Mounting plugin UdpMessaging
LogPluginManager: Mounting plugin ActorSequence
LogPluginManager: Mounting plugin LevelSequenceEditor
LogPluginManager: Mounting plugin MatineeToLevelSequence
LogPluginManager: Mounting plugin OnlineSubsystemGooglePlay
LogPluginManager: Mounting plugin OnlineSubsystemIOS
LogPluginManager: Mounting plugin OnlineSubsystem
LogPluginManager: Mounting plugin OnlineSubsystemNull
LogPluginManager: Mounting plugin OnlineSubsystemUtils
LogPluginManager: Mounting plugin AndroidDeviceProfileSelector
LogPluginManager: Mounting plugin AndroidMoviePlayer
LogPluginManager: Mounting plugin AndroidPermission
LogPluginManager: Mounting plugin AppleARKit
LogPluginManager: Mounting plugin AppleMoviePlayer
LogPluginManager: Mounting plugin ArchVisCharacter
LogPluginManager: Mounting plugin CableComponent
LogPluginManager: Mounting plugin CustomMeshComponent
LogPluginManager: Mounting plugin ExampleDeviceProfileSelector
LogPluginManager: Mounting plugin GoogleCloudMessaging
LogPluginManager: Mounting plugin ImmediatePhysics
LogPluginManager: Mounting plugin IOSDeviceProfileSelector
LogPluginManager: Mounting plugin LinuxDeviceProfileSelector
LogPluginManager: Mounting plugin LocationServicesBPLibrary
LogPluginManager: Mounting plugin MobilePatchingUtils
LogPluginManager: Mounting plugin OculusVR
LogPluginManager: Plugin shader directory ../../../Engine/Plugins/Runtime/Oculus/OculusVR/Shaders found
LogPluginManager: Mapping shader source directory ../../../Engine/Plugins/Runtime/Oculus/OculusVR/Shaders to virtual directory /Plugin/OculusVR
LogPluginManager: Mounting plugin PhysXVehicles
LogPluginManager: Mounting plugin ProceduralMeshComponent
LogPluginManager: Mounting plugin RuntimePhysXCooking
LogPluginManager: Mounting plugin SteamVR
LogPluginManager: Mounting plugin WindowsMoviePlayer
LogInit: Using libcurl 7.47.1
LogInit:  - built for x86_64-pc-win32
LogInit:  - supports SSL with OpenSSL/1.0.2g
LogInit:  - supports HTTP deflate (compression) using libz 1.2.8
LogInit:  - other features:
LogInit:      CURL_VERSION_SSL
LogInit:      CURL_VERSION_LIBZ
LogInit:      CURL_VERSION_IPV6
LogInit:      CURL_VERSION_ASYNCHDNS
LogInit:      CURL_VERSION_LARGEFILE
LogInit:      CURL_VERSION_IDN
LogInit:  CurlRequestOptions (configurable via config and command line):
LogInit:  - bVerifyPeer = false  - Libcurl will NOT verify peer certificate
LogInit:  - bUseHttpProxy = false  - Libcurl will NOT use HTTP proxy
LogInit:  - bDontReuseConnections = false  - Libcurl will reuse connections
LogInit:  - CertBundlePath = nullptr  - Libcurl will use whatever was configured at build time.
LogInit: Build: ++UE4+Release-4.18-CL-3754814
LogInit: Engine Version: 4.18.1-3754814+++UE4+Release-4.18
LogInit: Compatible Engine Version: 4.18.0-3709383+++UE4+Release-4.18
LogInit: Net CL: 3709383
LogDevObjectVersion: Number of dev versions registered: 16
LogDevObjectVersion:   Dev-Blueprints (B0D832E4-1F89-4F0D-ACCF-7EB736FD4AA2): 10
LogDevObjectVersion:   Dev-Build (E1C64328-A22C-4D53-A36C-8E866417BD8C): 0
LogDevObjectVersion:   Dev-Core (375EC13C-06E4-48FB-B500-84F0262A717E): 2
LogDevObjectVersion:   Dev-Editor (E4B068ED-F494-42E9-A231-DA0B2E46BB41): 20
LogDevObjectVersion:   Dev-Framework (CFFC743F-43B0-4480-9391-14DF171D2073): 30
LogDevObjectVersion:   Dev-Mobile (B02B49B5-BB20-44E9-A304-32B752E40360): 0
LogDevObjectVersion:   Dev-Networking (A4E4105C-59A1-49B5-A7C5-40C4547EDFEE): 0
LogDevObjectVersion:   Dev-Online (39C831C9-5AE6-47DC-9A44-9C173E1C8E7C): 0
LogDevObjectVersion:   Dev-Physics (78F01B33-EBEA-4F98-B9B4-84EACCB95AA2): 0
LogDevObjectVersion:   Dev-Platform (6631380F-2D4D-43E0-8009-CF276956A95A): 0
LogDevObjectVersion:   Dev-Rendering (12F88B9F-8875-4AFC-A67C-D90C383ABD29): 20
LogDevObjectVersion:   Dev-Sequencer (7B5AE74C-D270-4C10-A958-57980B212A5A): 4
LogDevObjectVersion:   Dev-VR (D7296918-1DD6-4BDD-9DE2-64A83CC13884): 0
LogDevObjectVersion:   Dev-LoadTimes (C2A15278-BFE7-4AFE-6C17-90FF531DF755): 1
LogDevObjectVersion:   Private-Geometry (6EACA3D4-40EC-4CC1-B786-8BED09428FC5): 1
LogDevObjectVersion:   Dev-AnimPhys (29E575DD-E0A3-4627-9D10-D276232CDCEA): 12
LogInit: Compiled (64-bit): Nov 14 2017 02:05:55
LogInit: Compiled with Visual C++: 19.00.24215.01
LogInit: Build Configuration: Development
LogInit: Branch Name: ++UE4+Release-4.18
LogInit: Command line: -EpicPortal 
LogInit: Base directory: C:/Program Files/Epic Games/UE_4.18/Engine/Binaries/Win64/
LogInit: Installed Engine Build: 1
LogInit: Presizing for max 8388607 objects, including 0 objects not considered by GC, pre-allocating 0 bytes for permanent pool.
LogInit: Object subsystem initialized
[2017.12.13-06.30.02:570][  0]LogInit: Selected Device Profile: [Windows]
[2017.12.13-06.30.02:570][  0]LogInit: Applying CVar settings loaded from the selected device profile: [Windows]
[2017.12.13-06.30.02:580][  0]LogInit: Computer: DESKTOP-M4SNJ2V
[2017.12.13-06.30.02:580][  0]LogInit: User: Company
[2017.12.13-06.30.02:580][  0]LogInit: CPU Page size=4096, Cores=4
[2017.12.13-06.30.02:580][  0]LogInit: High frequency timer resolution =3.328127 MHz
[2017.12.13-06.30.02:580][  0]LogMemory: Memory total: Physical=16.0GB (16GB approx)
[2017.12.13-06.30.02:580][  0]LogMemory: Platform Memory Stats for Windows
[2017.12.13-06.30.02:581][  0]LogMemory: Process Physical Memory: 273.18 MB used, 273.18 MB peak
[2017.12.13-06.30.02:581][  0]LogMemory: Process Virtual Memory: 271.73 MB used, 271.73 MB peak
[2017.12.13-06.30.02:581][  0]LogMemory: Physical Memory: 6680.98 MB used,  9654.63 MB free, 16335.61 MB total
[2017.12.13-06.30.02:581][  0]LogMemory: Virtual Memory: 645.99 MB used,  9654.63 MB free, 134217728.00 MB total
[2017.12.13-06.30.02:759][  0]LogInit: Overriding language with editor language configuration option (ko).
[2017.12.13-06.30.02:759][  0]LogInit: Overriding locale with editor locale configuration option (ko).
[2017.12.13-06.30.02:931][  0]LogInit: Setting process to per monitor DPI aware
[2017.12.13-06.30.03:215][  0]LogD3D11RHI: D3D11 adapters:
[2017.12.13-06.30.03:272][  0]LogD3D11RHI:    0. 'NVIDIA GeForce GTX 1050' (Feature Level 11_0)
[2017.12.13-06.30.03:272][  0]LogD3D11RHI:       1987/0/8167 MB DedicatedVideo/DedicatedSystem/SharedSystem, Outputs:2, VendorId:0x10de
[2017.12.13-06.30.03:273][  0]LogD3D11RHI:    1. 'Microsoft Basic Render Driver' (Feature Level 11_0)
[2017.12.13-06.30.03:273][  0]LogD3D11RHI:       0/0/8167 MB DedicatedVideo/DedicatedSystem/SharedSystem, Outputs:0, VendorId:0x1414
[2017.12.13-06.30.03:273][  0]LogD3D11RHI: Chosen D3D11 Adapter: 0
[2017.12.13-06.30.03:279][  0]LogD3D11RHI: Creating new Direct3DDevice
[2017.12.13-06.30.03:279][  0]LogD3D11RHI:     GPU DeviceId: 0x1c81 (for the marketing name, search the web for "GPU Device Id")
[2017.12.13-06.30.03:279][  0]LogWindows: EnumDisplayDevices:
[2017.12.13-06.30.03:280][  0]LogWindows:    0. 'NVIDIA GeForce GTX 1050' (P:1 D:1)
[2017.12.13-06.30.03:280][  0]LogWindows:    1. 'NVIDIA GeForce GTX 1050' (P:0 D:1)
[2017.12.13-06.30.03:281][  0]LogWindows:    2. 'NVIDIA GeForce GTX 1050' (P:0 D:0)
[2017.12.13-06.30.03:281][  0]LogWindows:    3. 'NVIDIA GeForce GTX 1050' (P:0 D:0)
[2017.12.13-06.30.03:281][  0]LogWindows: DebugString: FoundDriverCount:4 
[2017.12.13-06.30.03:281][  0]LogD3D11RHI:     Adapter Name: NVIDIA GeForce GTX 1050
[2017.12.13-06.30.03:281][  0]LogD3D11RHI:   Driver Version: 388.13 (internal:23.21.13.8813, unified:388.13)
[2017.12.13-06.30.03:281][  0]LogD3D11RHI:      Driver Date: 10-27-2017
[2017.12.13-06.30.03:281][  0]LogRHI: Texture pool is 1391 MB (70% of 1987 MB)
[2017.12.13-06.30.03:315][  0]LogD3D11RHI: Async texture creation enabled
[2017.12.13-06.30.03:325][  0]LogD3D11RHI: GPU Timing Frequency: 1000.000000 (Debug: 2 1)
[2017.12.13-06.30.03:424][  0]LogShaderCompilers: Guid format shader working directory is -4 characters bigger than the processId version (../../../../../../Study/Git/UR_Tutorials/PaperNinja/Intermediate/Shaders/WorkingDirectory/19236/).
[2017.12.13-06.30.03:424][  0]LogShaderCompilers: Cleaned the shader compiler working directory 'C:/Users/Company/AppData/Local/Temp/UnrealShaderWorkingDir/8D22E1A247BDFC9BDB9ABDA0DE9F98FE/'.
[2017.12.13-06.30.03:424][  0]LogShaderCompilers: Display: Using Local Shader Compiler.
[2017.12.13-06.30.04:372][  0]LogTemp: Display: Loaded TP AllDesktopTargetPlatform
[2017.12.13-06.30.04:427][  0]LogTemp: Display: Loaded TP MacClientTargetPlatform
[2017.12.13-06.30.04:493][  0]LogTemp: Display: Loaded TP MacNoEditorTargetPlatform
[2017.12.13-06.30.04:554][  0]LogTemp: Display: Loaded TP MacServerTargetPlatform
[2017.12.13-06.30.04:611][  0]LogTemp: Display: Loaded TP MacTargetPlatform
[2017.12.13-06.30.04:672][  0]LogTemp: Display: Loaded TP WindowsClientTargetPlatform
[2017.12.13-06.30.04:729][  0]LogTemp: Display: Loaded TP WindowsNoEditorTargetPlatform
[2017.12.13-06.30.04:791][  0]LogTemp: Display: Loaded TP WindowsServerTargetPlatform
[2017.12.13-06.30.04:844][  0]LogTemp: Display: Loaded TP WindowsTargetPlatform
[2017.12.13-06.30.04:906][  0]LogTemp: Display: Loaded TP Android_ASTCTargetPlatform
[2017.12.13-06.30.04:961][  0]LogTemp: Display: Loaded TP Android_ATCTargetPlatform
[2017.12.13-06.30.05:015][  0]LogTemp: Display: Loaded TP Android_DXTTargetPlatform
[2017.12.13-06.30.05:070][  0]LogTemp: Display: Loaded TP Android_ETC1TargetPlatform
[2017.12.13-06.30.05:122][  0]LogTemp: Display: Loaded TP Android_ETC2TargetPlatform
[2017.12.13-06.30.05:241][  0]LogTemp: Display: Loaded TP Android_MultiTargetPlatform
[2017.12.13-06.30.05:241][  0]LogTemp: Display: Loaded TP Android_PVRTCTargetPlatform
[2017.12.13-06.30.05:301][  0]LogTemp: Display: Loaded TP AndroidTargetPlatform
[2017.12.13-06.30.05:348][  0]LogTemp: Display: Loaded TP HTML5TargetPlatform
[2017.12.13-06.30.05:457][  0]LogTemp: Display: Loaded TP IOSTargetPlatform
[2017.12.13-06.30.05:485][  0]LogTemp: Display: Loaded TP TVOSTargetPlatform
[2017.12.13-06.30.05:544][  0]LogTemp: Display: Loaded TP LinuxClientTargetPlatform
[2017.12.13-06.30.05:601][  0]LogTemp: Display: Loaded TP LinuxNoEditorTargetPlatform
[2017.12.13-06.30.05:661][  0]LogTemp: Display: Loaded TP LinuxServerTargetPlatform
[2017.12.13-06.30.05:718][  0]LogTemp: Display: Loaded TP LinuxTargetPlatform
[2017.12.13-06.30.05:719][  0]LogTargetPlatformManager: Display: Building Assets For Windows
[2017.12.13-06.30.06:228][  0]LogDerivedDataCache: Display: Max Cache Size: 512 MB
[2017.12.13-06.30.06:307][  0]LogDerivedDataCache: Loaded boot cache 0.08s 78MB C:/Users/Company/AppData/Local/UnrealEngine/4.18/DerivedDataCache/Boot.ddc.
[2017.12.13-06.30.06:307][  0]LogDerivedDataCache: Display: Loaded Boot cache: C:/Users/Company/AppData/Local/UnrealEngine/4.18/DerivedDataCache/Boot.ddc
[2017.12.13-06.30.06:307][  0]LogDerivedDataCache: FDerivedDataBackendGraph:  Pak pak cache file ../../../../../../Study/Git/UR_Tutorials/PaperNinja/DerivedDataCache/DDC.ddp not found, will not use a pak cache.
[2017.12.13-06.30.06:307][  0]LogDerivedDataCache: Unable to find inner node Pak for hierarchical cache Hierarchy.
[2017.12.13-06.30.06:307][  0]LogDerivedDataCache: FDerivedDataBackendGraph:  CompressedPak pak cache file ../../../../../../Study/Git/UR_Tutorials/PaperNinja/DerivedDataCache/Compressed.ddp not found, will not use a pak cache.
[2017.12.13-06.30.06:307][  0]LogDerivedDataCache: Unable to find inner node CompressedPak for hierarchical cache Hierarchy.
[2017.12.13-06.30.06:321][  0]LogDerivedDataCache: Display: Pak cache opened for reading ../../../Engine/DerivedDataCache/Compressed.ddp.
[2017.12.13-06.30.06:334][  0]LogDerivedDataCache: Using Local data cache path C:/Users/Company/AppData/Local/UnrealEngine/Common/DerivedDataCache: Writable
[2017.12.13-06.30.06:343][  0]LogMaterial: Verifying Global Shaders for PCD3D_SM5
[2017.12.13-06.30.06:343][  0]LogSlate: Using Freetype 2.6.0
[2017.12.13-06.30.06:344][  0]LogSlate: SlateFontCache - WITH_FREETYPE: 1, WITH_HARFBUZZ: 1
[2017.12.13-06.30.06:344][  0]LogSlate: SlateFontCache - WITH_FREETYPE: 1, WITH_HARFBUZZ: 1
[2017.12.13-06.30.06:677][  0]LogInit: Selected Device Profile: [Windows]
[2017.12.13-06.30.07:024][  0]LogSimplygon: Simplygon DLL not present - disabling.
[2017.12.13-06.30.07:068][  0]LogMeshReduction: Using SimplygonSwarm for distributed automatic mesh merging
[2017.12.13-06.30.07:068][  0]LogMeshReduction: Using QuadricMeshReduction for automatic static mesh reduction
[2017.12.13-06.30.07:068][  0]LogMeshReduction: No automatic skeletal mesh reduction module available
[2017.12.13-06.30.07:068][  0]LogMeshReduction: No automatic mesh merging module available
[2017.12.13-06.30.07:068][  0]LogMeshMerging: No automatic mesh merging module available
[2017.12.13-06.30.07:100][  0]LogNetVersion: PaperNinja , NetCL: 3709383, EngineNetVer: 2, GameNetVer: 0 (Checksum: 109285166)
[2017.12.13-06.30.07:252][  0]LogAssetRegistry: FAssetRegistry took 0.0250 seconds to start up
[2017.12.13-06.30.07:748][  0]LogPackageLocalizationCache: Processed 7 localized package path(s) for 1 prioritized culture(s) in 0.038606 seconds
[2017.12.13-06.30.07:753][  0]LogUObjectArray: 35900 objects as part of root set at end of initial load.
[2017.12.13-06.30.07:753][  0]LogUObjectAllocator: 7372016 out of 0 bytes used by permanent object pool.
[2017.12.13-06.30.07:753][  0]LogUObjectArray: CloseDisregardForGC: 0/0 objects in disregard for GC pool
[2017.12.13-06.30.07:810][  0]LogInit: WinSock: version 1.1 (2.2), MaxSocks=32767, MaxUdp=65467
[2017.12.13-06.30.10:746][  0]LogTcpMessaging: Initializing TcpMessaging bridge
[2017.12.13-06.30.10:793][  0]LogUdpMessaging: Initializing bridge on interface 0.0.0.0:0 to multicast group 230.0.0.1:6666.
[2017.12.13-06.30.11:529][  0]LogMaterial: Uniform references updated for custom material expression Custom.
[2017.12.13-06.30.11:975][  0]SourceControl: 소스 콘트롤이 꺼졌습니다.
[2017.12.13-06.30.11:975][  0]SourceControl: 소스 콘트롤이 꺼졌습니다.
[2017.12.13-06.30.12:034][  0]SourceControl: 소스 콘트롤이 꺼졌습니다.
[2017.12.13-06.30.12:089][  0]SourceControl: 소스 콘트롤이 꺼졌습니다.
[2017.12.13-06.30.12:978][  0]LogAndroidPermission: UAndroidPermissionCallbackProxy::GetInstance
[2017.12.13-06.30.13:282][  0]LogOcInput: OculusInput pre-init called
[2017.12.13-06.30.13:616][  0]LogEngine: Initializing Engine...
[2017.12.13-06.30.13:618][  0]LogHMD: Failed to initialize OpenVR with code 110
[2017.12.13-06.30.13:812][  0]LogStats: UGameplayTagsManager::ConstructGameplayTagTree: Construct from data asset -  0.000 s
[2017.12.13-06.30.13:812][  0]LogStats: UGameplayTagsManager::ConstructGameplayTagTree: GameplayTagTreeChangedEvent.Broadcast -  0.000 s
[2017.12.13-06.30.13:973][  0]LogAIModule: Creating AISystem for world Untitled
[2017.12.13-06.30.14:013][  0]LogInit: XAudio2 using 'LG IPS FULLHD-0(NVIDIA High Definition Audio)' : 2 channels at 48 kHz using 16 bits per sample (channel mask 0x3)
[2017.12.13-06.30.14:039][  0]LogInit: FAudioDevice initialized.
[2017.12.13-06.30.14:263][  0]LogDerivedDataCache: Saved boot cache 0.22s 78MB C:/Users/Company/AppData/Local/UnrealEngine/4.18/DerivedDataCache/Boot.ddc.
[2017.12.13-06.30.14:275][  0]LogInit: Texture streaming: Enabled
[2017.12.13-06.30.14:393][  0]LogEngineSessionManager: EngineSessionManager initialized
[2017.12.13-06.30.14:547][  0]LogInit: Transaction tracking system initialized
[2017.12.13-06.30.14:948][  0]BlueprintLog: New page: 에디터 로드
[2017.12.13-06.30.16:019][  0]LocalizationService: 현지화 서비스가 비활성화되었습니다.
[2017.12.13-06.30.16:628][  0]LogLinker: Warning: '/Game/ThirdPersonBP/ThirdPersonOverview' 파일을 찾을 수 없습니다.
[2017.12.13-06.30.16:628][  0]LogLinker: Warning: '/Game/ThirdPersonBP/ThirdPersonOverview' 파일을 찾을 수 없습니다.
[2017.12.13-06.30.16:628][  0]LogUObjectGlobals: Warning: 'Class /Game/ThirdPersonBP/ThirdPersonOverview.ThirdPersonOverview_C' 오브젝트를 찾는 데 실패했습니다.
[2017.12.13-06.30.16:909][  0]LogConsoleResponse: Display: 
[2017.12.13-06.30.17:074][  0]LogCook: Display: Max memory allowance for cook 16384mb min free memory 0mb
[2017.12.13-06.30.17:074][  0]LogCook: Display: Mobile HDR setting 1
[2017.12.13-06.30.17:074][  0]LogGameplayTags: Display: UGameplayTagsManager::DoneAddingNativeTags. DelegateIsBound: 0
[2017.12.13-06.30.18:311][  0]LogFileCache: Scanning file cache for directory 'C:/Study/Git/UR_Tutorials/PaperNinja/Content/' took 0.01s
[2017.12.13-06.30.18:361][  0]SourceControl: 소스 콘트롤이 꺼졌습니다.
[2017.12.13-06.30.18:361][  0]Cmd: MAP LOAD FILE="../../../../../../Study/Git/UR_Tutorials/PaperNinja/Content/StarterContent/Maps/Minimal_Default.umap" TEMPLATE=0 SHOWPROGRESS=1 FEATURELEVEL=3
[2017.12.13-06.30.18:361][  0]LightingResults: New page: 라이팅 빌드
[2017.12.13-06.30.18:408][  0]MapCheck: New page: 맵 체크
[2017.12.13-06.30.18:409][  0]LightingResults: New page: 라이팅 빌드
[2017.12.13-06.30.18:707][  0]LogAIModule: Creating AISystem for world Minimal_Default
[2017.12.13-06.30.18:714][  0]LogEditorServer: Finished looking for orphan Actors (0.000 secs)
[2017.12.13-06.30.18:724][  0]Cmd: MAP CHECKDEP NOCLEARLOG
[2017.12.13-06.30.18:772][  0]MapCheck: 맵 체크 완료: 오류 0 회, 경고 0 회, 소요 시간 48.425ms.
[2017.12.13-06.30.18:772][  0]LogFileHelpers: Loading map 'Minimal_Default' took 0.411
[2017.12.13-06.30.18:844][  0]LogWindowsTextInputMethodSystem: Display: IME system now activated using TSF (Microsoft 입력기).
[2017.12.13-06.30.18:926][  0]LogCollectionManager: Loaded 0 collections in 0.001260 seconds
[2017.12.13-06.30.19:021][  0]LogFileCache: Scanning file cache for directory 'C:/Study/Git/UR_Tutorials/PaperNinja/Saved/Collections/' took 0.01s
[2017.12.13-06.30.19:021][  0]LogFileCache: Scanning file cache for directory 'C:/Study/Git/UR_Tutorials/PaperNinja/Content/Developers/Company/Collections/' took 0.01s
[2017.12.13-06.30.19:021][  0]LogFileCache: Scanning file cache for directory 'C:/Study/Git/UR_Tutorials/PaperNinja/Content/Collections/' took 0.01s
[2017.12.13-06.30.19:021][  0]LogCollectionManager: Rebuilt the GUID cache for 0 collections in 0.000000 seconds
[2017.12.13-06.30.19:028][  0]LogContentBrowser: Native class hierarchy populated in 0.0069 seconds. Added 2363 classes and 519 folders.
[2017.12.13-06.30.19:099][  0]LogContentBrowser: Native class hierarchy updated for 'WidgetCarousel' in 0.0002 seconds. Added 0 classes and 0 folders.
[2017.12.13-06.30.19:131][  0]LogContentBrowser: Native class hierarchy updated for 'AddContentDialog' in 0.0002 seconds. Added 0 classes and 0 folders.
[2017.12.13-06.30.19:182][  0]LogContentBrowser: Native class hierarchy updated for 'SceneOutliner' in 0.0002 seconds. Added 1 classes and 2 folders.
[2017.12.13-06.30.19:236][  0]LogSlate: Took 0.000235 seconds to synchronously load lazily loaded font '../../../Engine/Content/Slate/Fonts/Roboto-Regular.ttf' (155K)
[2017.12.13-06.30.19:242][  0]LogSlate: Took 0.003773 seconds to synchronously load lazily loaded font '../../../Engine/Content/Slate/Fonts/NanumGothic.ttf' (4243K)
[2017.12.13-06.30.19:244][  0]LogSlate: Took 0.000195 seconds to synchronously load lazily loaded font '../../../Engine/Content/Slate/Fonts/Roboto-Bold.ttf' (160K)
[2017.12.13-06.30.19:247][  0]LogSlate: Took 0.000198 seconds to synchronously load lazily loaded font '../../../Engine/Content/Editor/Slate/Fonts/FontAwesome.ttf' (139K)
[2017.12.13-06.30.19:332][  0]LogRenderer: Reallocating scene render targets to support 1212x576 Format 10 NumSamples 1 (Frame:1).
[2017.12.13-06.30.19:518][  0]LogContentBrowser: Native class hierarchy updated for 'HierarchicalLODOutliner' in 0.0002 seconds. Added 1 classes and 2 folders.
[2017.12.13-06.30.19:518][  0]LogLoad: (Engine Initialization) Total time: 19.15 seconds
[2017.12.13-06.30.19:518][  0]LogLoad: (Engine Initialization) Total Blueprint compile time: 0.00 seconds
[2017.12.13-06.30.19:518][  0]LogExternalProfiler: Found external profiler: VSPerf
[2017.12.13-06.30.19:518][  0]LogExternalProfiler: Using external profiler: VSPerf
[2017.12.13-06.30.19:558][  0]LogAssetRegistry: Asset discovery search completed in 12.3279 seconds
[2017.12.13-06.30.19:560][  0]LogCollectionManager: Rebuilt the object cache for 0 collections in 0.000000 seconds (found 0 objects)
[2017.12.13-06.30.19:560][  0]LogCollectionManager: Fixed up redirectors for 0 collections in 0.000034 seconds (updated 0 objects)
[2017.12.13-06.30.19:561][  0]LogContentStreaming: Texture pool size now 1000 MB
[2017.12.13-06.30.19:603][  0]LogSlate: Took 0.000186 seconds to synchronously load lazily loaded font '../../../Engine/Content/Slate/Fonts/Roboto-Light.ttf' (159K)
[2017.12.13-06.30.25:725][656]Cmd: MAP LOAD FILE="../../../../../../Study/Git/UR_Tutorials/PaperNinja/Content/Maps/Stage01/PNStage01_Top.umap" TEMPLATE=0 SHOWPROGRESS=1 FEATURELEVEL=3
[2017.12.13-06.30.25:733][656]LogSlate: Took 0.000134 seconds to synchronously load lazily loaded font '../../../Engine/Content/Slate/Fonts/Roboto-Light.ttf' (159K)
[2017.12.13-06.30.25:742][656]LightingResults: New page: 라이팅 빌드
[2017.12.13-06.30.25:743][656]LoadErrors: New page: 맵 로드중: PNStage01_Top.umap
[2017.12.13-06.30.25:745][656]MapCheck: New page: 맵 체크
[2017.12.13-06.30.25:745][656]LightingResults: New page: 라이팅 빌드
[2017.12.13-06.30.25:760][656]LogAIModule: Creating AISystem for world PNStage01_Top
[2017.12.13-06.30.25:814][656]LogEditorServer: Finished looking for orphan Actors (0.000 secs)
[2017.12.13-06.30.25:838][656]Cmd: MAP CHECKDEP NOCLEARLOG
[2017.12.13-06.30.25:888][656]MapCheck: 맵 체크 완료: 오류 0 회, 경고 0 회, 소요 시간 50.879ms.
[2017.12.13-06.30.25:888][656]LogFileHelpers: Loading map 'PNStage01_Top' took 0.165
[2017.12.13-06.30.40:072][353]LogEditorViewport: Clicking on Actor (LMB): PlayerStart (PlayerStart)
[2017.12.13-06.32.26:045][ 43]Cmd: BRUSH ADD SELECTNEWBRUSH
[2017.12.13-06.43.33:875][ 95]Cmd: BRUSH ADD SELECTNEWBRUSH
[2017.12.13-06.45.04:643][954]LogSlate: Took 0.000205 seconds to synchronously load lazily loaded font '../../../Engine/Content/Slate/Fonts/Roboto-Light.ttf' (159K)
[2017.12.13-06.45.13:700][ 29]LogSavePackage: Save=54.03ms
[2017.12.13-06.45.13:700][ 29]LogSavePackage: Moving '../../../../../../Study/Git/UR_Tutorials/PaperNinja/Saved/PNStage01_Top_Auto1A35378A6403C6D10B9CD7B92A34F7009.tmp' to '../../../../../../Study/Git/UR_Tutorials/PaperNinja/Saved/Autosaves/Game/Maps/Stage01/PNStage01_Top_Auto1.umap'
[2017.12.13-06.45.13:703][ 29]LogSavePackage: Display: Finished SavePackage ../../../../../../Study/Git/UR_Tutorials/PaperNinja/Saved/Autosaves/Game/Maps/Stage01/PNStage01_Top_Auto1.umap
[2017.12.13-06.45.13:705][ 29]LogFileHelpers: Editor autosave (incl. sublevels) for '/Game/Maps/Stage01/PNStage01_Top' took 0.074
[2017.12.13-06.45.13:705][ 29]LogFileHelpers: Editor autosave (incl. sublevels) for all levels took 0.074
[2017.12.13-06.46.17:044][620]LogEditorViewport: Clicking Background
[2017.12.13-06.46.17:590][685]LogEditorViewport: Clicking Background
[2017.12.13-06.46.18:566][802]LogEditorViewport: Clicking Background
[2017.12.13-06.46.19:058][861]LogEditorViewport: Clicking on Actor (LMB): Brush (SecondTurnnelBrush)
[2017.12.13-06.46.20:832][ 71]LogEditorViewport: Clicking on Actor (LMB): Brush (SecondWallBrush)
[2017.12.13-06.50.30:414][358]LogActorComponent: UnregisterComponent: (/Engine/Transient.SphereBrushComponent) Not registered. Aborting.
[2017.12.13-06.50.33:141][682]LogActorComponent: UnregisterComponent: (/Engine/Transient.SphereBrushComponent) Not registered. Aborting.
[2017.12.13-06.53.24:603][912]LogGeometryMode: Warning: Unable to find SecondWallBrush Brush(s) in new BSP
[2017.12.13-06.53.24:603][912]LogGeometryMode: Warning: Unable to find all previously selected geometry data, resetting selection
[2017.12.13-06.53.25:681][ 38]Cmd: SELECT NONE
[2017.12.13-06.55.18:645][495]LogSavePackage: Save=55.62ms
[2017.12.13-06.55.18:645][495]LogSavePackage: Moving '../../../../../../Study/Git/UR_Tutorials/PaperNinja/Saved/PNStage01_Top_Auto21AA58DA64E9AA1900A7DE5BA63522B83.tmp' to '../../../../../../Study/Git/UR_Tutorials/PaperNinja/Saved/Autosaves/Game/Maps/Stage01/PNStage01_Top_Auto2.umap'
[2017.12.13-06.55.18:648][495]LogSavePackage: Display: Finished SavePackage ../../../../../../Study/Git/UR_Tutorials/PaperNinja/Saved/Autosaves/Game/Maps/Stage01/PNStage01_Top_Auto2.umap
[2017.12.13-06.55.18:650][495]LogFileHelpers: Editor autosave (incl. sublevels) for '/Game/Maps/Stage01/PNStage01_Top' took 0.074
[2017.12.13-06.55.18:650][495]LogFileHelpers: Editor autosave (incl. sublevels) for all levels took 0.074
[2017.12.13-07.01.20:769][934]LogGeometryMode: Warning: Unable to find SecondWallBrush Brush(s) in new BSP
[2017.12.13-07.01.20:769][934]LogGeometryMode: Warning: Unable to find all previously selected geometry data, resetting selection
[2017.12.13-07.02.02:989][990]LogEditorViewport: Clicking Background
[2017.12.13-07.02.05:876][331]LogPlayLevel: PlayLevel: No blueprints needed recompiling
[2017.12.13-07.02.05:876][331]PIE: New page: PIE 세션: PNStage01_Top (2017. 12. 14. 오전 1:02:05)
[2017.12.13-07.02.05:877][331]LogPlayLevel: Creating play world package: /Game/Maps/Stage01/UEDPIE_0_PNStage01_Top
[2017.12.13-07.02.05:879][331]LogPlayLevel: PIE: StaticDuplicateObject took: (0.002515s)
[2017.12.13-07.02.05:880][331]LogAIModule: Creating AISystem for world PNStage01_Top
[2017.12.13-07.02.05:880][331]LogPlayLevel: PIE: World Init took: (0.000659s)
[2017.12.13-07.02.05:880][331]LogPlayLevel: PIE: Created PIE world by copying editor world from /Game/Maps/Stage01/PNStage01_Top.PNStage01_Top to /Game/Maps/Stage01/UEDPIE_0_PNStage01_Top.PNStage01_Top (0.003477s)
[2017.12.13-07.02.05:924][331]LogInit: XAudio2 using 'LG IPS FULLHD-0(NVIDIA High Definition Audio)' : 2 channels at 48 kHz using 16 bits per sample (channel mask 0x3)
[2017.12.13-07.02.05:936][331]LogInit: FAudioDevice initialized.
[2017.12.13-07.02.05:977][331]LogLoad: Game class is 'GameModeBase'
[2017.12.13-07.02.05:979][331]LogWorld: Bringing World /Game/Maps/Stage01/UEDPIE_0_PNStage01_Top.PNStage01_Top up for play (max tick rate 0) at 2017.12.13-16.02.05
[2017.12.13-07.02.05:979][331]LogWorld: Bringing up level for play took: 0.000826
[2017.12.13-07.02.06:023][331]LogContentBrowser: Native class hierarchy updated for 'MovieSceneCapture' in 0.0003 seconds. Added 11 classes and 0 folders.
[2017.12.13-07.02.06:024][331]PIE: /Game/Maps/Stage01/UEDPIE_0_PNStage01_Top 에 대한 에디터에서 플레이 시작 시간: 0.978
[2017.12.13-07.03.02:775][128]LogEditorViewport: Clicking Background
[2017.12.13-07.03.06:461][569]LogTemp: Repeating last play command: 선택된 뷰포트
[2017.12.13-07.03.06:470][569]LogPlayLevel: PlayLevel: No blueprints needed recompiling
[2017.12.13-07.03.06:470][569]PIE: New page: PIE 세션: PNStage01_Top (2017. 12. 14. 오전 1:03:06)
[2017.12.13-07.03.06:470][569]LogPlayLevel: Creating play world package: /Game/Maps/Stage01/UEDPIE_0_PNStage01_Top
[2017.12.13-07.03.06:472][569]LogPlayLevel: PIE: StaticDuplicateObject took: (0.002056s)
[2017.12.13-07.03.06:473][569]LogAIModule: Creating AISystem for world PNStage01_Top
[2017.12.13-07.03.06:473][569]LogPlayLevel: PIE: World Init took: (0.000495s)
[2017.12.13-07.03.06:473][569]LogPlayLevel: PIE: Created PIE world by copying editor world from /Game/Maps/Stage01/PNStage01_Top.PNStage01_Top to /Game/Maps/Stage01/UEDPIE_0_PNStage01_Top.PNStage01_Top (0.002786s)
[2017.12.13-07.03.06:508][569]LogInit: XAudio2 using 'LG IPS FULLHD-0(NVIDIA High Definition Audio)' : 2 channels at 48 kHz using 16 bits per sample (channel mask 0x3)
[2017.12.13-07.03.06:519][569]LogInit: FAudioDevice initialized.
[2017.12.13-07.03.06:550][569]LogLoad: Game class is 'GameModeBase'
[2017.12.13-07.03.06:552][569]LogWorld: Bringing World /Game/Maps/Stage01/UEDPIE_0_PNStage01_Top.PNStage01_Top up for play (max tick rate 0) at 2017.12.13-16.03.06
[2017.12.13-07.03.06:552][569]LogWorld: Bringing up level for play took: 0.000517
[2017.12.13-07.03.06:553][569]PIE: /Game/Maps/Stage01/UEDPIE_0_PNStage01_Top 에 대한 에디터에서 플레이 시작 시간: -0.494
[2017.12.13-07.04.28:509][393]LogPlayLevel: PlayLevel: No blueprints needed recompiling
[2017.12.13-07.04.28:509][393]PIE: New page: PIE 세션: PNStage01_Top (2017. 12. 14. 오전 1:04:28)
[2017.12.13-07.04.28:509][393]LogPlayLevel: Creating play world package: /Game/Maps/Stage01/UEDPIE_0_PNStage01_Top
[2017.12.13-07.04.28:512][393]LogPlayLevel: PIE: StaticDuplicateObject took: (0.002839s)
[2017.12.13-07.04.28:513][393]LogAIModule: Creating AISystem for world PNStage01_Top
[2017.12.13-07.04.28:513][393]LogPlayLevel: PIE: World Init took: (0.000552s)
[2017.12.13-07.04.28:513][393]LogPlayLevel: PIE: Created PIE world by copying editor world from /Game/Maps/Stage01/PNStage01_Top.PNStage01_Top to /Game/Maps/Stage01/UEDPIE_0_PNStage01_Top.PNStage01_Top (0.003762s)
[2017.12.13-07.04.28:549][393]LogInit: XAudio2 using 'LG IPS FULLHD-0(NVIDIA High Definition Audio)' : 2 channels at 48 kHz using 16 bits per sample (channel mask 0x3)
[2017.12.13-07.04.28:560][393]LogInit: FAudioDevice initialized.
[2017.12.13-07.04.28:615][393]LogLoad: Game class is 'GameModeBase'
[2017.12.13-07.04.28:617][393]LogWorld: Bringing World /Game/Maps/Stage01/UEDPIE_0_PNStage01_Top.PNStage01_Top up for play (max tick rate 0) at 2017.12.13-16.04.28
[2017.12.13-07.04.28:617][393]LogWorld: Bringing up level for play took: 0.000554
[2017.12.13-07.04.28:621][393]PIE: /Game/Maps/Stage01/UEDPIE_0_PNStage01_Top 에 대한 에디터에서 플레이 시작 시간: -0.426
[2017.12.13-07.04.28:645][393]LogRenderer: Reallocating scene render targets to support 1292x756 Format 10 NumSamples 1 (Frame:1).
[2017.12.13-07.04.59:636][ 29]LogEditorViewport: Clicking Background
[2017.12.13-07.05.00:014][ 74]Cmd: SELECT NONE
[2017.12.13-07.05.12:699][593]LogTemp: Repeating last play command: 새 에디터 창 (PIE)
[2017.12.13-07.05.12:707][593]LogPlayLevel: PlayLevel: No blueprints needed recompiling
[2017.12.13-07.05.12:707][593]PIE: New page: PIE 세션: PNStage01_Top (2017. 12. 14. 오전 1:05:12)
[2017.12.13-07.05.12:707][593]LogPlayLevel: Creating play world package: /Game/Maps/Stage01/UEDPIE_0_PNStage01_Top
[2017.12.13-07.05.12:709][593]LogPlayLevel: PIE: StaticDuplicateObject took: (0.002031s)
[2017.12.13-07.05.12:709][593]LogAIModule: Creating AISystem for world PNStage01_Top
[2017.12.13-07.05.12:709][593]LogPlayLevel: PIE: World Init took: (0.000438s)
[2017.12.13-07.05.12:710][593]LogPlayLevel: PIE: Created PIE world by copying editor world from /Game/Maps/Stage01/PNStage01_Top.PNStage01_Top to /Game/Maps/Stage01/UEDPIE_0_PNStage01_Top.PNStage01_Top (0.002772s)
[2017.12.13-07.05.12:745][593]LogInit: XAudio2 using 'LG IPS FULLHD-0(NVIDIA High Definition Audio)' : 2 channels at 48 kHz using 16 bits per sample (channel mask 0x3)
[2017.12.13-07.05.12:756][593]LogInit: FAudioDevice initialized.
[2017.12.13-07.05.12:830][593]LogLoad: Game class is 'GameModeBase'
[2017.12.13-07.05.12:833][593]LogWorld: Bringing World /Game/Maps/Stage01/UEDPIE_0_PNStage01_Top.PNStage01_Top up for play (max tick rate 0) at 2017.12.13-16.05.12
[2017.12.13-07.05.12:833][593]LogWorld: Bringing up level for play took: 0.001326
[2017.12.13-07.05.12:841][593]PIE: /Game/Maps/Stage01/UEDPIE_0_PNStage01_Top 에 대한 에디터에서 플레이 시작 시간: -0.205
[2017.12.13-07.05.32:176][896]LogEditorViewport: Clicking on Actor (LMB): DirectionalLight (DirectionalLight)
[2017.12.13-07.05.45:327][449]LogTemp: Repeating last play command: 새 에디터 창 (PIE)
[2017.12.13-07.05.45:335][449]LogPlayLevel: PlayLevel: No blueprints needed recompiling
[2017.12.13-07.05.45:335][449]PIE: New page: PIE 세션: PNStage01_Top (2017. 12. 14. 오전 1:05:45)
[2017.12.13-07.05.45:335][449]LogPlayLevel: Creating play world package: /Game/Maps/Stage01/UEDPIE_0_PNStage01_Top
[2017.12.13-07.05.45:337][449]LogPlayLevel: PIE: StaticDuplicateObject took: (0.001991s)
[2017.12.13-07.05.45:337][449]LogAIModule: Creating AISystem for world PNStage01_Top
[2017.12.13-07.05.45:337][449]LogPlayLevel: PIE: World Init took: (0.000475s)
[2017.12.13-07.05.45:337][449]LogPlayLevel: PIE: Created PIE world by copying editor world from /Game/Maps/Stage01/PNStage01_Top.PNStage01_Top to /Game/Maps/Stage01/UEDPIE_0_PNStage01_Top.PNStage01_Top (0.002647s)
[2017.12.13-07.05.45:372][449]LogInit: XAudio2 using 'LG IPS FULLHD-0(NVIDIA High Definition Audio)' : 2 channels at 48 kHz using 16 bits per sample (channel mask 0x3)
[2017.12.13-07.05.45:384][449]LogInit: FAudioDevice initialized.
[2017.12.13-07.05.45:435][449]LogLoad: Game class is 'GameModeBase'
[2017.12.13-07.05.45:436][449]LogWorld: Bringing World /Game/Maps/Stage01/UEDPIE_0_PNStage01_Top.PNStage01_Top up for play (max tick rate 0) at 2017.12.13-16.05.45
[2017.12.13-07.05.45:436][449]LogWorld: Bringing up level for play took: 0.000606
[2017.12.13-07.05.45:440][449]PIE: /Game/Maps/Stage01/UEDPIE_0_PNStage01_Top 에 대한 에디터에서 플레이 시작 시간: 0.394
[2017.12.13-07.06.36:481][ 61]LogSavePackage: Save=61.14ms
[2017.12.13-07.06.36:481][ 61]LogSavePackage: Moving '../../../../../../Study/Git/UR_Tutorials/PaperNinja/Saved/PNStage01_Top641862E94873C11FCA22E6B3C0C64B8B.tmp' to '../../../../../../Study/Git/UR_Tutorials/PaperNinja/Content/Maps/Stage01/PNStage01_Top.umap'
[2017.12.13-07.06.36:487][ 61]LogSavePackage: Display: Finished SavePackage ../../../../../../Study/Git/UR_Tutorials/PaperNinja/Content/Maps/Stage01/PNStage01_Top.umap
[2017.12.13-07.06.36:500][ 61]LogFileHelpers: Saving map 'PNStage01_Top' took 0.147
[2017.12.13-07.15.17:439][658]LogWindowsTextInputMethodSystem: Display: IME system now activated using TSF (Microsoft 입력기).
[2017.12.13-07.15.17:607][659]Cmd: QUIT_EDITOR
[2017.12.13-07.15.17:749][659]LogExit: Preparing to exit.
[2017.12.13-07.15.18:569][659]LogDirectoryWatcher: A directory notification for 'C:/Study/Git/UR_Tutorials/PaperNinja/Content/' was aborted.
[2017.12.13-07.15.18:584][659]LogExit: Editor shut down
[2017.12.13-07.15.18:591][659]LogExit: Transaction tracking system shut down
[2017.12.13-07.15.18:781][659]LogDirectoryWatcher: A directory notification for '../../../Engine/Content/' was aborted.
[2017.12.13-07.15.18:781][659]LogDirectoryWatcher: A directory notification for '../../../../../../Study/Git/UR_Tutorials/PaperNinja/Content/' was aborted.
[2017.12.13-07.15.18:781][659]LogDirectoryWatcher: A directory notification for '../../../Engine/Plugins/2D/Paper2D/Content/' was aborted.
[2017.12.13-07.15.18:781][659]LogDirectoryWatcher: A directory notification for '../../../Engine/Plugins/Media/MediaCompositing/Content/' was aborted.
[2017.12.13-07.15.18:781][659]LogDirectoryWatcher: A directory notification for '../../../Engine/Plugins/Runtime/AppleARKit/Content/' was aborted.
[2017.12.13-07.15.18:781][659]LogDirectoryWatcher: A directory notification for '../../../Engine/Plugins/Runtime/Oculus/OculusVR/Content/' was aborted.
[2017.12.13-07.15.18:781][659]LogDirectoryWatcher: A directory notification for '../../../Engine/Plugins/Runtime/Steam/SteamVR/Content/' was aborted.
[2017.12.13-07.15.18:813][659]LogExit: Object subsystem successfully closed.
[2017.12.13-07.15.18:838][659]LogD3D11RHI: Shutdown
[2017.12.13-07.15.18:838][659]LogD3D11RHI: CleanupD3DDevice
[2017.12.13-07.15.18:840][659]LogD3D11RHI: ~FD3D11DynamicRHI
[2017.12.13-07.15.18:857][659]LogModuleManager: Shutting down and abandoning module MovieSceneCapture (550)
[2017.12.13-07.15.18:857][659]LogModuleManager: Shutting down and abandoning module HierarchicalLODOutliner (548)
[2017.12.13-07.15.18:857][659]LogModuleManager: Shutting down and abandoning module SceneOutliner (546)
[2017.12.13-07.15.18:857][659]LogModuleManager: Shutting down and abandoning module AddContentDialog (544)
[2017.12.13-07.15.18:857][659]LogDirectoryWatcher: A directory notification for 'C:/Program Files/Epic Games/UE_4.18/FeaturePacks/' was aborted.
[2017.12.13-07.15.18:859][659]LogModuleManager: Shutting down and abandoning module WidgetCarousel (543)
[2017.12.13-07.15.18:859][659]LogModuleManager: Shutting down and abandoning module EditorWidgets (540)
[2017.12.13-07.15.18:859][659]LogModuleManager: Shutting down and abandoning module CollectionManager (538)
[2017.12.13-07.15.18:859][659]LogDirectoryWatcher: A directory notification for 'C:/Study/Git/UR_Tutorials/PaperNinja/Content/Collections/' was aborted.
[2017.12.13-07.15.18:859][659]LogDirectoryWatcher: A directory notification for 'C:/Study/Git/UR_Tutorials/PaperNinja/Content/Developers/Company/Collections/' was aborted.
[2017.12.13-07.15.18:859][659]LogDirectoryWatcher: A directory notification for 'C:/Study/Git/UR_Tutorials/PaperNinja/Saved/Collections/' was aborted.
[2017.12.13-07.15.18:859][659]LogModuleManager: Shutting down and abandoning module StatsViewer (536)
[2017.12.13-07.15.18:859][659]LogModuleManager: Shutting down and abandoning module FoliageEdit (534)
[2017.12.13-07.15.18:859][659]LogModuleManager: Shutting down and abandoning module LandscapeEditor (532)
[2017.12.13-07.15.18:859][659]LogModuleManager: Shutting down and abandoning module MeshPaintMode (530)
[2017.12.13-07.15.18:859][659]LogModuleManager: Shutting down and abandoning module SceneDepthPickerMode (528)
[2017.12.13-07.15.18:859][659]LogModuleManager: Shutting down and abandoning module ActorPickerMode (526)
[2017.12.13-07.15.18:859][659]LogModuleManager: Shutting down and abandoning module GeometryMode (524)
[2017.12.13-07.15.18:860][659]LogModuleManager: Shutting down and abandoning module TextureAlignMode (522)
[2017.12.13-07.15.18:860][659]LogModuleManager: Shutting down and abandoning module BspMode (520)
[2017.12.13-07.15.18:860][659]LogModuleManager: Shutting down and abandoning module PIEPreviewDeviceProfileSelector (518)
[2017.12.13-07.15.18:860][659]LogModuleManager: Shutting down and abandoning module HardwareSurvey (516)
[2017.12.13-07.15.18:860][659]LogModuleManager: Shutting down and abandoning module SequenceRecorderSections (514)
[2017.12.13-07.15.18:860][659]LogModuleManager: Shutting down and abandoning module AutomationWorker (512)
[2017.12.13-07.15.18:860][659]LogModuleManager: Shutting down and abandoning module MatineeToLevelSequence (510)
[2017.12.13-07.15.18:860][659]LogModuleManager: Shutting down and abandoning module LevelSequenceEditor (508)
[2017.12.13-07.15.18:860][659]LogModuleManager: Shutting down and abandoning module PlacementMode (507)
[2017.12.13-07.15.18:860][659]LogModuleManager: Shutting down and abandoning module WmfMediaFactory (504)
[2017.12.13-07.15.18:860][659]LogModuleManager: Shutting down and abandoning module WmfMediaEditor (502)
[2017.12.13-07.15.18:860][659]LogModuleManager: Shutting down and abandoning module OpenExrWrapper (500)
[2017.12.13-07.15.18:860][659]LogModuleManager: Shutting down and abandoning module ImgMediaFactory (498)
[2017.12.13-07.15.18:860][659]LogModuleManager: Shutting down and abandoning module ImgMediaEditor (496)
[2017.12.13-07.15.18:860][659]LogModuleManager: Shutting down and abandoning module AvfMediaFactory (494)
[2017.12.13-07.15.18:860][659]LogModuleManager: Shutting down and abandoning module AvfMediaEditor (492)
[2017.12.13-07.15.18:860][659]LogModuleManager: Shutting down and abandoning module AndroidMediaFactory (490)
[2017.12.13-07.15.18:860][659]LogModuleManager: Shutting down and abandoning module AndroidMediaEditor (488)
[2017.12.13-07.15.18:860][659]LogModuleManager: Shutting down and abandoning module CharacterAI (486)
[2017.12.13-07.15.18:860][659]LogModuleManager: Shutting down and abandoning module AudioCapture (484)
[2017.12.13-07.15.18:860][659]LogModuleManager: Shutting down and abandoning module SequenceRecorder (483)
[2017.12.13-07.15.18:860][659]LogModuleManager: Shutting down and abandoning module SmartSnapping (480)
[2017.12.13-07.15.18:860][659]LogModuleManager: Shutting down and abandoning module SessionServices (478)
[2017.12.13-07.15.18:860][659]LogModuleManager: Shutting down and abandoning module ViewportSnapping (476)
[2017.12.13-07.15.18:860][659]LogModuleManager: Shutting down and abandoning module ViewportInteraction (474)
[2017.12.13-07.15.18:861][659]LogModuleManager: Shutting down and abandoning module ClothPainter (472)
[2017.12.13-07.15.18:861][659]LogModuleManager: Shutting down and abandoning module SkeletalMeshEditor (471)
[2017.12.13-07.15.18:861][659]LogModuleManager: Shutting down and abandoning module LogVisualizer (468)
[2017.12.13-07.15.18:861][659]LogModuleManager: Shutting down and abandoning module IntroTutorials (466)
[2017.12.13-07.15.18:861][659]LogModuleManager: Shutting down and abandoning module GameProjectGeneration (465)
[2017.12.13-07.15.18:861][659]LogModuleManager: Shutting down and abandoning module IOSPlatformEditor (462)
[2017.12.13-07.15.18:861][659]LogModuleManager: Shutting down and abandoning module HTML5PlatformEditor (460)
[2017.12.13-07.15.18:861][659]LogModuleManager: Shutting down and abandoning module AndroidPlatformEditor (458)
[2017.12.13-07.15.18:861][659]LogModuleManager: Shutting down and abandoning module AndroidDeviceDetection (457)
[2017.12.13-07.15.19:273][659]LogModuleManager: Shutting down and abandoning module WindowsPlatformEditor (454)
[2017.12.13-07.15.19:273][659]LogModuleManager: Shutting down and abandoning module IOSRuntimeSettings (452)
[2017.12.13-07.15.19:273][659]LogModuleManager: Shutting down and abandoning module AndroidRuntimeSettings (450)
[2017.12.13-07.15.19:273][659]LogModuleManager: Shutting down and abandoning module InputBindingEditor (448)
[2017.12.13-07.15.19:273][659]LogModuleManager: Shutting down and abandoning module MergeActors (446)
[2017.12.13-07.15.19:273][659]LogModuleManager: Shutting down and abandoning module SizeMap (444)
[2017.12.13-07.15.19:273][659]LogModuleManager: Shutting down and abandoning module TreeMap (442)
[2017.12.13-07.15.19:273][659]LogModuleManager: Shutting down and abandoning module ReferenceViewer (440)
[2017.12.13-07.15.19:274][659]LogModuleManager: Shutting down and abandoning module LocalizationDashboard (438)
[2017.12.13-07.15.19:274][659]LogModuleManager: Shutting down and abandoning module LocalizationService (437)
[2017.12.13-07.15.19:274][659]LogModuleManager: Shutting down and abandoning module HardwareTargeting (434)
[2017.12.13-07.15.19:274][659]LogModuleManager: Shutting down and abandoning module DeviceProfileEditor (432)
[2017.12.13-07.15.19:274][659]LogModuleManager: Shutting down and abandoning module UndoHistory (430)
[2017.12.13-07.15.19:274][659]LogModuleManager: Shutting down and abandoning module XmlParser (428)
[2017.12.13-07.15.19:274][659]LogModuleManager: Shutting down and abandoning module Blutility (426)
[2017.12.13-07.15.19:274][659]LogModuleManager: Shutting down and abandoning module ProjectSettingsViewer (424)
[2017.12.13-07.15.19:274][659]LogModuleManager: Shutting down and abandoning module ProjectTargetPlatformEditor (423)
[2017.12.13-07.15.19:275][659]LogModuleManager: Shutting down and abandoning module EditorSettingsViewer (420)
[2017.12.13-07.15.19:275][659]LogModuleManager: Shutting down and abandoning module SettingsEditor (418)
[2017.12.13-07.15.19:275][659]LogModuleManager: Shutting down and abandoning module ProjectLauncher (416)
[2017.12.13-07.15.19:275][659]LogModuleManager: Shutting down and abandoning module SessionFrontend (414)
[2017.12.13-07.15.19:275][659]LogModuleManager: Shutting down and abandoning module ProfilerClient (412)
[2017.12.13-07.15.19:276][659]LogModuleManager: Shutting down and abandoning module DeviceManager (410)
[2017.12.13-07.15.19:276][659]LogModuleManager: Shutting down and abandoning module TargetDeviceServices (409)
[2017.12.13-07.15.19:331][659]LogModuleManager: Shutting down and abandoning module AutomationController (406)
[2017.12.13-07.15.19:331][659]LogModuleManager: Shutting down and abandoning module AutomationWindow (404)
[2017.12.13-07.15.19:331][659]LogModuleManager: Shutting down and abandoning module Layers (402)
[2017.12.13-07.15.19:331][659]LogModuleManager: Shutting down and abandoning module ComponentVisualizers (400)
[2017.12.13-07.15.19:331][659]LogModuleManager: Shutting down and abandoning module DetailCustomizations (398)
[2017.12.13-07.15.19:331][659]LogModuleManager: Shutting down and abandoning module PackagesDialog (396)
[2017.12.13-07.15.19:332][659]LogModuleManager: Shutting down and abandoning module Persona (394)
[2017.12.13-07.15.19:332][659]LogModuleManager: Shutting down and abandoning module AdvancedPreviewScene (393)
[2017.12.13-07.15.19:332][659]LogModuleManager: Shutting down and abandoning module AnimGraph (391)
[2017.12.13-07.15.19:332][659]LogModuleManager: Shutting down and abandoning module Kismet (388)
[2017.12.13-07.15.19:333][659]LogModuleManager: Shutting down and abandoning module ClassViewer (386)
[2017.12.13-07.15.19:333][659]LogModuleManager: Shutting down and abandoning module Toolbox (384)
[2017.12.13-07.15.19:333][659]LogModuleManager: Shutting down and abandoning module ModuleUI (382)
[2017.12.13-07.15.19:333][659]LogModuleManager: Shutting down and abandoning module MovieSceneTools (380)
[2017.12.13-07.15.19:333][659]LogModuleManager: Shutting down and abandoning module OutputLog (378)
[2017.12.13-07.15.19:333][659]LogModuleManager: Shutting down and abandoning module GammaUI (376)
[2017.12.13-07.15.19:333][659]LogModuleManager: Shutting down and abandoning module Documentation (374)
[2017.12.13-07.15.19:334][659]LogModuleManager: Shutting down and abandoning module MovieSceneTracks (372)
[2017.12.13-07.15.19:334][659]LogModuleManager: Shutting down and abandoning module MovieScene (370)
[2017.12.13-07.15.19:334][659]LogModuleManager: Shutting down and abandoning module StreamingPauseRendering (368)
[2017.12.13-07.15.19:334][659]LogModuleManager: Shutting down and abandoning module LauncherPlatform (366)
[2017.12.13-07.15.19:334][659]LogModuleManager: Shutting down and abandoning module AnalyticsET (364)
[2017.12.13-07.15.19:334][659]LogModuleManager: Shutting down and abandoning module PortalServices (362)
[2017.12.13-07.15.19:334][659]LogModuleManager: Shutting down and abandoning module PortalRpc (360)
[2017.12.13-07.15.19:334][659]LogModuleManager: Shutting down and abandoning module MessagingRpc (358)
[2017.12.13-07.15.19:334][659]LogModuleManager: Shutting down and abandoning module AIModule (356)
[2017.12.13-07.15.19:334][659]LogModuleManager: Shutting down and abandoning module GameplayDebugger (355)
[2017.12.13-07.15.19:334][659]LogModuleManager: Shutting down and abandoning module AITestSuite (353)
[2017.12.13-07.15.19:334][659]LogModuleManager: Shutting down and abandoning module DesktopPlatform (350)
[2017.12.13-07.15.19:334][659]LogModuleManager: Shutting down and abandoning module ProfilerService (348)
[2017.12.13-07.15.19:369][659]LogModuleManager: Shutting down and abandoning module TaskGraph (346)
[2017.12.13-07.15.19:369][659]LogModuleManager: Shutting down and abandoning module SteamVRController (344)
[2017.12.13-07.15.19:369][659]LogModuleManager: Shutting down and abandoning module ProceduralMeshComponentEditor (342)
[2017.12.13-07.15.19:369][659]LogModuleManager: Shutting down and abandoning module ProceduralMeshComponent (340)
[2017.12.13-07.15.19:369][659]LogModuleManager: Shutting down and abandoning module OculusInput (338)
[2017.12.13-07.15.19:369][659]LogModuleManager: Shutting down and abandoning module MobilePatchingUtils (336)
[2017.12.13-07.15.19:370][659]LogModuleManager: Shutting down and abandoning module CustomMeshComponent (334)
[2017.12.13-07.15.19:370][659]LogModuleManager: Shutting down and abandoning module CableComponent (332)
[2017.12.13-07.15.19:370][659]LogModuleManager: Shutting down and abandoning module ArchVisCharacter (330)
[2017.12.13-07.15.19:370][659]LogModuleManager: Shutting down and abandoning module AndroidPermission (328)
[2017.12.13-07.15.19:370][659]LogModuleManager: Shutting down and abandoning module ActorSequence (324)
[2017.12.13-07.15.19:370][659]LogModuleManager: Shutting down and abandoning module MediaPlayerEditor (322)
[2017.12.13-07.15.19:370][659]LogModuleManager: Shutting down and abandoning module MediaCompositingEditor (320)
[2017.12.13-07.15.19:370][659]LogModuleManager: Shutting down and abandoning module MediaCompositing (318)
[2017.12.13-07.15.19:370][659]LogModuleManager: Shutting down and abandoning module HTML5Networking (316)
[2017.12.13-07.15.19:370][659]LogModuleManager: Shutting down and abandoning module AlembicImporter (314)
[2017.12.13-07.15.19:370][659]LogModuleManager: Shutting down and abandoning module AlembicLibrary (313)
[2017.12.13-07.15.19:370][659]LogModuleManager: Shutting down and abandoning module GeometryCache (312)
[2017.12.13-07.15.19:370][659]LogModuleManager: Shutting down and abandoning module GeometryCacheEd (311)
[2017.12.13-07.15.19:370][659]LogModuleManager: Shutting down and abandoning module SpeedTreeImporter (306)
[2017.12.13-07.15.19:370][659]LogModuleManager: Shutting down and abandoning module PluginBrowser (304)
[2017.12.13-07.15.19:371][659]LogModuleManager: Shutting down and abandoning module MobileLauncherProfileWizard (302)
[2017.12.13-07.15.19:371][659]LogModuleManager: Shutting down and abandoning module VisualStudioSourceCodeAccess (300)
[2017.12.13-07.15.19:371][659]LogModuleManager: Shutting down and abandoning module VisualStudioCodeSourceCodeAccess (298)
[2017.12.13-07.15.19:371][659]LogModuleManager: Shutting down and abandoning module UObjectPlugin (296)
[2017.12.13-07.15.19:371][659]LogModuleManager: Shutting down and abandoning module SubversionSourceControl (294)
[2017.12.13-07.15.19:371][659]LogModuleManager: Shutting down and abandoning module PerforceSourceControl (292)
[2017.12.13-07.15.19:371][659]LogModuleManager: Shutting down and abandoning module GitSourceControl (290)
[2017.12.13-07.15.19:371][659]LogModuleManager: Shutting down and abandoning module SourceControl (289)
[2017.12.13-07.15.19:371][659]LogModuleManager: Shutting down and abandoning module LightPropagationVolumeEditor (286)
[2017.12.13-07.15.19:372][659]LogModuleManager: Shutting down and abandoning module PaperTiledImporter (284)
[2017.12.13-07.15.19:372][659]LogModuleManager: Shutting down and abandoning module PaperSpriteSheetImporter (282)
[2017.12.13-07.15.19:372][659]LogModuleManager: Shutting down and abandoning module Paper2DEditor (280)
[2017.12.13-07.15.19:372][659]LogModuleManager: Shutting down and abandoning module MeshPaint (279)
[2017.12.13-07.15.19:372][659]LogModuleManager: Shutting down and abandoning module LevelEditor (277)
[2017.12.13-07.15.19:375][659]LogModuleManager: Shutting down and abandoning module PixelInspectorModule (276)
[2017.12.13-07.15.19:375][659]LogModuleManager: Shutting down and abandoning module MainFrame (274)
[2017.12.13-07.15.19:375][659]LogModuleManager: Shutting down and abandoning module HotReload (273)
[2017.12.13-07.15.19:377][659]LogModuleManager: Shutting down and abandoning module RuntimePhysXCooking (268)
[2017.12.13-07.15.19:377][659]LogModuleManager: Shutting down and abandoning module PhysXVehiclesEditor (266)
[2017.12.13-07.15.19:377][659]LogModuleManager: Shutting down and abandoning module PhysXVehicles (264)
[2017.12.13-07.15.19:377][659]LogModuleManager: Shutting down and abandoning module OculusEditor (262)
[2017.12.13-07.15.19:377][659]LogModuleManager: Shutting down and abandoning module LocationServicesBPLibrary (260)
[2017.12.13-07.15.19:377][659]LogModuleManager: Shutting down and abandoning module ImmediatePhysicsEditor (258)
[2017.12.13-07.15.19:378][659]LogModuleManager: Shutting down and abandoning module ImmediatePhysics (256)
[2017.12.13-07.15.19:378][659]LogModuleManager: Shutting down and abandoning module UdpMessaging (254)
[2017.12.13-07.15.19:478][659]LogModuleManager: Shutting down and abandoning module TcpMessaging (252)
[2017.12.13-07.15.19:580][659]LogModuleManager: Shutting down and abandoning module GameplayTagsEditor (250)
[2017.12.13-07.15.19:580][659]LogModuleManager: Shutting down and abandoning module FacialAnimationEditor (248)
[2017.12.13-07.15.19:580][659]LogModuleManager: Shutting down and abandoning module FacialAnimation (246)
[2017.12.13-07.15.19:580][659]LogModuleManager: Shutting down and abandoning module AssetManagerEditor (244)
[2017.12.13-07.15.19:580][659]LogModuleManager: Shutting down and abandoning module GraphEditor (243)
[2017.12.13-07.15.19:580][659]LogModuleManager: Shutting down and abandoning module ContentBrowser (241)
[2017.12.13-07.15.19:583][659]LogModuleManager: Shutting down and abandoning module LightPropagationVolumeRuntime (238)
[2017.12.13-07.15.19:583][659]LogModuleManager: Shutting down and abandoning module Paper2D (236)
[2017.12.13-07.15.19:584][659]LogModuleManager: Shutting down and abandoning module WindowsMoviePlayer (234)
[2017.12.13-07.15.19:584][659]LogModuleManager: Shutting down and abandoning module WmfMedia (232)
[2017.12.13-07.15.19:584][659]LogModuleManager: Shutting down and abandoning module ImgMedia (230)
[2017.12.13-07.15.19:584][659]LogModuleManager: Shutting down and abandoning module PacketHandler (228)
[2017.12.13-07.15.19:584][659]LogModuleManager: Shutting down and abandoning module ClothingSystemEditor (226)
[2017.12.13-07.15.19:584][659]LogModuleManager: Shutting down and abandoning module ClothingSystemRuntime (224)
[2017.12.13-07.15.19:584][659]LogModuleManager: Shutting down and abandoning module MediaAssets (222)
[2017.12.13-07.15.19:584][659]LogModuleManager: Shutting down and abandoning module Media (221)
[2017.12.13-07.15.19:591][659]LogModuleManager: Shutting down and abandoning module Overlay (218)
[2017.12.13-07.15.19:591][659]LogModuleManager: Shutting down and abandoning module OverlayEditor (217)
[2017.12.13-07.15.19:591][659]LogModuleManager: Shutting down and abandoning module VREditor (214)
[2017.12.13-07.15.19:591][659]LogModuleManager: Shutting down and abandoning module StringTableEditor (212)
[2017.12.13-07.15.19:591][659]LogModuleManager: Shutting down and abandoning module GameplayTasksEditor (210)
[2017.12.13-07.15.19:592][659]LogModuleManager: Shutting down and abandoning module BehaviorTreeEditor (208)
[2017.12.13-07.15.19:592][659]LogModuleManager: Shutting down and abandoning module FunctionalTesting (206)
[2017.12.13-07.15.19:592][659]LogModuleManager: Shutting down and abandoning module CollisionAnalyzer (204)
[2017.12.13-07.15.19:592][659]LogModuleManager: Shutting down and abandoning module WorkspaceMenuStructure (203)
[2017.12.13-07.15.19:592][659]LogModuleManager: Shutting down and abandoning module UMG (200)
[2017.12.13-07.15.19:592][659]LogModuleManager: Shutting down and abandoning module UMGEditor (199)
[2017.12.13-07.15.19:592][659]LogModuleManager: Shutting down and abandoning module Sequencer (198)
[2017.12.13-07.15.19:592][659]LogModuleManager: Shutting down and abandoning module MessageLog (195)
[2017.12.13-07.15.19:592][659]LogModuleManager: Shutting down and abandoning module SlateReflector (190)
[2017.12.13-07.15.19:593][659]LogModuleManager: Shutting down and abandoning module Slate (188)
[2017.12.13-07.15.19:593][659]LogModuleManager: Shutting down and abandoning module EditorStyle (186)
[2017.12.13-07.15.19:601][659]LogModuleManager: Shutting down and abandoning module MRMesh (184)
[2017.12.13-07.15.19:601][659]LogModuleManager: Shutting down and abandoning module SourceCodeAccess (182)
[2017.12.13-07.15.19:601][659]LogModuleManager: Shutting down and abandoning module HeadMountedDisplay (180)
[2017.12.13-07.15.19:601][659]LogModuleManager: Shutting down and abandoning module XAudio2 (178)
[2017.12.13-07.15.19:601][659]LogModuleManager: Shutting down and abandoning module Networking (176)
[2017.12.13-07.15.19:601][659]LogModuleManager: Shutting down and abandoning module Core (172)
[2017.12.13-07.15.19:601][659]LogModuleManager: Shutting down and abandoning module LevelSequence (168)
[2017.12.13-07.15.19:601][659]LogModuleManager: Shutting down and abandoning module DirectoryWatcher (166)
[2017.12.13-07.15.19:605][659]LogModuleManager: Shutting down and abandoning module KismetCompiler (164)
[2017.12.13-07.15.19:605][659]LogModuleManager: Shutting down and abandoning module MeshUtilities (162)
[2017.12.13-07.15.19:605][659]LogModuleManager: Shutting down and abandoning module MeshMergeUtilities (161)
[2017.12.13-07.15.19:605][659]LogModuleManager: Shutting down and abandoning module MeshReductionInterface (160)
[2017.12.13-07.15.19:605][659]LogModuleManager: Shutting down and abandoning module SimplygonSwarm (159)
[2017.12.13-07.15.19:605][659]LogModuleManager: Shutting down and abandoning module SimplygonMeshReduction (157)
[2017.12.13-07.15.19:606][659]LogModuleManager: Shutting down and abandoning module QuadricMeshReduction (155)
[2017.12.13-07.15.19:606][659]LogModuleManager: Shutting down and abandoning module MaterialBaking (151)
[2017.12.13-07.15.19:606][659]LogModuleManager: Shutting down and abandoning module DerivedDataCache (148)
[2017.12.13-07.15.19:629][659]LogDerivedDataCache: Shutdown
[2017.12.13-07.15.19:629][659]LogModuleManager: Shutting down and abandoning module TargetPlatform (146)
[2017.12.13-07.15.19:629][659]LogModuleManager: Shutting down and abandoning module VulkanShaderFormat (145)
[2017.12.13-07.15.19:629][659]LogModuleManager: Shutting down and abandoning module ShaderFormatVectorVM (143)
[2017.12.13-07.15.19:630][659]LogModuleManager: Shutting down and abandoning module ShaderFormatOpenGL (141)
[2017.12.13-07.15.19:630][659]LogModuleManager: Shutting down and abandoning module ShaderFormatD3D (139)
[2017.12.13-07.15.19:630][659]LogModuleManager: Shutting down and abandoning module MetalShaderFormat (137)
[2017.12.13-07.15.19:630][659]LogModuleManager: Shutting down and abandoning module TextureFormatUncompressed (135)
[2017.12.13-07.15.19:630][659]LogModuleManager: Shutting down and abandoning module TextureFormatPVR (133)
[2017.12.13-07.15.19:630][659]LogModuleManager: Shutting down and abandoning module TextureFormatDXT (131)
[2017.12.13-07.15.19:630][659]LogModuleManager: Shutting down and abandoning module TextureFormatIntelISPCTexComp (129)
[2017.12.13-07.15.19:630][659]LogModuleManager: Shutting down and abandoning module TextureFormatASTC (127)
[2017.12.13-07.15.19:630][659]LogModuleManager: Shutting down and abandoning module ImageWrapper (126)
[2017.12.13-07.15.19:630][659]LogModuleManager: Shutting down and abandoning module TextureFormatAndroid (123)
[2017.12.13-07.15.19:630][659]LogModuleManager: Shutting down and abandoning module AudioFormatOpus (121)
[2017.12.13-07.15.19:630][659]LogModuleManager: Shutting down and abandoning module AudioFormatOgg (119)
[2017.12.13-07.15.19:630][659]LogModuleManager: Shutting down and abandoning module AudioFormatADPCM (117)
[2017.12.13-07.15.19:631][659]LogModuleManager: Shutting down and abandoning module LinuxTargetPlatform (115)
[2017.12.13-07.15.19:631][659]LogModuleManager: Shutting down and abandoning module LinuxServerTargetPlatform (113)
[2017.12.13-07.15.19:631][659]LogModuleManager: Shutting down and abandoning module LinuxNoEditorTargetPlatform (111)
[2017.12.13-07.15.19:631][659]LogModuleManager: Shutting down and abandoning module LinuxClientTargetPlatform (109)
[2017.12.13-07.15.19:631][659]LogModuleManager: Shutting down and abandoning module TVOSTargetPlatform (107)
[2017.12.13-07.15.19:631][659]LogModuleManager: Shutting down and abandoning module Messaging (105)
[2017.12.13-07.15.19:631][659]LogModuleManager: Shutting down and abandoning module IOSTargetPlatform (103)
[2017.12.13-07.15.19:631][659]LogModuleManager: Shutting down and abandoning module HTML5TargetPlatform (101)
[2017.12.13-07.15.19:631][659]LogModuleManager: Shutting down and abandoning module AndroidTargetPlatform (99)
[2017.12.13-07.15.19:631][659]LogModuleManager: Shutting down and abandoning module Android_PVRTCTargetPlatform (97)
[2017.12.13-07.15.19:631][659]LogModuleManager: Shutting down and abandoning module Android_MultiTargetPlatform (95)
[2017.12.13-07.15.19:631][659]LogModuleManager: Shutting down and abandoning module Android_ETC2TargetPlatform (93)
[2017.12.13-07.15.19:631][659]LogModuleManager: Shutting down and abandoning module Android_ETC1TargetPlatform (91)
[2017.12.13-07.15.19:631][659]LogModuleManager: Shutting down and abandoning module Android_DXTTargetPlatform (89)
[2017.12.13-07.15.19:631][659]LogModuleManager: Shutting down and abandoning module Android_ATCTargetPlatform (87)
[2017.12.13-07.15.19:631][659]LogModuleManager: Shutting down and abandoning module Android_ASTCTargetPlatform (85)
[2017.12.13-07.15.19:631][659]LogModuleManager: Shutting down and abandoning module WindowsTargetPlatform (83)
[2017.12.13-07.15.19:631][659]LogModuleManager: Shutting down and abandoning module WindowsServerTargetPlatform (81)
[2017.12.13-07.15.19:631][659]LogModuleManager: Shutting down and abandoning module WindowsNoEditorTargetPlatform (79)
[2017.12.13-07.15.19:632][659]LogModuleManager: Shutting down and abandoning module WindowsClientTargetPlatform (77)
[2017.12.13-07.15.19:632][659]LogModuleManager: Shutting down and abandoning module MacTargetPlatform (75)
[2017.12.13-07.15.19:632][659]LogModuleManager: Shutting down and abandoning module MacServerTargetPlatform (73)
[2017.12.13-07.15.19:632][659]LogModuleManager: Shutting down and abandoning module MacNoEditorTargetPlatform (71)
[2017.12.13-07.15.19:632][659]LogModuleManager: Shutting down and abandoning module MacClientTargetPlatform (69)
[2017.12.13-07.15.19:632][659]LogModuleManager: Shutting down and abandoning module AllDesktopTargetPlatform (67)
[2017.12.13-07.15.19:632][659]LogModuleManager: Shutting down and abandoning module InputCore (64)
[2017.12.13-07.15.19:632][659]LogModuleManager: Shutting down and abandoning module Settings (62)
[2017.12.13-07.15.19:632][659]LogModuleManager: Shutting down and abandoning module PhysXCooking (60)
[2017.12.13-07.15.19:632][659]LogModuleManager: Shutting down and abandoning module SteamVR (58)
[2017.12.13-07.15.19:632][659]LogModuleManager: Shutting down and abandoning module OculusHMD (56)
[2017.12.13-07.15.19:632][659]LogModuleManager: Shutting down and abandoning module ExampleDeviceProfileSelector (54)
[2017.12.13-07.15.19:632][659]LogModuleManager: Shutting down and abandoning module AppleARKit (52)
[2017.12.13-07.15.19:632][659]LogModuleManager: Shutting down and abandoning module AugmentedReality (51)
[2017.12.13-07.15.19:632][659]LogModuleManager: Shutting down and abandoning module OnlineBlueprintSupport (48)
[2017.12.13-07.15.19:632][659]LogModuleManager: Shutting down and abandoning module OnlineSubsystem (44)
[2017.12.13-07.15.19:633][659]LogModuleManager: Shutting down and abandoning module XMPP (43)
[2017.12.13-07.15.19:633][659]LogModuleManager: Shutting down and abandoning module HTTP (41)
[2017.12.13-07.15.19:633][659]LogHttp: Display: Http module shutting down, but needs to wait on 1 outstanding Http requests:
[2017.12.13-07.15.19:633][659]LogHttp: Display: 	verb=[POST] url=[https://datarouter.ol.epicgames.com/datarouter/api/v1/public/data?SessionID=%7BF85C9FF9-4C5D-208F-9D29-73A14E9FD611%7D&AppID=UEEditor.Rocket.Release&AppVersion=4.18.1-3754814%2B%2B%2BUE4%2BRelease-4.18&UserID=b14d1dca4e3f641c1fa87980689e081b%7Cef3da3658ab84f9fa9d1148bb644a2c4%7C7e1dbe60-371a-4825-b0c7-582b20044669&AppEnvironment=datacollector-binary&UploadType=eteventstream] status=Processing
[2017.12.13-07.15.19:645][659]LogModuleManager: Shutting down and abandoning module SSL (40)
[2017.12.13-07.15.19:649][659]LogModuleManager: Shutting down and abandoning module AnimationModifiers (36)
[2017.12.13-07.15.19:649][659]LogModuleManager: Shutting down and abandoning module PropertyEditor (35)
[2017.12.13-07.15.19:649][659]LogModuleManager: Shutting down and abandoning module AudioEditor (32)
[2017.12.13-07.15.19:649][659]LogModuleManager: Shutting down and abandoning module TextureCompressor (30)
[2017.12.13-07.15.19:650][659]LogModuleManager: Shutting down and abandoning module ShaderCore (28)
[2017.12.13-07.15.19:650][659]LogModuleManager: Shutting down and abandoning module Landscape (26)
[2017.12.13-07.15.19:650][659]LogModuleManager: Shutting down and abandoning module SlateRHIRenderer (24)
[2017.12.13-07.15.19:656][659]LogModuleManager: Shutting down and abandoning module OpenGLDrv (22)
[2017.12.13-07.15.19:657][659]LogModuleManager: Shutting down and abandoning module D3D11RHI (20)
[2017.12.13-07.15.19:657][659]LogModuleManager: Shutting down and abandoning module AnimGraphRuntime (18)
[2017.12.13-07.15.19:657][659]LogModuleManager: Shutting down and abandoning module Renderer (16)
[2017.12.13-07.15.19:657][659]LogModuleManager: Shutting down and abandoning module Engine (14)
[2017.12.13-07.15.19:657][659]LogModuleManager: Shutting down and abandoning module CoreUObject (12)
[2017.12.13-07.15.19:657][659]LogModuleManager: Shutting down and abandoning module NetworkFile (10)
[2017.12.13-07.15.19:657][659]LogModuleManager: Shutting down and abandoning module CookedIterativeFile (8)
[2017.12.13-07.15.19:657][659]LogModuleManager: Shutting down and abandoning module StreamingFile (6)
[2017.12.13-07.15.19:657][659]LogModuleManager: Shutting down and abandoning module SandboxFile (4)
[2017.12.13-07.15.19:657][659]LogModuleManager: Shutting down and abandoning module PakFile (2)
[2017.12.13-07.15.19:668][659]LogExit: Exiting.
[2017.12.13-07.15.19:694][659]Log file closed, 12/13/17 16:15:19
