Log file open, 12/18/17 09:25:19
LogWindows: Failed to load 'aqProf.dll' (GetLastError=126)
LogWindows: File 'aqProf.dll' does not exist
LogWindows: Failed to load 'VtuneApi.dll' (GetLastError=126)
LogWindows: File 'VtuneApi.dll' does not exist
LogWindows: Failed to load 'VtuneApi32e.dll' (GetLastError=126)
LogWindows: File 'VtuneApi32e.dll' does not exist
LogInit: Display: Running engine for game: PaperNinja
LogPlatformFile: Not using cached read wrapper
LogInit: Display: RandInit(1801151475) SRandInit(1801151475).
LogInit: Read version file with build ID '3709383'
LogInit: Overriding engine version to CL 3754814, compatible CL 3709383
LogInit: Registered custom module enumerator with build ID '3709383'
LogTaskGraph: Started task graph with 5 named threads and 14 total threads with 3 sets of task threads.
LogStats: Stats thread started at 0.241103
LogD3D11RHI: Aftermath initialized
LogModuleManager: Display: Found up-to-date module file ../../../Engine/Plugins/2D/Paper2D/Binaries/Win64/UE4Editor-Paper2D.dll (API version 3709383).
LogModuleManager: Display: Found up-to-date module file ../../../Engine/Plugins/2D/Paper2D/Binaries/Win64/UE4Editor-Paper2DEditor.dll (API version 3709383).
LogModuleManager: Display: Found up-to-date module file ../../../Engine/Plugins/2D/Paper2D/Binaries/Win64/UE4Editor-PaperSpriteSheetImporter.dll (API version 3709383).
LogModuleManager: Display: Found up-to-date module file ../../../Engine/Plugins/2D/Paper2D/Binaries/Win64/UE4Editor-PaperTiledImporter.dll (API version 3709383).
LogModuleManager: Display: Found up-to-date module file ../../../Engine/Plugins/2D/Paper2D/Binaries/Win64/UE4Editor-SmartSnapping.dll (API version 3709383).
LogModuleManager: Display: Found up-to-date module file ../../../Engine/Plugins/Blendables/LightPropagationVolume/Binaries/Win64/UE4Editor-LightPropagationVolumeRuntime.dll (API version 3709383).
LogModuleManager: Display: Found up-to-date module file ../../../Engine/Plugins/Blendables/LightPropagationVolume/Binaries/Win64/UE4Editor-LightPropagationVolumeEditor.dll (API version 3709383).
LogModuleManager: Display: Found up-to-date module file ../../../Engine/Plugins/Developer/GitSourceControl/Binaries/Win64/UE4Editor-GitSourceControl.dll (API version 3709383).
LogModuleManager: Display: Found up-to-date module file ../../../Engine/Plugins/Developer/PerforceSourceControl/Binaries/Win64/UE4Editor-PerforceSourceControl.dll (API version 3709383).
LogModuleManager: Display: Found up-to-date module file ../../../Engine/Plugins/Developer/SubversionSourceControl/Binaries/Win64/UE4Editor-SubversionSourceControl.dll (API version 3709383).
LogModuleManager: Display: Found up-to-date module file ../../../Engine/Plugins/Developer/UObjectPlugin/Binaries/Win64/UE4Editor-UObjectPlugin.dll (API version 3709383).
LogModuleManager: Display: Found up-to-date module file ../../../Engine/Plugins/Developer/VisualStudioCodeSourceCodeAccess/Binaries/Win64/UE4Editor-VisualStudioCodeSourceCodeAccess.dll (API version 3709383).
LogModuleManager: Display: Found up-to-date module file ../../../Engine/Plugins/Developer/VisualStudioSourceCodeAccess/Binaries/Win64/UE4Editor-VisualStudioSourceCodeAccess.dll (API version 3709383).
LogModuleManager: Display: Found up-to-date module file ../../../Engine/Plugins/Editor/AssetManagerEditor/Binaries/Win64/UE4Editor-AssetManagerEditor.dll (API version 3709383).
LogModuleManager: Display: Found up-to-date module file ../../../Engine/Plugins/Editor/AudioCapture/Binaries/Win64/UE4Editor-AudioCapture.dll (API version 3709383).
LogModuleManager: Display: Found up-to-date module file ../../../Engine/Plugins/Editor/FacialAnimation/Binaries/Win64/UE4Editor-FacialAnimation.dll (API version 3709383).
LogModuleManager: Display: Found up-to-date module file ../../../Engine/Plugins/Editor/FacialAnimation/Binaries/Win64/UE4Editor-FacialAnimationEditor.dll (API version 3709383).
LogModuleManager: Display: Found up-to-date module file ../../../Engine/Plugins/Editor/GameplayTagsEditor/Binaries/Win64/UE4Editor-GameplayTagsEditor.dll (API version 3709383).
LogModuleManager: Display: Found up-to-date module file ../../../Engine/Plugins/Editor/MobileLauncherProfileWizard/Binaries/Win64/UE4Editor-MobileLauncherProfileWizard.dll (API version 3709383).
LogModuleManager: Display: Found up-to-date module file ../../../Engine/Plugins/Editor/PluginBrowser/Binaries/Win64/UE4Editor-PluginBrowser.dll (API version 3709383).
LogModuleManager: Display: Found up-to-date module file ../../../Engine/Plugins/Editor/SpeedTreeImporter/Binaries/Win64/UE4Editor-SpeedTreeImporter.dll (API version 3709383).
LogModuleManager: Display: Found up-to-date module file ../../../Engine/Plugins/Experimental/AlembicImporter/Binaries/Win64/UE4Editor-AlembicImporter.dll (API version 3709383).
LogModuleManager: Display: Found up-to-date module file ../../../Engine/Plugins/Experimental/AlembicImporter/Binaries/Win64/UE4Editor-AlembicLibrary.dll (API version 3709383).
LogModuleManager: Display: Found up-to-date module file ../../../Engine/Plugins/Experimental/CharacterAI/Binaries/Win64/UE4Editor-CharacterAI.dll (API version 3709383).
LogModuleManager: Display: Found up-to-date module file ../../../Engine/Plugins/Experimental/HTML5Networking/Binaries/Win64/UE4Editor-HTML5Networking.dll (API version 3709383).
LogModuleManager: Display: Found up-to-date module file ../../../Engine/Plugins/Media/AndroidMedia/Binaries/Win64/UE4Editor-AndroidMediaEditor.dll (API version 3709383).
LogModuleManager: Display: Found up-to-date module file ../../../Engine/Plugins/Media/AndroidMedia/Binaries/Win64/UE4Editor-AndroidMediaFactory.dll (API version 3709383).
LogModuleManager: Display: Found up-to-date module file ../../../Engine/Plugins/Media/AvfMedia/Binaries/Win64/UE4Editor-AvfMediaEditor.dll (API version 3709383).
LogModuleManager: Display: Found up-to-date module file ../../../Engine/Plugins/Media/AvfMedia/Binaries/Win64/UE4Editor-AvfMediaFactory.dll (API version 3709383).
LogModuleManager: Display: Found up-to-date module file ../../../Engine/Plugins/Media/AvfMedia/Binaries/Win64/UE4Editor-AvfMediaFactory.dll (API version 3709383).
LogModuleManager: Display: Found up-to-date module file ../../../Engine/Plugins/Media/ImgMedia/Binaries/Win64/UE4Editor-ImgMedia.dll (API version 3709383).
LogModuleManager: Display: Found up-to-date module file ../../../Engine/Plugins/Media/ImgMedia/Binaries/Win64/UE4Editor-ImgMediaEditor.dll (API version 3709383).
LogModuleManager: Display: Found up-to-date module file ../../../Engine/Plugins/Media/ImgMedia/Binaries/Win64/UE4Editor-ImgMediaFactory.dll (API version 3709383).
LogModuleManager: Display: Found up-to-date module file ../../../Engine/Plugins/Media/ImgMedia/Binaries/Win64/UE4Editor-ImgMediaFactory.dll (API version 3709383).
LogModuleManager: Display: Found up-to-date module file ../../../Engine/Plugins/Media/ImgMedia/Binaries/Win64/UE4Editor-OpenExrWrapper.dll (API version 3709383).
LogModuleManager: Display: Found up-to-date module file ../../../Engine/Plugins/Media/MediaCompositing/Binaries/Win64/UE4Editor-MediaCompositing.dll (API version 3709383).
LogModuleManager: Display: Found up-to-date module file ../../../Engine/Plugins/Media/MediaCompositing/Binaries/Win64/UE4Editor-MediaCompositingEditor.dll (API version 3709383).
LogModuleManager: Display: Found up-to-date module file ../../../Engine/Plugins/Media/MediaPlayerEditor/Binaries/Win64/UE4Editor-MediaPlayerEditor.dll (API version 3709383).
LogModuleManager: Display: Found up-to-date module file ../../../Engine/Plugins/Media/WmfMedia/Binaries/Win64/UE4Editor-WmfMedia.dll (API version 3709383).
LogModuleManager: Display: Found up-to-date module file ../../../Engine/Plugins/Media/WmfMedia/Binaries/Win64/UE4Editor-WmfMediaEditor.dll (API version 3709383).
LogModuleManager: Display: Found up-to-date module file ../../../Engine/Plugins/Media/WmfMedia/Binaries/Win64/UE4Editor-WmfMediaFactory.dll (API version 3709383).
LogModuleManager: Display: Found up-to-date module file ../../../Engine/Plugins/Media/WmfMedia/Binaries/Win64/UE4Editor-WmfMediaFactory.dll (API version 3709383).
LogModuleManager: Display: Found up-to-date module file ../../../Engine/Plugins/Messaging/TcpMessaging/Binaries/Win64/UE4Editor-TcpMessaging.dll (API version 3709383).
LogModuleManager: Display: Found up-to-date module file ../../../Engine/Plugins/Messaging/UdpMessaging/Binaries/Win64/UE4Editor-UdpMessaging.dll (API version 3709383).
LogModuleManager: Display: Found up-to-date module file ../../../Engine/Plugins/MovieScene/ActorSequence/Binaries/Win64/UE4Editor-ActorSequence.dll (API version 3709383).
LogModuleManager: Display: Found up-to-date module file ../../../Engine/Plugins/MovieScene/LevelSequenceEditor/Binaries/Win64/UE4Editor-LevelSequenceEditor.dll (API version 3709383).
LogModuleManager: Display: Found up-to-date module file ../../../Engine/Plugins/MovieScene/MatineeToLevelSequence/Binaries/Win64/UE4Editor-MatineeToLevelSequence.dll (API version 3709383).
LogModuleManager: Display: Found up-to-date module file ../../../Engine/Plugins/Online/OnlineSubsystem/Binaries/Win64/UE4Editor-OnlineSubsystem.dll (API version 3709383).
LogModuleManager: Display: Found up-to-date module file ../../../Engine/Plugins/Runtime/AndroidPermission/Binaries/Win64/UE4Editor-AndroidPermission.dll (API version 3709383).
LogModuleManager: Display: Found up-to-date module file ../../../Engine/Plugins/Online/OnlineSubsystemNull/Binaries/Win64/UE4Editor-OnlineSubsystemNull.dll (API version 3709383).
LogModuleManager: Display: Found up-to-date module file ../../../Engine/Plugins/Online/OnlineSubsystemUtils/Binaries/Win64/UE4Editor-OnlineSubsystemUtils.dll (API version 3709383).
LogModuleManager: Display: Found up-to-date module file ../../../Engine/Plugins/Online/OnlineSubsystemUtils/Binaries/Win64/UE4Editor-OnlineBlueprintSupport.dll (API version 3709383).
LogModuleManager: Display: Found up-to-date module file ../../../Engine/Plugins/Runtime/AndroidDeviceProfileSelector/Binaries/Win64/UE4Editor-AndroidDeviceProfileSelector.dll (API version 3709383).
LogModuleManager: Display: Found up-to-date module file ../../../Engine/Plugins/Runtime/AppleARKit/Binaries/Win64/UE4Editor-AppleARKit.dll (API version 3709383).
LogModuleManager: Display: Found up-to-date module file ../../../Engine/Plugins/Runtime/ArchVisCharacter/Binaries/Win64/UE4Editor-ArchVisCharacter.dll (API version 3709383).
LogModuleManager: Display: Found up-to-date module file ../../../Engine/Plugins/Runtime/CableComponent/Binaries/Win64/UE4Editor-CableComponent.dll (API version 3709383).
LogModuleManager: Display: Found up-to-date module file ../../../Engine/Plugins/Runtime/CustomMeshComponent/Binaries/Win64/UE4Editor-CustomMeshComponent.dll (API version 3709383).
LogModuleManager: Display: Found up-to-date module file ../../../Engine/Plugins/Runtime/ExampleDeviceProfileSelector/Binaries/Win64/UE4Editor-ExampleDeviceProfileSelector.dll (API version 3709383).
LogModuleManager: Display: Found up-to-date module file ../../../Engine/Plugins/Runtime/ImmediatePhysics/Binaries/Win64/UE4Editor-ImmediatePhysics.dll (API version 3709383).
LogModuleManager: Display: Found up-to-date module file ../../../Engine/Plugins/Runtime/ImmediatePhysics/Binaries/Win64/UE4Editor-ImmediatePhysicsEditor.dll (API version 3709383).
LogModuleManager: Display: Found up-to-date module file ../../../Engine/Plugins/Runtime/LocationServicesBPLibrary/Binaries/Win64/UE4Editor-LocationServicesBPLibrary.dll (API version 3709383).
LogModuleManager: Display: Found up-to-date module file ../../../Engine/Plugins/Runtime/MobilePatchingUtils/Binaries/Win64/UE4Editor-MobilePatchingUtils.dll (API version 3709383).
LogModuleManager: Display: Found up-to-date module file ../../../Engine/Plugins/Runtime/Oculus/OculusVR/Binaries/Win64/UE4Editor-OculusHMD.dll (API version 3709383).
LogModuleManager: Display: Found up-to-date module file ../../../Engine/Plugins/Runtime/Oculus/OculusVR/Binaries/Win64/UE4Editor-OculusInput.dll (API version 3709383).
LogModuleManager: Display: Found up-to-date module file ../../../Engine/Plugins/Runtime/Oculus/OculusVR/Binaries/Win64/UE4Editor-OculusEditor.dll (API version 3709383).
LogModuleManager: Display: Found up-to-date module file ../../../Engine/Plugins/Runtime/PhysXVehicles/Binaries/Win64/UE4Editor-PhysXVehicles.dll (API version 3709383).
LogModuleManager: Display: Found up-to-date module file ../../../Engine/Plugins/Runtime/PhysXVehicles/Binaries/Win64/UE4Editor-PhysXVehiclesEditor.dll (API version 3709383).
LogModuleManager: Display: Found up-to-date module file ../../../Engine/Plugins/Runtime/ProceduralMeshComponent/Binaries/Win64/UE4Editor-ProceduralMeshComponent.dll (API version 3709383).
LogModuleManager: Display: Found up-to-date module file ../../../Engine/Plugins/Runtime/ProceduralMeshComponent/Binaries/Win64/UE4Editor-ProceduralMeshComponentEditor.dll (API version 3709383).
LogModuleManager: Display: Found up-to-date module file ../../../Engine/Plugins/Runtime/RuntimePhysXCooking/Binaries/Win64/UE4Editor-RuntimePhysXCooking.dll (API version 3709383).
LogModuleManager: Display: Found up-to-date module file ../../../Engine/Plugins/Runtime/Steam/SteamVR/Binaries/Win64/UE4Editor-SteamVR.dll (API version 3709383).
LogModuleManager: Display: Found up-to-date module file ../../../Engine/Plugins/Runtime/Steam/SteamVR/Binaries/Win64/UE4Editor-SteamVRController.dll (API version 3709383).
LogModuleManager: Display: Found up-to-date module file ../../../Engine/Plugins/Runtime/WindowsMoviePlayer/Binaries/Win64/UE4Editor-WindowsMoviePlayer.dll (API version 3709383).
LogPluginManager: Mounting plugin Paper2D
LogPluginManager: Mounting plugin LightPropagationVolume
LogPluginManager: Mounting plugin CodeLiteSourceCodeAccess
LogPluginManager: Mounting plugin GitSourceControl
LogPluginManager: Mounting plugin KDevelopSourceCodeAccess
LogPluginManager: Mounting plugin NullSourceCodeAccess
LogPluginManager: Mounting plugin PerforceSourceControl
LogPluginManager: Mounting plugin SubversionSourceControl
LogPluginManager: Mounting plugin UObjectPlugin
LogPluginManager: Mounting plugin VisualStudioCodeSourceCodeAccess
LogPluginManager: Mounting plugin VisualStudioSourceCodeAccess
LogPluginManager: Mounting plugin XCodeSourceCodeAccess
LogPluginManager: Mounting plugin AssetManagerEditor
LogPluginManager: Mounting plugin AudioCapture
LogPluginManager: Mounting plugin FacialAnimation
LogPluginManager: Mounting plugin GameplayTagsEditor
LogPluginManager: Mounting plugin MobileLauncherProfileWizard
LogPluginManager: Mounting plugin PluginBrowser
LogPluginManager: Mounting plugin SpeedTreeImporter
LogPluginManager: Mounting plugin AlembicImporter
LogPluginManager: Mounting plugin CharacterAI
LogPluginManager: Mounting plugin HTML5Networking
LogPluginManager: Mounting plugin AndroidMedia
LogPluginManager: Mounting plugin AvfMedia
LogPluginManager: Mounting plugin ImgMedia
LogPluginManager: Mounting plugin MediaCompositing
LogPluginManager: Mounting plugin MediaPlayerEditor
LogPluginManager: Mounting plugin WmfMedia
LogPluginManager: Mounting plugin TcpMessaging
LogPluginManager: Mounting plugin UdpMessaging
LogPluginManager: Mounting plugin ActorSequence
LogPluginManager: Mounting plugin LevelSequenceEditor
LogPluginManager: Mounting plugin MatineeToLevelSequence
LogPluginManager: Mounting plugin OnlineSubsystemGooglePlay
LogPluginManager: Mounting plugin OnlineSubsystemIOS
LogPluginManager: Mounting plugin OnlineSubsystem
LogPluginManager: Mounting plugin OnlineSubsystemNull
LogPluginManager: Mounting plugin OnlineSubsystemUtils
LogPluginManager: Mounting plugin AndroidDeviceProfileSelector
LogPluginManager: Mounting plugin AndroidMoviePlayer
LogPluginManager: Mounting plugin AndroidPermission
LogPluginManager: Mounting plugin AppleARKit
LogPluginManager: Mounting plugin AppleMoviePlayer
LogPluginManager: Mounting plugin ArchVisCharacter
LogPluginManager: Mounting plugin CableComponent
LogPluginManager: Mounting plugin CustomMeshComponent
LogPluginManager: Mounting plugin ExampleDeviceProfileSelector
LogPluginManager: Mounting plugin GoogleCloudMessaging
LogPluginManager: Mounting plugin ImmediatePhysics
LogPluginManager: Mounting plugin IOSDeviceProfileSelector
LogPluginManager: Mounting plugin LinuxDeviceProfileSelector
LogPluginManager: Mounting plugin LocationServicesBPLibrary
LogPluginManager: Mounting plugin MobilePatchingUtils
LogPluginManager: Mounting plugin OculusVR
LogPluginManager: Plugin shader directory ../../../Engine/Plugins/Runtime/Oculus/OculusVR/Shaders found
LogPluginManager: Mapping shader source directory ../../../Engine/Plugins/Runtime/Oculus/OculusVR/Shaders to virtual directory /Plugin/OculusVR
LogPluginManager: Mounting plugin PhysXVehicles
LogPluginManager: Mounting plugin ProceduralMeshComponent
LogPluginManager: Mounting plugin RuntimePhysXCooking
LogPluginManager: Mounting plugin SteamVR
LogPluginManager: Mounting plugin WindowsMoviePlayer
LogInit: Using libcurl 7.47.1
LogInit:  - built for x86_64-pc-win32
LogInit:  - supports SSL with OpenSSL/1.0.2g
LogInit:  - supports HTTP deflate (compression) using libz 1.2.8
LogInit:  - other features:
LogInit:      CURL_VERSION_SSL
LogInit:      CURL_VERSION_LIBZ
LogInit:      CURL_VERSION_IPV6
LogInit:      CURL_VERSION_ASYNCHDNS
LogInit:      CURL_VERSION_LARGEFILE
LogInit:      CURL_VERSION_IDN
LogInit:  CurlRequestOptions (configurable via config and command line):
LogInit:  - bVerifyPeer = false  - Libcurl will NOT verify peer certificate
LogInit:  - bUseHttpProxy = false  - Libcurl will NOT use HTTP proxy
LogInit:  - bDontReuseConnections = false  - Libcurl will reuse connections
LogInit:  - CertBundlePath = nullptr  - Libcurl will use whatever was configured at build time.
LogInit: Build: ++UE4+Release-4.18-CL-3754814
LogInit: Engine Version: 4.18.1-3754814+++UE4+Release-4.18
LogInit: Compatible Engine Version: 4.18.0-3709383+++UE4+Release-4.18
LogInit: Net CL: 3709383
LogDevObjectVersion: Number of dev versions registered: 16
LogDevObjectVersion:   Dev-Blueprints (B0D832E4-1F89-4F0D-ACCF-7EB736FD4AA2): 10
LogDevObjectVersion:   Dev-Build (E1C64328-A22C-4D53-A36C-8E866417BD8C): 0
LogDevObjectVersion:   Dev-Core (375EC13C-06E4-48FB-B500-84F0262A717E): 2
LogDevObjectVersion:   Dev-Editor (E4B068ED-F494-42E9-A231-DA0B2E46BB41): 20
LogDevObjectVersion:   Dev-Framework (CFFC743F-43B0-4480-9391-14DF171D2073): 30
LogDevObjectVersion:   Dev-Mobile (B02B49B5-BB20-44E9-A304-32B752E40360): 0
LogDevObjectVersion:   Dev-Networking (A4E4105C-59A1-49B5-A7C5-40C4547EDFEE): 0
LogDevObjectVersion:   Dev-Online (39C831C9-5AE6-47DC-9A44-9C173E1C8E7C): 0
LogDevObjectVersion:   Dev-Physics (78F01B33-EBEA-4F98-B9B4-84EACCB95AA2): 0
LogDevObjectVersion:   Dev-Platform (6631380F-2D4D-43E0-8009-CF276956A95A): 0
LogDevObjectVersion:   Dev-Rendering (12F88B9F-8875-4AFC-A67C-D90C383ABD29): 20
LogDevObjectVersion:   Dev-Sequencer (7B5AE74C-D270-4C10-A958-57980B212A5A): 4
LogDevObjectVersion:   Dev-VR (D7296918-1DD6-4BDD-9DE2-64A83CC13884): 0
LogDevObjectVersion:   Dev-LoadTimes (C2A15278-BFE7-4AFE-6C17-90FF531DF755): 1
LogDevObjectVersion:   Private-Geometry (6EACA3D4-40EC-4CC1-B786-8BED09428FC5): 1
LogDevObjectVersion:   Dev-AnimPhys (29E575DD-E0A3-4627-9D10-D276232CDCEA): 12
LogInit: Compiled (64-bit): Nov 14 2017 02:05:55
LogInit: Compiled with Visual C++: 19.00.24215.01
LogInit: Build Configuration: Development
LogInit: Branch Name: ++UE4+Release-4.18
LogInit: Command line:  
LogInit: Base directory: C:/Program Files/Epic Games/UE_4.18/Engine/Binaries/Win64/
LogInit: Installed Engine Build: 1
LogInit: Presizing for max 8388607 objects, including 0 objects not considered by GC, pre-allocating 0 bytes for permanent pool.
LogInit: Object subsystem initialized
[2017.12.18-00.25.21:616][  0]LogInit: Selected Device Profile: [Windows]
[2017.12.18-00.25.21:616][  0]LogInit: Applying CVar settings loaded from the selected device profile: [Windows]
[2017.12.18-00.25.21:625][  0]LogInit: Computer: DESKTOP-M4SNJ2V
[2017.12.18-00.25.21:625][  0]LogInit: User: Company
[2017.12.18-00.25.21:625][  0]LogInit: CPU Page size=4096, Cores=4
[2017.12.18-00.25.21:625][  0]LogInit: High frequency timer resolution =3.328130 MHz
[2017.12.18-00.25.21:625][  0]LogMemory: Memory total: Physical=16.0GB (16GB approx)
[2017.12.18-00.25.21:625][  0]LogMemory: Platform Memory Stats for Windows
[2017.12.18-00.25.21:625][  0]LogMemory: Process Physical Memory: 274.00 MB used, 274.00 MB peak
[2017.12.18-00.25.21:625][  0]LogMemory: Process Virtual Memory: 269.62 MB used, 269.62 MB peak
[2017.12.18-00.25.21:625][  0]LogMemory: Physical Memory: 4689.79 MB used,  11645.83 MB free, 16335.61 MB total
[2017.12.18-00.25.21:625][  0]LogMemory: Virtual Memory: 643.93 MB used,  11645.83 MB free, 134217728.00 MB total
[2017.12.18-00.25.21:878][  0]LogInit: Overriding language with editor language configuration option (ko).
[2017.12.18-00.25.21:878][  0]LogInit: Overriding locale with editor locale configuration option (ko).
[2017.12.18-00.25.22:033][  0]LogInit: Setting process to per monitor DPI aware
[2017.12.18-00.25.22:326][  0]LogD3D11RHI: D3D11 adapters:
[2017.12.18-00.25.22:384][  0]LogD3D11RHI:    0. 'NVIDIA GeForce GTX 1050' (Feature Level 11_0)
[2017.12.18-00.25.22:384][  0]LogD3D11RHI:       1987/0/8167 MB DedicatedVideo/DedicatedSystem/SharedSystem, Outputs:2, VendorId:0x10de
[2017.12.18-00.25.22:385][  0]LogD3D11RHI:    1. 'Microsoft Basic Render Driver' (Feature Level 11_0)
[2017.12.18-00.25.22:385][  0]LogD3D11RHI:       0/0/8167 MB DedicatedVideo/DedicatedSystem/SharedSystem, Outputs:0, VendorId:0x1414
[2017.12.18-00.25.22:385][  0]LogD3D11RHI: Chosen D3D11 Adapter: 0
[2017.12.18-00.25.22:390][  0]LogD3D11RHI: Creating new Direct3DDevice
[2017.12.18-00.25.22:390][  0]LogD3D11RHI:     GPU DeviceId: 0x1c81 (for the marketing name, search the web for "GPU Device Id")
[2017.12.18-00.25.22:390][  0]LogWindows: EnumDisplayDevices:
[2017.12.18-00.25.22:391][  0]LogWindows:    0. 'NVIDIA GeForce GTX 1050' (P:1 D:1)
[2017.12.18-00.25.22:391][  0]LogWindows:    1. 'NVIDIA GeForce GTX 1050' (P:0 D:1)
[2017.12.18-00.25.22:392][  0]LogWindows:    2. 'NVIDIA GeForce GTX 1050' (P:0 D:0)
[2017.12.18-00.25.22:392][  0]LogWindows:    3. 'NVIDIA GeForce GTX 1050' (P:0 D:0)
[2017.12.18-00.25.22:392][  0]LogWindows: DebugString: FoundDriverCount:4 
[2017.12.18-00.25.22:392][  0]LogD3D11RHI:     Adapter Name: NVIDIA GeForce GTX 1050
[2017.12.18-00.25.22:392][  0]LogD3D11RHI:   Driver Version: 388.13 (internal:23.21.13.8813, unified:388.13)
[2017.12.18-00.25.22:392][  0]LogD3D11RHI:      Driver Date: 10-27-2017
[2017.12.18-00.25.22:392][  0]LogRHI: Texture pool is 1391 MB (70% of 1987 MB)
[2017.12.18-00.25.22:421][  0]LogD3D11RHI: Async texture creation enabled
[2017.12.18-00.25.22:432][  0]LogD3D11RHI: GPU Timing Frequency: 1000.000000 (Debug: 2 1)
[2017.12.18-00.25.22:531][  0]LogShaderCompilers: Guid format shader working directory is -31 characters bigger than the processId version (../../../../../../Study/Git/UR_UnrealEngine4DEKIWAMERU_GAME_KAIHATSU/PaperNinja/Intermediate/Shaders/WorkingDirectory/3232/).
[2017.12.18-00.25.22:531][  0]LogShaderCompilers: Cleaned the shader compiler working directory 'C:/Users/Company/AppData/Local/Temp/UnrealShaderWorkingDir/725934EA4C42DE3788A733823EC75373/'.
[2017.12.18-00.25.22:531][  0]LogShaderCompilers: Display: Using Local Shader Compiler.
[2017.12.18-00.25.23:618][  0]LogTemp: Display: Loaded TP AllDesktopTargetPlatform
[2017.12.18-00.25.23:677][  0]LogTemp: Display: Loaded TP MacClientTargetPlatform
[2017.12.18-00.25.23:736][  0]LogTemp: Display: Loaded TP MacNoEditorTargetPlatform
[2017.12.18-00.25.23:792][  0]LogTemp: Display: Loaded TP MacServerTargetPlatform
[2017.12.18-00.25.23:850][  0]LogTemp: Display: Loaded TP MacTargetPlatform
[2017.12.18-00.25.23:909][  0]LogTemp: Display: Loaded TP WindowsClientTargetPlatform
[2017.12.18-00.25.23:973][  0]LogTemp: Display: Loaded TP WindowsNoEditorTargetPlatform
[2017.12.18-00.25.24:031][  0]LogTemp: Display: Loaded TP WindowsServerTargetPlatform
[2017.12.18-00.25.24:092][  0]LogTemp: Display: Loaded TP WindowsTargetPlatform
[2017.12.18-00.25.24:151][  0]LogTemp: Display: Loaded TP Android_ASTCTargetPlatform
[2017.12.18-00.25.24:209][  0]LogTemp: Display: Loaded TP Android_ATCTargetPlatform
[2017.12.18-00.25.24:265][  0]LogTemp: Display: Loaded TP Android_DXTTargetPlatform
[2017.12.18-00.25.24:321][  0]LogTemp: Display: Loaded TP Android_ETC1TargetPlatform
[2017.12.18-00.25.24:387][  0]LogTemp: Display: Loaded TP Android_ETC2TargetPlatform
[2017.12.18-00.25.24:507][  0]LogTemp: Display: Loaded TP Android_MultiTargetPlatform
[2017.12.18-00.25.24:507][  0]LogTemp: Display: Loaded TP Android_PVRTCTargetPlatform
[2017.12.18-00.25.24:564][  0]LogTemp: Display: Loaded TP AndroidTargetPlatform
[2017.12.18-00.25.24:612][  0]LogTemp: Display: Loaded TP HTML5TargetPlatform
[2017.12.18-00.25.24:727][  0]LogTemp: Display: Loaded TP IOSTargetPlatform
[2017.12.18-00.25.24:758][  0]LogTemp: Display: Loaded TP TVOSTargetPlatform
[2017.12.18-00.25.24:813][  0]LogTemp: Display: Loaded TP LinuxClientTargetPlatform
[2017.12.18-00.25.24:877][  0]LogTemp: Display: Loaded TP LinuxNoEditorTargetPlatform
[2017.12.18-00.25.24:935][  0]LogTemp: Display: Loaded TP LinuxServerTargetPlatform
[2017.12.18-00.25.24:993][  0]LogTemp: Display: Loaded TP LinuxTargetPlatform
[2017.12.18-00.25.24:993][  0]LogTargetPlatformManager: Display: Building Assets For Windows
[2017.12.18-00.25.25:705][  0]LogDerivedDataCache: Display: Max Cache Size: 512 MB
[2017.12.18-00.25.25:774][  0]LogDerivedDataCache: Loaded boot cache 0.07s 78MB C:/Users/Company/AppData/Local/UnrealEngine/4.18/DerivedDataCache/Boot.ddc.
[2017.12.18-00.25.25:774][  0]LogDerivedDataCache: Display: Loaded Boot cache: C:/Users/Company/AppData/Local/UnrealEngine/4.18/DerivedDataCache/Boot.ddc
[2017.12.18-00.25.25:774][  0]LogDerivedDataCache: FDerivedDataBackendGraph:  Pak pak cache file ../../../../../../Study/Git/UR_UnrealEngine4DEKIWAMERU_GAME_KAIHATSU/PaperNinja/DerivedDataCache/DDC.ddp not found, will not use a pak cache.
[2017.12.18-00.25.25:774][  0]LogDerivedDataCache: Unable to find inner node Pak for hierarchical cache Hierarchy.
[2017.12.18-00.25.25:774][  0]LogDerivedDataCache: FDerivedDataBackendGraph:  CompressedPak pak cache file ../../../../../../Study/Git/UR_UnrealEngine4DEKIWAMERU_GAME_KAIHATSU/PaperNinja/DerivedDataCache/Compressed.ddp not found, will not use a pak cache.
[2017.12.18-00.25.25:774][  0]LogDerivedDataCache: Unable to find inner node CompressedPak for hierarchical cache Hierarchy.
[2017.12.18-00.25.25:789][  0]LogDerivedDataCache: Display: Pak cache opened for reading ../../../Engine/DerivedDataCache/Compressed.ddp.
[2017.12.18-00.25.25:802][  0]LogDerivedDataCache: Using Local data cache path C:/Users/Company/AppData/Local/UnrealEngine/Common/DerivedDataCache: Writable
[2017.12.18-00.25.25:812][  0]LogMaterial: Verifying Global Shaders for PCD3D_SM5
[2017.12.18-00.25.25:813][  0]LogSlate: Using Freetype 2.6.0
[2017.12.18-00.25.25:813][  0]LogSlate: SlateFontCache - WITH_FREETYPE: 1, WITH_HARFBUZZ: 1
[2017.12.18-00.25.25:813][  0]LogSlate: SlateFontCache - WITH_FREETYPE: 1, WITH_HARFBUZZ: 1
[2017.12.18-00.25.27:103][  0]LogInit: Selected Device Profile: [Windows]
[2017.12.18-00.25.27:498][  0]LogSimplygon: Simplygon DLL not present - disabling.
[2017.12.18-00.25.27:547][  0]LogMeshReduction: Using SimplygonSwarm for distributed automatic mesh merging
[2017.12.18-00.25.27:547][  0]LogMeshReduction: Using QuadricMeshReduction for automatic static mesh reduction
[2017.12.18-00.25.27:547][  0]LogMeshReduction: No automatic skeletal mesh reduction module available
[2017.12.18-00.25.27:547][  0]LogMeshReduction: No automatic mesh merging module available
[2017.12.18-00.25.27:547][  0]LogMeshMerging: No automatic mesh merging module available
[2017.12.18-00.25.27:577][  0]LogNetVersion: PaperNinja , NetCL: 3709383, EngineNetVer: 2, GameNetVer: 0 (Checksum: 109285166)
[2017.12.18-00.25.27:741][  0]LogAssetRegistry: FAssetRegistry took 0.0274 seconds to start up
[2017.12.18-00.25.28:219][  0]LogPackageLocalizationCache: Processed 7 localized package path(s) for 1 prioritized culture(s) in 0.039529 seconds
[2017.12.18-00.25.28:225][  0]LogUObjectArray: 35900 objects as part of root set at end of initial load.
[2017.12.18-00.25.28:225][  0]LogUObjectAllocator: 7372024 out of 0 bytes used by permanent object pool.
[2017.12.18-00.25.28:225][  0]LogUObjectArray: CloseDisregardForGC: 0/0 objects in disregard for GC pool
[2017.12.18-00.25.28:292][  0]LogInit: WinSock: version 1.1 (2.2), MaxSocks=32767, MaxUdp=65467
[2017.12.18-00.25.31:345][  0]LogTcpMessaging: Initializing TcpMessaging bridge
[2017.12.18-00.25.31:392][  0]LogUdpMessaging: Initializing bridge on interface 0.0.0.0:0 to multicast group 230.0.0.1:6666.
[2017.12.18-00.25.32:147][  0]LogMaterial: Uniform references updated for custom material expression Custom.
[2017.12.18-00.25.32:613][  0]SourceControl: 소스 콘트롤이 꺼졌습니다.
[2017.12.18-00.25.32:613][  0]SourceControl: 소스 콘트롤이 꺼졌습니다.
[2017.12.18-00.25.32:680][  0]SourceControl: 소스 콘트롤이 꺼졌습니다.
[2017.12.18-00.25.32:751][  0]SourceControl: 소스 콘트롤이 꺼졌습니다.
[2017.12.18-00.25.33:658][  0]LogAndroidPermission: UAndroidPermissionCallbackProxy::GetInstance
[2017.12.18-00.25.33:963][  0]LogOcInput: OculusInput pre-init called
[2017.12.18-00.25.34:290][  0]LogEngine: Initializing Engine...
[2017.12.18-00.25.34:292][  0]LogHMD: Failed to initialize OpenVR with code 110
[2017.12.18-00.25.34:493][  0]LogStats: UGameplayTagsManager::ConstructGameplayTagTree: Construct from data asset -  0.000 s
[2017.12.18-00.25.34:493][  0]LogStats: UGameplayTagsManager::ConstructGameplayTagTree: GameplayTagTreeChangedEvent.Broadcast -  0.000 s
[2017.12.18-00.25.34:651][  0]LogAIModule: Creating AISystem for world Untitled
[2017.12.18-00.25.34:694][  0]LogInit: XAudio2 using 'LG IPS FULLHD-0(NVIDIA High Definition Audio)' : 2 channels at 48 kHz using 16 bits per sample (channel mask 0x3)
[2017.12.18-00.25.34:765][  0]LogInit: FAudioDevice initialized.
[2017.12.18-00.25.35:073][  0]LogDerivedDataCache: Saved boot cache 0.31s 78MB C:/Users/Company/AppData/Local/UnrealEngine/4.18/DerivedDataCache/Boot.ddc.
[2017.12.18-00.25.35:085][  0]LogInit: Texture streaming: Enabled
[2017.12.18-00.25.35:245][  0]LogEngineSessionManager: EngineSessionManager initialized
[2017.12.18-00.25.35:414][  0]LogInit: Transaction tracking system initialized
[2017.12.18-00.25.35:798][  0]BlueprintLog: New page: 에디터 로드
[2017.12.18-00.25.36:884][  0]LocalizationService: 현지화 서비스가 비활성화되었습니다.
[2017.12.18-00.25.37:464][  0]LogLinker: Warning: '/Game/ThirdPersonBP/ThirdPersonOverview' 파일을 찾을 수 없습니다.
[2017.12.18-00.25.37:464][  0]LogLinker: Warning: '/Game/ThirdPersonBP/ThirdPersonOverview' 파일을 찾을 수 없습니다.
[2017.12.18-00.25.37:464][  0]LogUObjectGlobals: Warning: 'Class /Game/ThirdPersonBP/ThirdPersonOverview.ThirdPersonOverview_C' 오브젝트를 찾는 데 실패했습니다.
[2017.12.18-00.25.37:696][  0]LogConsoleResponse: Display: 
[2017.12.18-00.25.37:863][  0]LogCook: Display: Max memory allowance for cook 16384mb min free memory 0mb
[2017.12.18-00.25.37:863][  0]LogCook: Display: Mobile HDR setting 1
[2017.12.18-00.25.37:863][  0]LogGameplayTags: Display: UGameplayTagsManager::DoneAddingNativeTags. DelegateIsBound: 0
[2017.12.18-00.25.38:596][  0]LogFileCache: Scanning file cache for directory 'C:/Study/Git/UR_UnrealEngine4DEKIWAMERU_GAME_KAIHATSU/PaperNinja/Content/' took 0.01s
[2017.12.18-00.25.39:232][  0]SourceControl: 소스 콘트롤이 꺼졌습니다.
[2017.12.18-00.25.39:232][  0]Cmd: MAP LOAD FILE="../../../../../../Study/Git/UR_UnrealEngine4DEKIWAMERU_GAME_KAIHATSU/PaperNinja/Content/StarterContent/Maps/Minimal_Default.umap" TEMPLATE=0 SHOWPROGRESS=1 FEATURELEVEL=3
[2017.12.18-00.25.39:232][  0]LightingResults: New page: 라이팅 빌드
[2017.12.18-00.25.39:281][  0]MapCheck: New page: 맵 체크
[2017.12.18-00.25.39:281][  0]LightingResults: New page: 라이팅 빌드
[2017.12.18-00.25.39:602][  0]LogAIModule: Creating AISystem for world Minimal_Default
[2017.12.18-00.25.39:608][  0]LogEditorServer: Finished looking for orphan Actors (0.000 secs)
[2017.12.18-00.25.39:617][  0]Cmd: MAP CHECKDEP NOCLEARLOG
[2017.12.18-00.25.39:663][  0]MapCheck: 맵 체크 완료: 오류 0 회, 경고 0 회, 소요 시간 46.041ms.
[2017.12.18-00.25.39:663][  0]LogFileHelpers: Loading map 'Minimal_Default' took 0.432
[2017.12.18-00.25.39:811][  0]LogCollectionManager: Loaded 0 collections in 0.001242 seconds
[2017.12.18-00.25.39:895][  0]LogFileCache: Scanning file cache for directory 'C:/Study/Git/UR_UnrealEngine4DEKIWAMERU_GAME_KAIHATSU/PaperNinja/Saved/Collections/' took 0.01s
[2017.12.18-00.25.39:895][  0]LogFileCache: Scanning file cache for directory 'C:/Study/Git/UR_UnrealEngine4DEKIWAMERU_GAME_KAIHATSU/PaperNinja/Content/Developers/Company/Collections/' took 0.01s
[2017.12.18-00.25.39:895][  0]LogFileCache: Scanning file cache for directory 'C:/Study/Git/UR_UnrealEngine4DEKIWAMERU_GAME_KAIHATSU/PaperNinja/Content/Collections/' took 0.01s
[2017.12.18-00.25.39:895][  0]LogCollectionManager: Rebuilt the GUID cache for 0 collections in 0.000000 seconds
[2017.12.18-00.25.39:902][  0]LogContentBrowser: Native class hierarchy populated in 0.0068 seconds. Added 2363 classes and 519 folders.
[2017.12.18-00.25.39:968][  0]LogContentBrowser: Native class hierarchy updated for 'WidgetCarousel' in 0.0002 seconds. Added 0 classes and 0 folders.
[2017.12.18-00.25.40:002][  0]LogContentBrowser: Native class hierarchy updated for 'AddContentDialog' in 0.0002 seconds. Added 0 classes and 0 folders.
[2017.12.18-00.25.40:051][  0]LogContentBrowser: Native class hierarchy updated for 'SceneOutliner' in 0.0002 seconds. Added 1 classes and 2 folders.
[2017.12.18-00.25.40:105][  0]LogContentBrowser: Native class hierarchy updated for 'WorldBrowser' in 0.0002 seconds. Added 2 classes and 3 folders.
[2017.12.18-00.25.40:159][  0]LogSlate: Took 0.001987 seconds to synchronously load lazily loaded font '../../../Engine/Content/Slate/Fonts/Roboto-Regular.ttf' (155K)
[2017.12.18-00.25.40:163][  0]LogSlate: Took 0.003828 seconds to synchronously load lazily loaded font '../../../Engine/Content/Slate/Fonts/NanumGothic.ttf' (4243K)
[2017.12.18-00.25.40:167][  0]LogSlate: Took 0.001566 seconds to synchronously load lazily loaded font '../../../Engine/Content/Slate/Fonts/Roboto-Bold.ttf' (160K)
[2017.12.18-00.25.40:171][  0]LogSlate: Took 0.001779 seconds to synchronously load lazily loaded font '../../../Engine/Content/Editor/Slate/Fonts/FontAwesome.ttf' (139K)
[2017.12.18-00.25.40:262][  0]LogRenderer: Reallocating scene render targets to support 1212x576 Format 10 NumSamples 1 (Frame:1).
[2017.12.18-00.25.40:408][  0]LogContentBrowser: Native class hierarchy updated for 'HierarchicalLODOutliner' in 0.0003 seconds. Added 1 classes and 2 folders.
[2017.12.18-00.25.40:408][  0]LogLoad: (Engine Initialization) Total time: 22.20 seconds
[2017.12.18-00.25.40:408][  0]LogLoad: (Engine Initialization) Total Blueprint compile time: 0.00 seconds
[2017.12.18-00.25.40:408][  0]LogExternalProfiler: Found external profiler: VSPerf
[2017.12.18-00.25.40:408][  0]LogExternalProfiler: Using external profiler: VSPerf
[2017.12.18-00.25.40:768][  0]LogContentStreaming: Texture pool size now 1000 MB
[2017.12.18-00.25.40:828][  0]LogSlate: Took 0.003841 seconds to synchronously load lazily loaded font '../../../Engine/Content/Slate/Fonts/Roboto-Light.ttf' (159K)
[2017.12.18-00.25.41:096][  1]LogAssetRegistry: Asset discovery search completed in 13.3768 seconds
[2017.12.18-00.25.41:098][  1]LogCollectionManager: Rebuilt the object cache for 0 collections in 0.000000 seconds (found 0 objects)
[2017.12.18-00.25.41:098][  1]LogCollectionManager: Fixed up redirectors for 0 collections in 0.000035 seconds (updated 0 objects)
[2017.12.18-00.25.41:750][  3]LogSlate: Took 0.000140 seconds to synchronously load lazily loaded font '../../../Engine/Content/Slate/Fonts/Roboto-Light.ttf' (159K)
[2017.12.18-00.30.58:242][379]LogSlate: Took 0.000139 seconds to synchronously load lazily loaded font '../../../Engine/Content/Slate/Fonts/Roboto-Light.ttf' (159K)
[2017.12.18-00.30.58:255][379]LogFactory: FactoryCreateFile: StaticMesh with FbxFactory (0 0 ../../../../../../Study/Git/UR_UnrealEngine4DEKIWAMERU_GAME_KAIHATSU/PaperNinja_Resource/Characters/Meshes/SK_Ninja.fbx)
[2017.12.18-00.30.58:278][379]LogFbx: ItemName: GlobalSettings, ItemCount : 1
[2017.12.18-00.30.58:278][379]LogFbx: ItemName: AnimationStack, ItemCount : 1
[2017.12.18-00.30.58:278][379]LogFbx: ItemName: AnimationLayer, ItemCount : 1
[2017.12.18-00.30.58:278][379]LogFbx: ItemName: NodeAttribute, ItemCount : 27
[2017.12.18-00.30.58:278][379]LogFbx: ItemName: Model, ItemCount : 30
[2017.12.18-00.30.58:278][379]LogFbx: ItemName: Geometry, ItemCount : 3
[2017.12.18-00.30.58:278][379]LogFbx: ItemName: Material, ItemCount : 5
[2017.12.18-00.30.58:278][379]LogFbx: ItemName: Texture, ItemCount : 5
[2017.12.18-00.30.58:278][379]LogFbx: ItemName: AnimationCurveNode, ItemCount : 60
[2017.12.18-00.30.58:278][379]LogFbx: ItemName: Pose, ItemCount : 3
[2017.12.18-00.30.58:278][379]LogFbx: ItemName: Deformer, ItemCount : 48
[2017.12.18-00.30.58:278][379]LogFbx: ItemName: Video, ItemCount : 5
[2017.12.18-00.30.58:288][379]LogFbx: Loading FBX Scene from ../../../../../../Study/Git/UR_UnrealEngine4DEKIWAMERU_GAME_KAIHATSU/PaperNinja_Resource/Characters/Meshes/SK_Ninja.fbx
[2017.12.18-00.30.58:308][379]LogFbx: FBX Scene Loaded Succesfully
[2017.12.18-00.32.24:024][379]LogFbx: Loading FBX Scene from ../../../../../../Study/Git/UR_UnrealEngine4DEKIWAMERU_GAME_KAIHATSU/PaperNinja_Resource/Characters/Meshes/SK_Ninja.fbx
[2017.12.18-00.32.24:038][379]LogFbx: FBX Scene Loaded Succesfully
[2017.12.18-00.32.24:039][379]LogFbx: =================================================
[2017.12.18-00.32.24:039][379]LogFbx: Dumping Node START [body1] 
[2017.12.18-00.32.24:039][379]LogFbx: 	Total Deformer Count 481421504.
[2017.12.18-00.32.24:039][379]LogFbx: 		[Node 1]  (Type Skin).
[2017.12.18-00.32.24:039][379]LogFbx: =================================================
[2017.12.18-00.32.24:039][379]LogFbx: 	Attribute () Type (4).
[2017.12.18-00.32.24:039][379]LogFbx: 		[Node Attribute Child 1] body1 (Type Mesh).
[2017.12.18-00.32.24:039][379]LogFbx: Dumping Node END [body1]
[2017.12.18-00.32.24:039][379]LogFbx: =================================================
[2017.12.18-00.32.24:039][379]LogFbx: Dumping Node START [weapon1] 
[2017.12.18-00.32.24:039][379]LogFbx: 	Total Deformer Count 986636640.
[2017.12.18-00.32.24:039][379]LogFbx: 		[Node 1]  (Type Skin).
[2017.12.18-00.32.24:039][379]LogFbx: =================================================
[2017.12.18-00.32.24:039][379]LogFbx: 	Attribute () Type (4).
[2017.12.18-00.32.24:039][379]LogFbx: 		[Node Attribute Child 1] weapon1 (Type Mesh).
[2017.12.18-00.32.24:039][379]LogFbx: Dumping Node END [weapon1]
[2017.12.18-00.32.24:039][379]LogFbx: =================================================
[2017.12.18-00.32.24:039][379]LogFbx: Dumping Node START [gamen1] 
[2017.12.18-00.32.24:039][379]LogFbx: 	Total Deformer Count 986636640.
[2017.12.18-00.32.24:039][379]LogFbx: 		[Node 1]  (Type Skin).
[2017.12.18-00.32.24:039][379]LogFbx: =================================================
[2017.12.18-00.32.24:039][379]LogFbx: 	Attribute () Type (4).
[2017.12.18-00.32.24:039][379]LogFbx: 		[Node Attribute Child 1] gamen1 (Type Mesh).
[2017.12.18-00.32.24:039][379]LogFbx: Dumping Node END [gamen1]
[2017.12.18-00.32.24:039][379]LogFbx: =================================================
[2017.12.18-00.32.24:039][379]LogFbx: Dumping Node START [body1] 
[2017.12.18-00.32.24:039][379]LogFbx: 	Total Deformer Count 481421504.
[2017.12.18-00.32.24:039][379]LogFbx: 		[Node 1]  (Type Skin).
[2017.12.18-00.32.24:039][379]LogFbx: =================================================
[2017.12.18-00.32.24:039][379]LogFbx: 	Attribute () Type (4).
[2017.12.18-00.32.24:039][379]LogFbx: 		[Node Attribute Child 1] body1 (Type Mesh).
[2017.12.18-00.32.24:039][379]LogFbx: Dumping Node END [body1]
[2017.12.18-00.32.24:039][379]LogFbx: =================================================
[2017.12.18-00.32.24:039][379]LogFbx: Dumping Node START [weapon1] 
[2017.12.18-00.32.24:039][379]LogFbx: 	Total Deformer Count 986637088.
[2017.12.18-00.32.24:039][379]LogFbx: 		[Node 1]  (Type Skin).
[2017.12.18-00.32.24:039][379]LogFbx: =================================================
[2017.12.18-00.32.24:039][379]LogFbx: 	Attribute () Type (4).
[2017.12.18-00.32.24:039][379]LogFbx: 		[Node Attribute Child 1] weapon1 (Type Mesh).
[2017.12.18-00.32.24:039][379]LogFbx: Dumping Node END [weapon1]
[2017.12.18-00.32.24:039][379]LogFbx: =================================================
[2017.12.18-00.32.24:039][379]LogFbx: Dumping Node START [gamen1] 
[2017.12.18-00.32.24:039][379]LogFbx: 	Total Deformer Count 986637088.
[2017.12.18-00.32.24:039][379]LogFbx: 		[Node 1]  (Type Skin).
[2017.12.18-00.32.24:039][379]LogFbx: =================================================
[2017.12.18-00.32.24:039][379]LogFbx: 	Attribute () Type (4).
[2017.12.18-00.32.24:039][379]LogFbx: 		[Node Attribute Child 1] gamen1 (Type Mesh).
[2017.12.18-00.32.24:040][379]LogFbx: Dumping Node END [gamen1]
[2017.12.18-00.32.24:040][379]LogFbx: =================================================
[2017.12.18-00.32.24:040][379]LogFbx: Dumping Node START [body1] 
[2017.12.18-00.32.24:040][379]LogFbx: 	Total Deformer Count 481421504.
[2017.12.18-00.32.24:040][379]LogFbx: 		[Node 1]  (Type Skin).
[2017.12.18-00.32.24:040][379]LogFbx: =================================================
[2017.12.18-00.32.24:040][379]LogFbx: 	Attribute () Type (4).
[2017.12.18-00.32.24:040][379]LogFbx: 		[Node Attribute Child 1] body1 (Type Mesh).
[2017.12.18-00.32.24:040][379]LogFbx: Dumping Node END [body1]
[2017.12.18-00.32.24:040][379]LogFbx: =================================================
[2017.12.18-00.32.24:040][379]LogFbx: Dumping Node START [weapon1] 
[2017.12.18-00.32.24:040][379]LogFbx: 	Total Deformer Count 986635072.
[2017.12.18-00.32.24:040][379]LogFbx: 		[Node 1]  (Type Skin).
[2017.12.18-00.32.24:040][379]LogFbx: =================================================
[2017.12.18-00.32.24:040][379]LogFbx: 	Attribute () Type (4).
[2017.12.18-00.32.24:040][379]LogFbx: 		[Node Attribute Child 1] weapon1 (Type Mesh).
[2017.12.18-00.32.24:040][379]LogFbx: Dumping Node END [weapon1]
[2017.12.18-00.32.24:040][379]LogFbx: =================================================
[2017.12.18-00.32.24:040][379]LogFbx: Dumping Node START [gamen1] 
[2017.12.18-00.32.24:040][379]LogFbx: 	Total Deformer Count 986635072.
[2017.12.18-00.32.24:040][379]LogFbx: 		[Node 1]  (Type Skin).
[2017.12.18-00.32.24:040][379]LogFbx: =================================================
[2017.12.18-00.32.24:040][379]LogFbx: 	Attribute () Type (4).
[2017.12.18-00.32.24:040][379]LogFbx: 		[Node Attribute Child 1] gamen1 (Type Mesh).
[2017.12.18-00.32.24:040][379]LogFbx: Dumping Node END [gamen1]
[2017.12.18-00.32.24:042][379]LogFbx: Valid bind pose for Pose (skinCluster5) - body1
[2017.12.18-00.32.24:042][379]LogFbx: Valid bind pose for Pose (skinCluster6) - body1
[2017.12.18-00.32.24:042][379]LogFbx: Valid bind pose for Pose (skinCluster7) - body1
[2017.12.18-00.32.24:052][379]LogFbx: Warning: Bones digested - 26  Depth of hierarchy - 8
[2017.12.18-00.32.24:077][379]LogSkeletalMesh: Section 0: 1487 vertices, 15 active bones
[2017.12.18-00.32.24:077][379]LogSkeletalMesh: Section 1: 86 vertices, 3 active bones
[2017.12.18-00.32.24:077][379]LogSkeletalMesh: Section 2: 274 vertices, 11 active bones
[2017.12.18-00.32.24:077][379]LogSkeletalMesh: Section 3: 203 vertices, 2 active bones
[2017.12.18-00.32.24:077][379]LogSkeletalMesh: Section 4: 35 vertices, 1 active bones
[2017.12.18-00.32.24:079][379]LogSkeletalMesh: Section 0: Material=0, 1302 triangles
[2017.12.18-00.32.24:079][379]LogSkeletalMesh: Section 1: Material=1, 122 triangles
[2017.12.18-00.32.24:079][379]LogSkeletalMesh: Section 2: Material=2, 343 triangles
[2017.12.18-00.32.24:079][379]LogSkeletalMesh: Section 3: Material=3, 132 triangles
[2017.12.18-00.32.24:079][379]LogSkeletalMesh: Section 4: Material=4, 42 triangles
[2017.12.18-00.32.24:081][379]LogLinker: '/Game/Characters/SK_Ninja_Skeleton' 파일을 찾을 수 없습니다.
[2017.12.18-00.32.24:081][379]LogLinker: '/Game/Characters/SK_Ninja_Skeleton' 파일을 찾을 수 없습니다.
[2017.12.18-00.34.42:338][816]LogFactory: FactoryCreateFile: Texture with ReimportTextureFactory (0 0 ../../../../../../Study/Git/UR_UnrealEngine4DEKIWAMERU_GAME_KAIHATSU/PaperNinja_Resource/Characters/Textures/T_Ninja_D.tga)
[2017.12.18-00.34.42:391][816]LogTexture: Display: 텍스처 빌드: T_Ninja_D (AutoDXT, 1024X1024)
[2017.12.18-00.34.47:562][407]LogContentBrowser: Native class hierarchy updated for 'TextureEditor' in 0.0002 seconds. Added 1 classes and 2 folders.
[2017.12.18-00.35.05:072][480]LogMaterial: Missing cached shader map for material M_Ninja, compiling. 
[2017.12.18-00.35.09:152][952]LogSavePackage: Save=13.23ms
[2017.12.18-00.35.09:152][952]LogSavePackage: Moving '../../../../../../Study/Git/UR_UnrealEngine4DEKIWAMERU_GAME_KAIHATSU/PaperNinja/Saved/M_NinjaAFE49284415BB311023C37ACE71773F6.tmp' to '../../../../../../Study/Git/UR_UnrealEngine4DEKIWAMERU_GAME_KAIHATSU/PaperNinja/Content/Characters/Materials/M_Ninja.uasset'
[2017.12.18-00.35.09:156][952]LogSavePackage: Display: Finished SavePackage ../../../../../../Study/Git/UR_UnrealEngine4DEKIWAMERU_GAME_KAIHATSU/PaperNinja/Content/Characters/Materials/M_Ninja.uasset
[2017.12.18-00.35.20:578][303]LogContentBrowser: Native class hierarchy updated for 'SkeletonEditor' in 0.0002 seconds. Added 1 classes and 2 folders.
[2017.12.18-00.35.20:843][303]LogActorComponent: RegisterComponentWithWorld: (/Engine/Transient.World_2:PersistentLevel.Actor_0.DebugSkelMeshComponent_0) Already registered. Aborting.
[2017.12.18-00.35.21:152][303]LogSlate: Took 0.003110 seconds to synchronously load lazily loaded font '../../../Engine/Content/Editor/Slate/Fonts/Roboto-Italic.ttf' (157K)
[2017.12.18-00.35.21:205][303]LogContentBrowser: Native class hierarchy updated for 'ClothingSystemEditorInterface' in 0.0002 seconds. Added 1 classes and 0 folders.
[2017.12.18-00.35.21:209][304]LogRenderer: Reallocating scene render targets to support 1212x816 Format 10 NumSamples 1 (Frame:1).
[2017.12.18-00.35.40:437][308]LogRenderer: Reallocating scene render targets to support 1212x824 Format 10 NumSamples 1 (Frame:2325).
[2017.12.18-00.35.40:482][310]LogRenderer: Reallocating scene render targets to support 1212x888 Format 10 NumSamples 1 (Frame:2328).
[2017.12.18-00.37.02:510][581]LogFileHelpers: Editor autosave (incl. sublevels) for '/Game/StarterContent/Maps/Minimal_Default' took 0.007
[2017.12.18-00.37.02:520][581]OBJ SavePackage: Generating thumbnails for [1] asset(s) in package [/Game/Characters/SK_Ninja] ([1] browsable assets)...
[2017.12.18-00.37.02:534][581]OBJ SavePackage:     Rendered thumbnail for [SkeletalMesh /Game/Characters/SK_Ninja.SK_Ninja]
[2017.12.18-00.37.02:534][581]OBJ SavePackage: Finished generating thumbnails for package [/Game/Characters/SK_Ninja]
[2017.12.18-00.37.02:550][581]LogSavePackage: Save=13.73ms
[2017.12.18-00.37.02:550][581]LogSavePackage: Moving '../../../../../../Study/Git/UR_UnrealEngine4DEKIWAMERU_GAME_KAIHATSU/PaperNinja/Saved/SK_Ninja_Auto1E60F651748C8EF0AFD2E1DAAE35A4436.tmp' to '../../../../../../Study/Git/UR_UnrealEngine4DEKIWAMERU_GAME_KAIHATSU/PaperNinja/Saved/Autosaves/Game/Characters/SK_Ninja_Auto1.uasset'
[2017.12.18-00.37.02:552][581]LogSavePackage: Display: Finished SavePackage ../../../../../../Study/Git/UR_UnrealEngine4DEKIWAMERU_GAME_KAIHATSU/PaperNinja/Saved/Autosaves/Game/Characters/SK_Ninja_Auto1.uasset
[2017.12.18-00.37.02:553][581]OBJ SavePackage: Generating thumbnails for [0] asset(s) in package [/Game/Characters/SK_Ninja_Skeleton] ([1] browsable assets)...
[2017.12.18-00.37.02:554][581]OBJ SavePackage: Finished generating thumbnails for package [/Game/Characters/SK_Ninja_Skeleton]
[2017.12.18-00.37.02:557][581]LogSavePackage: Save=2.12ms
[2017.12.18-00.37.02:557][581]LogSavePackage: Moving '../../../../../../Study/Git/UR_UnrealEngine4DEKIWAMERU_GAME_KAIHATSU/PaperNinja/Saved/SK_Ninja_Skeleton_Auto16FD1DEB14A34EDC765FDA9B53CF2F120.tmp' to '../../../../../../Study/Git/UR_UnrealEngine4DEKIWAMERU_GAME_KAIHATSU/PaperNinja/Saved/Autosaves/Game/Characters/SK_Ninja_Skeleton_Auto1.uasset'
[2017.12.18-00.37.02:560][581]LogSavePackage: Display: Finished SavePackage ../../../../../../Study/Git/UR_UnrealEngine4DEKIWAMERU_GAME_KAIHATSU/PaperNinja/Saved/Autosaves/Game/Characters/SK_Ninja_Skeleton_Auto1.uasset
[2017.12.18-00.37.02:561][581]OBJ SavePackage: Generating thumbnails for [1] asset(s) in package [/Game/Characters/Textures/T_Ninja_D] ([1] browsable assets)...
[2017.12.18-00.37.02:567][581]OBJ SavePackage:     Rendered thumbnail for [Texture2D /Game/Characters/Textures/T_Ninja_D.T_Ninja_D]
[2017.12.18-00.37.02:568][581]OBJ SavePackage: Finished generating thumbnails for package [/Game/Characters/Textures/T_Ninja_D]
[2017.12.18-00.37.02:576][581]LogSavePackage: Save=6.74ms
[2017.12.18-00.37.02:576][581]LogSavePackage: Moving '../../../../../../Study/Git/UR_UnrealEngine4DEKIWAMERU_GAME_KAIHATSU/PaperNinja/Saved/T_Ninja_D_Auto131956318419CEE2623071996728F0A0D.tmp' to '../../../../../../Study/Git/UR_UnrealEngine4DEKIWAMERU_GAME_KAIHATSU/PaperNinja/Saved/Autosaves/Game/Characters/Textures/T_Ninja_D_Auto1.uasset'
[2017.12.18-00.37.02:579][581]LogSavePackage: Display: Finished SavePackage ../../../../../../Study/Git/UR_UnrealEngine4DEKIWAMERU_GAME_KAIHATSU/PaperNinja/Saved/Autosaves/Game/Characters/Textures/T_Ninja_D_Auto1.uasset
[2017.12.18-00.37.02:579][581]LogFileHelpers: Auto-saving content packages took 0.068
[2017.12.18-00.37.23:845][950]LogActorComponent: RegisterComponentWithWorld: (/Engine/Transient.World_3:PersistentLevel.Actor_1.DebugSkelMeshComponent_1) Already registered. Aborting.
[2017.12.18-00.44.37:217][980]LogMaterial: Warning: Material /Game/Characters/Materials/M_Ninja.M_Ninja needed to have new flag set bUsedWithSkeletalMesh !
[2017.12.18-00.44.37:220][980]LogMaterial: Missing cached shader map for material M_Ninja, compiling. 
[2017.12.18-00.44.45:307][538]LogSavePackage: Save=2.44ms
[2017.12.18-00.44.45:307][538]LogSavePackage: Moving '../../../../../../Study/Git/UR_UnrealEngine4DEKIWAMERU_GAME_KAIHATSU/PaperNinja/Saved/M_NinjaC33D3156428DC120E1585DA0048E2C3E.tmp' to '../../../../../../Study/Git/UR_UnrealEngine4DEKIWAMERU_GAME_KAIHATSU/PaperNinja/Content/Characters/Materials/M_Ninja.uasset'
[2017.12.18-00.44.45:312][538]LogSavePackage: Display: Finished SavePackage ../../../../../../Study/Git/UR_UnrealEngine4DEKIWAMERU_GAME_KAIHATSU/PaperNinja/Content/Characters/Materials/M_Ninja.uasset
[2017.12.18-00.44.45:326][538]Cmd: OBJ SAVEPACKAGE PACKAGE="/Game/Characters/SK_Ninja" FILE="../../../../../../Study/Git/UR_UnrealEngine4DEKIWAMERU_GAME_KAIHATSU/PaperNinja/Content/Characters/SK_Ninja.uasset" SILENT=true
[2017.12.18-00.44.45:344][538]LogSavePackage: Save=14.96ms
[2017.12.18-00.44.45:344][538]LogSavePackage: Moving '../../../../../../Study/Git/UR_UnrealEngine4DEKIWAMERU_GAME_KAIHATSU/PaperNinja/Saved/SK_NinjaD72FB87249839766C09D5BA68B47DD3A.tmp' to '../../../../../../Study/Git/UR_UnrealEngine4DEKIWAMERU_GAME_KAIHATSU/PaperNinja/Content/Characters/SK_Ninja.uasset'
[2017.12.18-00.44.45:349][538]LogSavePackage: Display: Finished SavePackage ../../../../../../Study/Git/UR_UnrealEngine4DEKIWAMERU_GAME_KAIHATSU/PaperNinja/Content/Characters/SK_Ninja.uasset
[2017.12.18-00.44.45:363][538]LogSavePackage: Save=1.91ms
[2017.12.18-00.44.45:363][538]LogSavePackage: Moving '../../../../../../Study/Git/UR_UnrealEngine4DEKIWAMERU_GAME_KAIHATSU/PaperNinja/Saved/SK_Ninja_Skeleton051262374F9152D6814E3BA446E124DD.tmp' to '../../../../../../Study/Git/UR_UnrealEngine4DEKIWAMERU_GAME_KAIHATSU/PaperNinja/Content/Characters/SK_Ninja_Skeleton.uasset'
[2017.12.18-00.44.45:368][538]LogSavePackage: Display: Finished SavePackage ../../../../../../Study/Git/UR_UnrealEngine4DEKIWAMERU_GAME_KAIHATSU/PaperNinja/Content/Characters/SK_Ninja_Skeleton.uasset
[2017.12.18-00.44.45:427][538]LogSavePackage: Save=47.44ms
[2017.12.18-00.44.45:427][538]LogSavePackage: Moving '../../../../../../Study/Git/UR_UnrealEngine4DEKIWAMERU_GAME_KAIHATSU/PaperNinja/Saved/T_Ninja_D894E432C453130C8B13D77A9DD53A8B5.tmp' to '../../../../../../Study/Git/UR_UnrealEngine4DEKIWAMERU_GAME_KAIHATSU/PaperNinja/Content/Characters/Textures/T_Ninja_D.uasset'
[2017.12.18-00.44.45:432][538]LogSavePackage: Display: Finished SavePackage ../../../../../../Study/Git/UR_UnrealEngine4DEKIWAMERU_GAME_KAIHATSU/PaperNinja/Content/Characters/Textures/T_Ninja_D.uasset
[2017.12.18-00.46.44:479][169]Cmd: OBJ SAVEPACKAGE PACKAGE="/Game/Characters/SK_Ninja" FILE="../../../../../../Study/Git/UR_UnrealEngine4DEKIWAMERU_GAME_KAIHATSU/PaperNinja/Content/Characters/SK_Ninja.uasset" SILENT=true
[2017.12.18-00.46.44:504][169]LogSavePackage: Save=15.36ms
[2017.12.18-00.46.44:504][169]LogSavePackage: Moving '../../../../../../Study/Git/UR_UnrealEngine4DEKIWAMERU_GAME_KAIHATSU/PaperNinja/Saved/SK_Ninja0954CD734D8A13EE6A2E629BD23B2BAF.tmp' to '../../../../../../Study/Git/UR_UnrealEngine4DEKIWAMERU_GAME_KAIHATSU/PaperNinja/Content/Characters/SK_Ninja.uasset'
[2017.12.18-00.46.44:508][169]LogSavePackage: Display: Finished SavePackage ../../../../../../Study/Git/UR_UnrealEngine4DEKIWAMERU_GAME_KAIHATSU/PaperNinja/Content/Characters/SK_Ninja.uasset
[2017.12.18-00.47.00:282][979]LogContentBrowser: Native class hierarchy updated for 'BlueprintGraph' in 0.0005 seconds. Added 116 classes and 0 folders.
[2017.12.18-00.47.00:781][979]LogSlate: Took 0.000129 seconds to synchronously load lazily loaded font '../../../Engine/Content/Slate/Fonts/Roboto-Regular.ttf' (155K)
[2017.12.18-00.47.00:848][979]LogSlate: Took 0.005540 seconds to synchronously load lazily loaded font '../../../Engine/Content/Editor/Slate/Fonts/Roboto-BoldCondensed.ttf' (158K)
[2017.12.18-00.47.02:970][219]LogRenderer: Reallocating scene render targets to support 1328x888 Format 10 NumSamples 1 (Frame:1).
[2017.12.18-00.48.57:393][839]BlueprintLog: New page: PNPlayerPawn 컴파일
[2017.12.18-00.49.30:980][823]LogFileHelpers: Editor autosave (incl. sublevels) for '/Game/StarterContent/Maps/Minimal_Default' took 0.014
[2017.12.18-00.49.30:982][823]OBJ SavePackage: Generating thumbnails for [1] asset(s) in package [/Game/Blueprints/PNPlayerPawn] ([1] browsable assets)...
[2017.12.18-00.49.30:996][823]OBJ SavePackage:     Rendered thumbnail for [Blueprint /Game/Blueprints/PNPlayerPawn.PNPlayerPawn]
[2017.12.18-00.49.30:996][823]OBJ SavePackage: Finished generating thumbnails for package [/Game/Blueprints/PNPlayerPawn]
[2017.12.18-00.49.31:048][823]LogSavePackage: Save=43.25ms
[2017.12.18-00.49.31:048][823]LogSavePackage: Moving '../../../../../../Study/Git/UR_UnrealEngine4DEKIWAMERU_GAME_KAIHATSU/PaperNinja/Saved/PNPlayerPawn_Auto27C884929403D6180328F969CFEBE0669.tmp' to '../../../../../../Study/Git/UR_UnrealEngine4DEKIWAMERU_GAME_KAIHATSU/PaperNinja/Saved/Autosaves/Game/Blueprints/PNPlayerPawn_Auto2.uasset'
[2017.12.18-00.49.31:051][823]LogSavePackage: Display: Finished SavePackage ../../../../../../Study/Git/UR_UnrealEngine4DEKIWAMERU_GAME_KAIHATSU/PaperNinja/Saved/Autosaves/Game/Blueprints/PNPlayerPawn_Auto2.uasset
[2017.12.18-00.49.31:051][823]LogFileHelpers: Auto-saving content packages took 0.070
[2017.12.18-00.51.29:927][ 84]LogActorComponent: RegisterComponentWithWorld: (/Engine/Transient.World_6:PersistentLevel.Actor_2.DebugSkelMeshComponent_2) Already registered. Aborting.
[2017.12.18-00.53.45:152][595]Cmd: OBJ SAVEPACKAGE PACKAGE="/Game/Blueprints/PNPlayerPawn" FILE="../../../../../../Study/Git/UR_UnrealEngine4DEKIWAMERU_GAME_KAIHATSU/PaperNinja/Content/Blueprints/PNPlayerPawn.uasset" SILENT=true
[2017.12.18-00.53.45:192][595]LogSavePackage: Save=31.64ms
[2017.12.18-00.53.45:192][595]LogSavePackage: Moving '../../../../../../Study/Git/UR_UnrealEngine4DEKIWAMERU_GAME_KAIHATSU/PaperNinja/Saved/PNPlayerPawnCCD8496446E395C69BC75EA8D4506A28.tmp' to '../../../../../../Study/Git/UR_UnrealEngine4DEKIWAMERU_GAME_KAIHATSU/PaperNinja/Content/Blueprints/PNPlayerPawn.uasset'
[2017.12.18-00.53.45:196][595]LogSavePackage: Display: Finished SavePackage ../../../../../../Study/Git/UR_UnrealEngine4DEKIWAMERU_GAME_KAIHATSU/PaperNinja/Content/Blueprints/PNPlayerPawn.uasset
[2017.12.18-00.53.45:201][595]Cmd: MAP LOAD FILE="../../../../../../Study/Git/UR_UnrealEngine4DEKIWAMERU_GAME_KAIHATSU/PaperNinja/Content/Maps/Stage01/Test_Player_Movement.umap" TEMPLATE=0 SHOWPROGRESS=1 FEATURELEVEL=3
[2017.12.18-00.53.45:213][595]LightingResults: New page: 라이팅 빌드
[2017.12.18-00.53.45:214][595]LoadErrors: New page: 맵 로드중: Test_Player_Movement.umap
[2017.12.18-00.53.45:215][595]MapCheck: New page: 맵 체크
[2017.12.18-00.53.45:215][595]LightingResults: New page: 라이팅 빌드
[2017.12.18-00.53.47:201][595]LogTexture: Display: 텍스처 빌드: T_Shuriken_D (AutoDXT, 2048X2048)
[2017.12.18-00.53.47:201][595]LogMaterial: Missing cached shader map for material M_Shuriken, compiling. 
[2017.12.18-00.53.47:235][595]LogAIModule: Creating AISystem for world Test_Player_Movement
[2017.12.18-00.53.47:299][595]LogEditorServer: Finished looking for orphan Actors (0.000 secs)
[2017.12.18-00.53.47:338][595]Cmd: MAP CHECKDEP NOCLEARLOG
[2017.12.18-00.53.47:400][595]MapCheck: 맵 체크 완료: 오류 0 회, 경고 0 회, 소요 시간 62.543ms.
[2017.12.18-00.53.47:400][595]LogFileHelpers: Loading map 'Test_Player_Movement' took 2.201
[2017.12.18-00.53.51:008][983]LogTemp: Repeating last play command: 새 에디터 창 (PIE)
[2017.12.18-00.53.51:094][983]LogPlayLevel: PlayLevel: No blueprints needed recompiling
[2017.12.18-00.53.51:095][983]PIE: New page: PIE 세션: Test_Player_Movement (2017. 12. 18. 오후 6:53:51)
[2017.12.18-00.53.51:095][983]LogPlayLevel: Creating play world package: /Game/Maps/Stage01/UEDPIE_0_Test_Player_Movement
[2017.12.18-00.53.51:102][983]LogPlayLevel: PIE: StaticDuplicateObject took: (0.006702s)
[2017.12.18-00.53.51:102][983]LogAIModule: Creating AISystem for world Test_Player_Movement
[2017.12.18-00.53.51:103][983]LogPlayLevel: PIE: World Init took: (0.000742s)
[2017.12.18-00.53.51:103][983]LogPlayLevel: PIE: Created PIE world by copying editor world from /Game/Maps/Stage01/Test_Player_Movement.Test_Player_Movement to /Game/Maps/Stage01/UEDPIE_0_Test_Player_Movement.Test_Player_Movement (0.007674s)
[2017.12.18-00.53.51:149][983]LogInit: XAudio2 using 'LG IPS FULLHD-0(NVIDIA High Definition Audio)' : 2 channels at 48 kHz using 16 bits per sample (channel mask 0x3)
[2017.12.18-00.53.51:173][983]LogInit: FAudioDevice initialized.
[2017.12.18-00.53.51:280][983]LogLoad: Game class is 'PNGameMode_C'
[2017.12.18-00.53.51:282][983]LogWorld: Bringing World /Game/Maps/Stage01/UEDPIE_0_Test_Player_Movement.Test_Player_Movement up for play (max tick rate 0) at 2017.12.18-09.53.51
[2017.12.18-00.53.51:282][983]LogWorld: Bringing up level for play took: 0.000793
[2017.12.18-00.53.51:327][983]LogContentBrowser: Native class hierarchy updated for 'MovieSceneCapture' in 0.0003 seconds. Added 11 classes and 0 folders.
[2017.12.18-00.53.51:335][983]PIE: /Game/Maps/Stage01/UEDPIE_0_Test_Player_Movement 에 대한 에디터에서 플레이 시작 시간: -0.725
[2017.12.18-00.53.51:403][984]LogCharacterMovement: Warning: GetSimulationTimeStep() - Max iterations 8 hit while remaining time 0.091067 > MaxSimulationTimeStep (0.050) for 'PNPlayerPawn_C_0', movement 'Walking'
[2017.12.18-00.58.42:296][862]LogAIModule: Creating AISystem for world PNStage01_Top
[2017.12.18-00.58.42:317][862]Cmd: MAP LOAD FILE="../../../../../../Study/Git/UR_UnrealEngine4DEKIWAMERU_GAME_KAIHATSU/PaperNinja/Content/Maps/Stage01/PNStage01_Top.umap" TEMPLATE=0 SHOWPROGRESS=1 FEATURELEVEL=3
[2017.12.18-00.58.42:317][862]LightingResults: New page: 라이팅 빌드
[2017.12.18-00.58.42:318][862]LoadErrors: New page: 맵 로드중: PNStage01_Top.umap
[2017.12.18-00.58.42:319][862]MapCheck: New page: 맵 체크
[2017.12.18-00.58.42:319][862]LightingResults: New page: 라이팅 빌드
[2017.12.18-00.58.42:337][862]LogStreaming: Display: ULevelStreaming::RequestLevel(/Game/Maps/Stage01/PNStage01_GB) is flushing async loading
[2017.12.18-00.58.42:349][862]LogStreaming: Display: ULevelStreaming::RequestLevel(/Game/Maps/Stage01/PNStage01_SM) is flushing async loading
[2017.12.18-00.58.42:435][862]LogEditorServer: Finished looking for orphan Actors (0.000 secs)
[2017.12.18-00.58.42:470][862]Cmd: MAP CHECKDEP NOCLEARLOG
[2017.12.18-00.58.42:527][862]MapCheck: 맵 체크 완료: 오류 0 회, 경고 0 회, 소요 시간 56.974ms.
[2017.12.18-00.58.42:528][862]LogFileHelpers: Loading map 'PNStage01_Top' took 0.211
[2017.12.18-00.58.51:870][854]LogTemp: Repeating last play command: 새 에디터 창 (PIE)
[2017.12.18-00.58.51:883][854]LogPlayLevel: PlayLevel: No blueprints needed recompiling
[2017.12.18-00.58.51:883][854]PIE: New page: PIE 세션: PNStage01_Top (2017. 12. 18. 오후 6:58:51)
[2017.12.18-00.58.51:883][854]LogPlayLevel: Creating play world package: /Game/Maps/Stage01/UEDPIE_0_PNStage01_Top
[2017.12.18-00.58.51:886][854]LogPlayLevel: PIE: StaticDuplicateObject took: (0.002430s)
[2017.12.18-00.58.51:886][854]LogAIModule: Creating AISystem for world PNStage01_Top
[2017.12.18-00.58.51:886][854]LogPlayLevel: PIE: World Init took: (0.000437s)
[2017.12.18-00.58.51:886][854]LogPlayLevel: PIE: Created PIE world by copying editor world from /Game/Maps/Stage01/PNStage01_Top.PNStage01_Top to /Game/Maps/Stage01/UEDPIE_0_PNStage01_Top.PNStage01_Top (0.003122s)
[2017.12.18-00.58.51:929][854]LogInit: XAudio2 using 'LG IPS FULLHD-0(NVIDIA High Definition Audio)' : 2 channels at 48 kHz using 16 bits per sample (channel mask 0x3)
[2017.12.18-00.58.51:940][854]LogInit: FAudioDevice initialized.
[2017.12.18-00.58.52:018][854]LogLoad: Game class is 'PNGameMode_C'
[2017.12.18-00.58.52:021][854]LogWorld: Bringing World /Game/Maps/Stage01/UEDPIE_0_PNStage01_Top.PNStage01_Top up for play (max tick rate 0) at 2017.12.18-09.58.52
[2017.12.18-00.58.52:021][854]LogWorld: Bringing up level for play took: 0.001733
[2017.12.18-00.58.52:034][854]PIE: /Game/Maps/Stage01/UEDPIE_0_PNStage01_Top 에 대한 에디터에서 플레이 시작 시간: -0.026
[2017.12.18-01.02.30:330][707]BlueprintLog: New page: PNPlayerPawn 컴파일
[2017.12.18-01.02.33:675][ 72]LogTemp: Repeating last play command: 새 에디터 창 (PIE)
[2017.12.18-01.02.33:688][ 72]LogPlayLevel: PlayLevel: No blueprints needed recompiling
[2017.12.18-01.02.33:688][ 72]PIE: New page: PIE 세션: PNStage01_Top (2017. 12. 18. 오후 7:02:33)
[2017.12.18-01.02.33:688][ 72]LogPlayLevel: Creating play world package: /Game/Maps/Stage01/UEDPIE_0_PNStage01_Top
[2017.12.18-01.02.33:691][ 72]LogPlayLevel: PIE: StaticDuplicateObject took: (0.002599s)
[2017.12.18-01.02.33:692][ 72]LogAIModule: Creating AISystem for world PNStage01_Top
[2017.12.18-01.02.33:692][ 72]LogPlayLevel: PIE: World Init took: (0.000623s)
[2017.12.18-01.02.33:692][ 72]LogPlayLevel: PIE: Created PIE world by copying editor world from /Game/Maps/Stage01/PNStage01_Top.PNStage01_Top to /Game/Maps/Stage01/UEDPIE_0_PNStage01_Top.PNStage01_Top (0.003429s)
[2017.12.18-01.02.33:734][ 72]LogInit: XAudio2 using 'LG IPS FULLHD-0(NVIDIA High Definition Audio)' : 2 channels at 48 kHz using 16 bits per sample (channel mask 0x3)
[2017.12.18-01.02.33:747][ 72]LogInit: FAudioDevice initialized.
[2017.12.18-01.02.33:843][ 72]LogLoad: Game class is 'PNGameMode_C'
[2017.12.18-01.02.33:845][ 72]LogWorld: Bringing World /Game/Maps/Stage01/UEDPIE_0_PNStage01_Top.PNStage01_Top up for play (max tick rate 0) at 2017.12.18-10.02.33
[2017.12.18-01.02.33:846][ 72]LogWorld: Bringing up level for play took: 0.002159
[2017.12.18-01.02.33:852][ 72]PIE: /Game/Maps/Stage01/UEDPIE_0_PNStage01_Top 에 대한 에디터에서 플레이 시작 시간: -0.208
[2017.12.18-01.03.19:229][583]LogTemp: Repeating last play command: 새 에디터 창 (PIE)
[2017.12.18-01.03.19:247][583]LogPlayLevel: PlayLevel: No blueprints needed recompiling
[2017.12.18-01.03.19:248][583]PIE: New page: PIE 세션: PNStage01_Top (2017. 12. 18. 오후 7:03:19)
[2017.12.18-01.03.19:248][583]LogPlayLevel: Creating play world package: /Game/Maps/Stage01/UEDPIE_0_PNStage01_Top
[2017.12.18-01.03.19:250][583]LogPlayLevel: PIE: StaticDuplicateObject took: (0.002502s)
[2017.12.18-01.03.19:251][583]LogAIModule: Creating AISystem for world PNStage01_Top
[2017.12.18-01.03.19:251][583]LogPlayLevel: PIE: World Init took: (0.000495s)
[2017.12.18-01.03.19:251][583]LogPlayLevel: PIE: Created PIE world by copying editor world from /Game/Maps/Stage01/PNStage01_Top.PNStage01_Top to /Game/Maps/Stage01/UEDPIE_0_PNStage01_Top.PNStage01_Top (0.003190s)
[2017.12.18-01.03.19:305][583]LogInit: XAudio2 using 'LG IPS FULLHD-0(NVIDIA High Definition Audio)' : 2 channels at 48 kHz using 16 bits per sample (channel mask 0x3)
[2017.12.18-01.03.19:317][583]LogInit: FAudioDevice initialized.
[2017.12.18-01.03.19:400][583]LogLoad: Game class is 'PNGameMode_C'
[2017.12.18-01.03.19:402][583]LogWorld: Bringing World /Game/Maps/Stage01/UEDPIE_0_PNStage01_Top.PNStage01_Top up for play (max tick rate 0) at 2017.12.18-10.03.19
[2017.12.18-01.03.19:403][583]LogWorld: Bringing up level for play took: 0.001771
[2017.12.18-01.03.19:408][583]PIE: /Game/Maps/Stage01/UEDPIE_0_PNStage01_Top 에 대한 에디터에서 플레이 시작 시간: -0.652
[2017.12.18-01.03.20:378][667]Set new viewmode: Unlit
[2017.12.18-01.03.36:310][446]LogEditorViewport: Clicking on Actor (LMB): BlockingVolume (BlockingVolume2)
[2017.12.18-01.03.36:310][446]LogEditorSelectUtils: Warning: SelectActor: The requested operation could not be completed because the level is locked. (BlockingVolume2)
[2017.12.18-01.03.41:455][ 54]LogEditorViewport: Clicking on Actor (LMB): StaticMeshActor (SM_Floor146)
[2017.12.18-01.03.44:364][372]Cmd: SELECT NONE
[2017.12.18-01.07.37:209][673]Cmd: OBJ SAVEPACKAGE PACKAGE="/Game/Blueprints/PNPlayerPawn" FILE="../../../../../../Study/Git/UR_UnrealEngine4DEKIWAMERU_GAME_KAIHATSU/PaperNinja/Content/Blueprints/PNPlayerPawn.uasset" SILENT=true
[2017.12.18-01.07.37:258][673]LogSavePackage: Save=39.45ms
[2017.12.18-01.07.37:259][673]LogSavePackage: Moving '../../../../../../Study/Git/UR_UnrealEngine4DEKIWAMERU_GAME_KAIHATSU/PaperNinja/Saved/PNPlayerPawn12B826A94917DCEE9D5814925224B634.tmp' to '../../../../../../Study/Git/UR_UnrealEngine4DEKIWAMERU_GAME_KAIHATSU/PaperNinja/Content/Blueprints/PNPlayerPawn.uasset'
[2017.12.18-01.07.37:263][673]LogSavePackage: Display: Finished SavePackage ../../../../../../Study/Git/UR_UnrealEngine4DEKIWAMERU_GAME_KAIHATSU/PaperNinja/Content/Blueprints/PNPlayerPawn.uasset
[2017.12.18-01.07.37:505][673]LogWindowsTextInputMethodSystem: Display: IME system now activated using TSF (Microsoft 입력기).
[2017.12.18-01.07.37:689][674]Cmd: QUIT_EDITOR
[2017.12.18-01.07.37:690][674]LogActorComponent: UnregisterComponent: (/Engine/Transient.SphereBrushComponent) Not registered. Aborting.
[2017.12.18-01.07.37:877][674]LogExit: Preparing to exit.
[2017.12.18-01.07.38:095][674]LogDirectoryWatcher: A directory notification for 'C:/Study/Git/UR_UnrealEngine4DEKIWAMERU_GAME_KAIHATSU/PaperNinja/Content/' was aborted.
[2017.12.18-01.07.38:124][674]LogExit: Editor shut down
[2017.12.18-01.07.38:131][674]LogExit: Transaction tracking system shut down
[2017.12.18-01.07.38:289][674]LogDirectoryWatcher: A directory notification for '../../../Engine/Content/' was aborted.
[2017.12.18-01.07.38:289][674]LogDirectoryWatcher: A directory notification for '../../../../../../Study/Git/UR_UnrealEngine4DEKIWAMERU_GAME_KAIHATSU/PaperNinja/Content/' was aborted.
[2017.12.18-01.07.38:289][674]LogDirectoryWatcher: A directory notification for '../../../Engine/Plugins/2D/Paper2D/Content/' was aborted.
[2017.12.18-01.07.38:289][674]LogDirectoryWatcher: A directory notification for '../../../Engine/Plugins/Media/MediaCompositing/Content/' was aborted.
[2017.12.18-01.07.38:289][674]LogDirectoryWatcher: A directory notification for '../../../Engine/Plugins/Runtime/AppleARKit/Content/' was aborted.
[2017.12.18-01.07.38:289][674]LogDirectoryWatcher: A directory notification for '../../../Engine/Plugins/Runtime/Oculus/OculusVR/Content/' was aborted.
[2017.12.18-01.07.38:289][674]LogDirectoryWatcher: A directory notification for '../../../Engine/Plugins/Runtime/Steam/SteamVR/Content/' was aborted.
[2017.12.18-01.07.38:355][674]LogExit: Object subsystem successfully closed.
[2017.12.18-01.07.38:369][674]LogD3D11RHI: Shutdown
[2017.12.18-01.07.38:369][674]LogD3D11RHI: CleanupD3DDevice
[2017.12.18-01.07.38:374][674]LogD3D11RHI: ~FD3D11DynamicRHI
[2017.12.18-01.07.38:387][674]LogModuleManager: Shutting down and abandoning module MovieSceneCapture (560)
[2017.12.18-01.07.38:387][674]LogModuleManager: Shutting down and abandoning module BlueprintGraph (558)
[2017.12.18-01.07.38:387][674]LogModuleManager: Shutting down and abandoning module ClothingSystemEditorInterface (556)
[2017.12.18-01.07.38:387][674]LogModuleManager: Shutting down and abandoning module SkeletonEditor (554)
[2017.12.18-01.07.38:387][674]LogModuleManager: Shutting down and abandoning module TextureEditor (552)
[2017.12.18-01.07.38:387][674]LogModuleManager: Shutting down and abandoning module HierarchicalLODOutliner (550)
[2017.12.18-01.07.38:387][674]LogModuleManager: Shutting down and abandoning module WorldBrowser (548)
[2017.12.18-01.07.38:387][674]LogModuleManager: Shutting down and abandoning module SceneOutliner (546)
[2017.12.18-01.07.38:387][674]LogModuleManager: Shutting down and abandoning module AddContentDialog (544)
[2017.12.18-01.07.38:387][674]LogDirectoryWatcher: A directory notification for 'C:/Program Files/Epic Games/UE_4.18/FeaturePacks/' was aborted.
[2017.12.18-01.07.38:388][674]LogModuleManager: Shutting down and abandoning module WidgetCarousel (543)
[2017.12.18-01.07.38:388][674]LogModuleManager: Shutting down and abandoning module EditorWidgets (540)
[2017.12.18-01.07.38:388][674]LogModuleManager: Shutting down and abandoning module CollectionManager (538)
[2017.12.18-01.07.38:388][674]LogDirectoryWatcher: A directory notification for 'C:/Study/Git/UR_UnrealEngine4DEKIWAMERU_GAME_KAIHATSU/PaperNinja/Content/Collections/' was aborted.
[2017.12.18-01.07.38:388][674]LogDirectoryWatcher: A directory notification for 'C:/Study/Git/UR_UnrealEngine4DEKIWAMERU_GAME_KAIHATSU/PaperNinja/Content/Developers/Company/Collections/' was aborted.
[2017.12.18-01.07.38:388][674]LogDirectoryWatcher: A directory notification for 'C:/Study/Git/UR_UnrealEngine4DEKIWAMERU_GAME_KAIHATSU/PaperNinja/Saved/Collections/' was aborted.
[2017.12.18-01.07.38:388][674]LogModuleManager: Shutting down and abandoning module StatsViewer (536)
[2017.12.18-01.07.38:388][674]LogModuleManager: Shutting down and abandoning module FoliageEdit (534)
[2017.12.18-01.07.38:388][674]LogModuleManager: Shutting down and abandoning module LandscapeEditor (532)
[2017.12.18-01.07.38:388][674]LogModuleManager: Shutting down and abandoning module MeshPaintMode (530)
[2017.12.18-01.07.38:388][674]LogModuleManager: Shutting down and abandoning module SceneDepthPickerMode (528)
[2017.12.18-01.07.38:388][674]LogModuleManager: Shutting down and abandoning module ActorPickerMode (526)
[2017.12.18-01.07.38:388][674]LogModuleManager: Shutting down and abandoning module GeometryMode (524)
[2017.12.18-01.07.38:388][674]LogModuleManager: Shutting down and abandoning module TextureAlignMode (522)
[2017.12.18-01.07.38:389][674]LogModuleManager: Shutting down and abandoning module BspMode (520)
[2017.12.18-01.07.38:389][674]LogModuleManager: Shutting down and abandoning module PIEPreviewDeviceProfileSelector (518)
[2017.12.18-01.07.38:389][674]LogModuleManager: Shutting down and abandoning module HardwareSurvey (516)
[2017.12.18-01.07.38:389][674]LogModuleManager: Shutting down and abandoning module SequenceRecorderSections (514)
[2017.12.18-01.07.38:389][674]LogModuleManager: Shutting down and abandoning module AutomationWorker (512)
[2017.12.18-01.07.38:389][674]LogModuleManager: Shutting down and abandoning module MatineeToLevelSequence (510)
[2017.12.18-01.07.38:389][674]LogModuleManager: Shutting down and abandoning module LevelSequenceEditor (508)
[2017.12.18-01.07.38:389][674]LogModuleManager: Shutting down and abandoning module PlacementMode (507)
[2017.12.18-01.07.38:389][674]LogModuleManager: Shutting down and abandoning module WmfMediaFactory (504)
[2017.12.18-01.07.38:389][674]LogModuleManager: Shutting down and abandoning module WmfMediaEditor (502)
[2017.12.18-01.07.38:389][674]LogModuleManager: Shutting down and abandoning module OpenExrWrapper (500)
[2017.12.18-01.07.38:389][674]LogModuleManager: Shutting down and abandoning module ImgMediaFactory (498)
[2017.12.18-01.07.38:389][674]LogModuleManager: Shutting down and abandoning module ImgMediaEditor (496)
[2017.12.18-01.07.38:389][674]LogModuleManager: Shutting down and abandoning module AvfMediaFactory (494)
[2017.12.18-01.07.38:389][674]LogModuleManager: Shutting down and abandoning module AvfMediaEditor (492)
[2017.12.18-01.07.38:389][674]LogModuleManager: Shutting down and abandoning module AndroidMediaFactory (490)
[2017.12.18-01.07.38:389][674]LogModuleManager: Shutting down and abandoning module AndroidMediaEditor (488)
[2017.12.18-01.07.38:389][674]LogModuleManager: Shutting down and abandoning module CharacterAI (486)
[2017.12.18-01.07.38:389][674]LogModuleManager: Shutting down and abandoning module AudioCapture (484)
[2017.12.18-01.07.38:389][674]LogModuleManager: Shutting down and abandoning module SequenceRecorder (483)
[2017.12.18-01.07.38:389][674]LogModuleManager: Shutting down and abandoning module SmartSnapping (480)
[2017.12.18-01.07.38:389][674]LogModuleManager: Shutting down and abandoning module SessionServices (478)
[2017.12.18-01.07.38:389][674]LogModuleManager: Shutting down and abandoning module ViewportSnapping (476)
[2017.12.18-01.07.38:389][674]LogModuleManager: Shutting down and abandoning module ViewportInteraction (474)
[2017.12.18-01.07.38:389][674]LogModuleManager: Shutting down and abandoning module ClothPainter (472)
[2017.12.18-01.07.38:389][674]LogModuleManager: Shutting down and abandoning module SkeletalMeshEditor (471)
[2017.12.18-01.07.38:389][674]LogModuleManager: Shutting down and abandoning module LogVisualizer (468)
[2017.12.18-01.07.38:389][674]LogModuleManager: Shutting down and abandoning module IntroTutorials (466)
[2017.12.18-01.07.38:389][674]LogModuleManager: Shutting down and abandoning module GameProjectGeneration (465)
[2017.12.18-01.07.38:389][674]LogModuleManager: Shutting down and abandoning module IOSPlatformEditor (462)
[2017.12.18-01.07.38:389][674]LogModuleManager: Shutting down and abandoning module HTML5PlatformEditor (460)
[2017.12.18-01.07.38:389][674]LogModuleManager: Shutting down and abandoning module AndroidPlatformEditor (458)
[2017.12.18-01.07.38:389][674]LogModuleManager: Shutting down and abandoning module AndroidDeviceDetection (457)
[2017.12.18-01.07.39:028][674]LogModuleManager: Shutting down and abandoning module WindowsPlatformEditor (454)
[2017.12.18-01.07.39:028][674]LogModuleManager: Shutting down and abandoning module IOSRuntimeSettings (452)
[2017.12.18-01.07.39:028][674]LogModuleManager: Shutting down and abandoning module AndroidRuntimeSettings (450)
[2017.12.18-01.07.39:028][674]LogModuleManager: Shutting down and abandoning module InputBindingEditor (448)
[2017.12.18-01.07.39:028][674]LogModuleManager: Shutting down and abandoning module MergeActors (446)
[2017.12.18-01.07.39:028][674]LogModuleManager: Shutting down and abandoning module SizeMap (444)
[2017.12.18-01.07.39:028][674]LogModuleManager: Shutting down and abandoning module TreeMap (442)
[2017.12.18-01.07.39:028][674]LogModuleManager: Shutting down and abandoning module ReferenceViewer (440)
[2017.12.18-01.07.39:028][674]LogModuleManager: Shutting down and abandoning module LocalizationDashboard (438)
[2017.12.18-01.07.39:028][674]LogModuleManager: Shutting down and abandoning module LocalizationService (437)
[2017.12.18-01.07.39:028][674]LogModuleManager: Shutting down and abandoning module HardwareTargeting (434)
[2017.12.18-01.07.39:028][674]LogModuleManager: Shutting down and abandoning module DeviceProfileEditor (432)
[2017.12.18-01.07.39:028][674]LogModuleManager: Shutting down and abandoning module UndoHistory (430)
[2017.12.18-01.07.39:028][674]LogModuleManager: Shutting down and abandoning module XmlParser (428)
[2017.12.18-01.07.39:028][674]LogModuleManager: Shutting down and abandoning module Blutility (426)
[2017.12.18-01.07.39:028][674]LogModuleManager: Shutting down and abandoning module ProjectSettingsViewer (424)
[2017.12.18-01.07.39:028][674]LogModuleManager: Shutting down and abandoning module ProjectTargetPlatformEditor (423)
[2017.12.18-01.07.39:028][674]LogModuleManager: Shutting down and abandoning module EditorSettingsViewer (420)
[2017.12.18-01.07.39:028][674]LogModuleManager: Shutting down and abandoning module SettingsEditor (418)
[2017.12.18-01.07.39:028][674]LogModuleManager: Shutting down and abandoning module ProjectLauncher (416)
[2017.12.18-01.07.39:028][674]LogModuleManager: Shutting down and abandoning module SessionFrontend (414)
[2017.12.18-01.07.39:028][674]LogModuleManager: Shutting down and abandoning module ProfilerClient (412)
[2017.12.18-01.07.39:028][674]LogModuleManager: Shutting down and abandoning module DeviceManager (410)
[2017.12.18-01.07.39:028][674]LogModuleManager: Shutting down and abandoning module TargetDeviceServices (409)
[2017.12.18-01.07.39:083][674]LogModuleManager: Shutting down and abandoning module AutomationController (406)
[2017.12.18-01.07.39:083][674]LogModuleManager: Shutting down and abandoning module AutomationWindow (404)
[2017.12.18-01.07.39:083][674]LogModuleManager: Shutting down and abandoning module Layers (402)
[2017.12.18-01.07.39:083][674]LogModuleManager: Shutting down and abandoning module ComponentVisualizers (400)
[2017.12.18-01.07.39:083][674]LogModuleManager: Shutting down and abandoning module DetailCustomizations (398)
[2017.12.18-01.07.39:083][674]LogModuleManager: Shutting down and abandoning module PackagesDialog (396)
[2017.12.18-01.07.39:083][674]LogModuleManager: Shutting down and abandoning module Persona (394)
[2017.12.18-01.07.39:083][674]LogModuleManager: Shutting down and abandoning module AdvancedPreviewScene (393)
[2017.12.18-01.07.39:083][674]LogModuleManager: Shutting down and abandoning module AnimGraph (391)
[2017.12.18-01.07.39:083][674]LogModuleManager: Shutting down and abandoning module Kismet (388)
[2017.12.18-01.07.39:088][674]LogModuleManager: Shutting down and abandoning module ClassViewer (386)
[2017.12.18-01.07.39:088][674]LogModuleManager: Shutting down and abandoning module Toolbox (384)
[2017.12.18-01.07.39:088][674]LogModuleManager: Shutting down and abandoning module ModuleUI (382)
[2017.12.18-01.07.39:088][674]LogModuleManager: Shutting down and abandoning module MovieSceneTools (380)
[2017.12.18-01.07.39:088][674]LogModuleManager: Shutting down and abandoning module OutputLog (378)
[2017.12.18-01.07.39:088][674]LogModuleManager: Shutting down and abandoning module GammaUI (376)
[2017.12.18-01.07.39:088][674]LogModuleManager: Shutting down and abandoning module Documentation (374)
[2017.12.18-01.07.39:088][674]LogModuleManager: Shutting down and abandoning module MovieSceneTracks (372)
[2017.12.18-01.07.39:088][674]LogModuleManager: Shutting down and abandoning module MovieScene (370)
[2017.12.18-01.07.39:088][674]LogModuleManager: Shutting down and abandoning module StreamingPauseRendering (368)
[2017.12.18-01.07.39:088][674]LogModuleManager: Shutting down and abandoning module LauncherPlatform (366)
[2017.12.18-01.07.39:088][674]LogModuleManager: Shutting down and abandoning module AnalyticsET (364)
[2017.12.18-01.07.39:088][674]LogModuleManager: Shutting down and abandoning module PortalServices (362)
[2017.12.18-01.07.39:088][674]LogModuleManager: Shutting down and abandoning module PortalRpc (360)
[2017.12.18-01.07.39:088][674]LogModuleManager: Shutting down and abandoning module MessagingRpc (358)
[2017.12.18-01.07.39:088][674]LogModuleManager: Shutting down and abandoning module AIModule (356)
[2017.12.18-01.07.39:089][674]LogModuleManager: Shutting down and abandoning module GameplayDebugger (355)
[2017.12.18-01.07.39:089][674]LogModuleManager: Shutting down and abandoning module AITestSuite (353)
[2017.12.18-01.07.39:089][674]LogModuleManager: Shutting down and abandoning module DesktopPlatform (350)
[2017.12.18-01.07.39:089][674]LogModuleManager: Shutting down and abandoning module ProfilerService (348)
[2017.12.18-01.07.39:112][674]LogModuleManager: Shutting down and abandoning module TaskGraph (346)
[2017.12.18-01.07.39:112][674]LogModuleManager: Shutting down and abandoning module SteamVRController (344)
[2017.12.18-01.07.39:112][674]LogModuleManager: Shutting down and abandoning module ProceduralMeshComponentEditor (342)
[2017.12.18-01.07.39:112][674]LogModuleManager: Shutting down and abandoning module ProceduralMeshComponent (340)
[2017.12.18-01.07.39:112][674]LogModuleManager: Shutting down and abandoning module OculusInput (338)
[2017.12.18-01.07.39:112][674]LogModuleManager: Shutting down and abandoning module MobilePatchingUtils (336)
[2017.12.18-01.07.39:112][674]LogModuleManager: Shutting down and abandoning module CustomMeshComponent (334)
[2017.12.18-01.07.39:112][674]LogModuleManager: Shutting down and abandoning module CableComponent (332)
[2017.12.18-01.07.39:112][674]LogModuleManager: Shutting down and abandoning module ArchVisCharacter (330)
[2017.12.18-01.07.39:112][674]LogModuleManager: Shutting down and abandoning module AndroidPermission (328)
[2017.12.18-01.07.39:112][674]LogModuleManager: Shutting down and abandoning module ActorSequence (324)
[2017.12.18-01.07.39:112][674]LogModuleManager: Shutting down and abandoning module MediaPlayerEditor (322)
[2017.12.18-01.07.39:112][674]LogModuleManager: Shutting down and abandoning module MediaCompositingEditor (320)
[2017.12.18-01.07.39:113][674]LogModuleManager: Shutting down and abandoning module MediaCompositing (318)
[2017.12.18-01.07.39:113][674]LogModuleManager: Shutting down and abandoning module HTML5Networking (316)
[2017.12.18-01.07.39:113][674]LogModuleManager: Shutting down and abandoning module AlembicImporter (314)
[2017.12.18-01.07.39:113][674]LogModuleManager: Shutting down and abandoning module AlembicLibrary (313)
[2017.12.18-01.07.39:113][674]LogModuleManager: Shutting down and abandoning module GeometryCache (312)
[2017.12.18-01.07.39:113][674]LogModuleManager: Shutting down and abandoning module GeometryCacheEd (311)
[2017.12.18-01.07.39:113][674]LogModuleManager: Shutting down and abandoning module SpeedTreeImporter (306)
[2017.12.18-01.07.39:113][674]LogModuleManager: Shutting down and abandoning module PluginBrowser (304)
[2017.12.18-01.07.39:113][674]LogModuleManager: Shutting down and abandoning module MobileLauncherProfileWizard (302)
[2017.12.18-01.07.39:113][674]LogModuleManager: Shutting down and abandoning module VisualStudioSourceCodeAccess (300)
[2017.12.18-01.07.39:113][674]LogModuleManager: Shutting down and abandoning module VisualStudioCodeSourceCodeAccess (298)
[2017.12.18-01.07.39:113][674]LogModuleManager: Shutting down and abandoning module UObjectPlugin (296)
[2017.12.18-01.07.39:113][674]LogModuleManager: Shutting down and abandoning module SubversionSourceControl (294)
[2017.12.18-01.07.39:113][674]LogModuleManager: Shutting down and abandoning module PerforceSourceControl (292)
[2017.12.18-01.07.39:113][674]LogModuleManager: Shutting down and abandoning module GitSourceControl (290)
[2017.12.18-01.07.39:113][674]LogModuleManager: Shutting down and abandoning module SourceControl (289)
[2017.12.18-01.07.39:113][674]LogModuleManager: Shutting down and abandoning module LightPropagationVolumeEditor (286)
[2017.12.18-01.07.39:113][674]LogModuleManager: Shutting down and abandoning module PaperTiledImporter (284)
[2017.12.18-01.07.39:113][674]LogModuleManager: Shutting down and abandoning module PaperSpriteSheetImporter (282)
[2017.12.18-01.07.39:113][674]LogModuleManager: Shutting down and abandoning module Paper2DEditor (280)
[2017.12.18-01.07.39:113][674]LogModuleManager: Shutting down and abandoning module MeshPaint (279)
[2017.12.18-01.07.39:113][674]LogModuleManager: Shutting down and abandoning module LevelEditor (277)
[2017.12.18-01.07.39:114][674]LogModuleManager: Shutting down and abandoning module PixelInspectorModule (276)
[2017.12.18-01.07.39:114][674]LogModuleManager: Shutting down and abandoning module MainFrame (274)
[2017.12.18-01.07.39:114][674]LogModuleManager: Shutting down and abandoning module HotReload (273)
[2017.12.18-01.07.39:115][674]LogModuleManager: Shutting down and abandoning module RuntimePhysXCooking (268)
[2017.12.18-01.07.39:115][674]LogModuleManager: Shutting down and abandoning module PhysXVehiclesEditor (266)
[2017.12.18-01.07.39:115][674]LogModuleManager: Shutting down and abandoning module PhysXVehicles (264)
[2017.12.18-01.07.39:115][674]LogModuleManager: Shutting down and abandoning module OculusEditor (262)
[2017.12.18-01.07.39:115][674]LogModuleManager: Shutting down and abandoning module LocationServicesBPLibrary (260)
[2017.12.18-01.07.39:115][674]LogModuleManager: Shutting down and abandoning module ImmediatePhysicsEditor (258)
[2017.12.18-01.07.39:115][674]LogModuleManager: Shutting down and abandoning module ImmediatePhysics (256)
[2017.12.18-01.07.39:115][674]LogModuleManager: Shutting down and abandoning module UdpMessaging (254)
[2017.12.18-01.07.39:215][674]LogModuleManager: Shutting down and abandoning module TcpMessaging (252)
[2017.12.18-01.07.39:315][674]LogModuleManager: Shutting down and abandoning module GameplayTagsEditor (250)
[2017.12.18-01.07.39:315][674]LogModuleManager: Shutting down and abandoning module FacialAnimationEditor (248)
[2017.12.18-01.07.39:315][674]LogModuleManager: Shutting down and abandoning module FacialAnimation (246)
[2017.12.18-01.07.39:315][674]LogModuleManager: Shutting down and abandoning module AssetManagerEditor (244)
[2017.12.18-01.07.39:315][674]LogModuleManager: Shutting down and abandoning module GraphEditor (243)
[2017.12.18-01.07.39:315][674]LogModuleManager: Shutting down and abandoning module ContentBrowser (241)
[2017.12.18-01.07.39:316][674]LogModuleManager: Shutting down and abandoning module LightPropagationVolumeRuntime (238)
[2017.12.18-01.07.39:316][674]LogModuleManager: Shutting down and abandoning module Paper2D (236)
[2017.12.18-01.07.39:316][674]LogModuleManager: Shutting down and abandoning module WindowsMoviePlayer (234)
[2017.12.18-01.07.39:316][674]LogModuleManager: Shutting down and abandoning module WmfMedia (232)
[2017.12.18-01.07.39:316][674]LogModuleManager: Shutting down and abandoning module ImgMedia (230)
[2017.12.18-01.07.39:316][674]LogModuleManager: Shutting down and abandoning module PacketHandler (228)
[2017.12.18-01.07.39:316][674]LogModuleManager: Shutting down and abandoning module ClothingSystemEditor (226)
[2017.12.18-01.07.39:316][674]LogModuleManager: Shutting down and abandoning module ClothingSystemRuntime (224)
[2017.12.18-01.07.39:316][674]LogModuleManager: Shutting down and abandoning module MediaAssets (222)
[2017.12.18-01.07.39:316][674]LogModuleManager: Shutting down and abandoning module Media (221)
[2017.12.18-01.07.39:323][674]LogModuleManager: Shutting down and abandoning module Overlay (218)
[2017.12.18-01.07.39:323][674]LogModuleManager: Shutting down and abandoning module OverlayEditor (217)
[2017.12.18-01.07.39:323][674]LogModuleManager: Shutting down and abandoning module VREditor (214)
[2017.12.18-01.07.39:323][674]LogModuleManager: Shutting down and abandoning module StringTableEditor (212)
[2017.12.18-01.07.39:323][674]LogModuleManager: Shutting down and abandoning module GameplayTasksEditor (210)
[2017.12.18-01.07.39:323][674]LogModuleManager: Shutting down and abandoning module BehaviorTreeEditor (208)
[2017.12.18-01.07.39:323][674]LogModuleManager: Shutting down and abandoning module FunctionalTesting (206)
[2017.12.18-01.07.39:323][674]LogModuleManager: Shutting down and abandoning module CollisionAnalyzer (204)
[2017.12.18-01.07.39:323][674]LogModuleManager: Shutting down and abandoning module WorkspaceMenuStructure (203)
[2017.12.18-01.07.39:323][674]LogModuleManager: Shutting down and abandoning module UMG (200)
[2017.12.18-01.07.39:323][674]LogModuleManager: Shutting down and abandoning module UMGEditor (199)
[2017.12.18-01.07.39:323][674]LogModuleManager: Shutting down and abandoning module Sequencer (198)
[2017.12.18-01.07.39:323][674]LogModuleManager: Shutting down and abandoning module MessageLog (195)
[2017.12.18-01.07.39:323][674]LogModuleManager: Shutting down and abandoning module SlateReflector (190)
[2017.12.18-01.07.39:323][674]LogModuleManager: Shutting down and abandoning module Slate (188)
[2017.12.18-01.07.39:323][674]LogModuleManager: Shutting down and abandoning module EditorStyle (186)
[2017.12.18-01.07.39:325][674]LogModuleManager: Shutting down and abandoning module MRMesh (184)
[2017.12.18-01.07.39:325][674]LogModuleManager: Shutting down and abandoning module SourceCodeAccess (182)
[2017.12.18-01.07.39:325][674]LogModuleManager: Shutting down and abandoning module HeadMountedDisplay (180)
[2017.12.18-01.07.39:325][674]LogModuleManager: Shutting down and abandoning module XAudio2 (178)
[2017.12.18-01.07.39:325][674]LogModuleManager: Shutting down and abandoning module Networking (176)
[2017.12.18-01.07.39:325][674]LogModuleManager: Shutting down and abandoning module Core (172)
[2017.12.18-01.07.39:325][674]LogModuleManager: Shutting down and abandoning module LevelSequence (168)
[2017.12.18-01.07.39:325][674]LogModuleManager: Shutting down and abandoning module DirectoryWatcher (166)
[2017.12.18-01.07.39:326][674]LogModuleManager: Shutting down and abandoning module KismetCompiler (164)
[2017.12.18-01.07.39:326][674]LogModuleManager: Shutting down and abandoning module MeshUtilities (162)
[2017.12.18-01.07.39:326][674]LogModuleManager: Shutting down and abandoning module MeshMergeUtilities (161)
[2017.12.18-01.07.39:326][674]LogModuleManager: Shutting down and abandoning module MeshReductionInterface (160)
[2017.12.18-01.07.39:326][674]LogModuleManager: Shutting down and abandoning module SimplygonSwarm (159)
[2017.12.18-01.07.39:326][674]LogModuleManager: Shutting down and abandoning module SimplygonMeshReduction (157)
[2017.12.18-01.07.39:326][674]LogModuleManager: Shutting down and abandoning module QuadricMeshReduction (155)
[2017.12.18-01.07.39:326][674]LogModuleManager: Shutting down and abandoning module MaterialBaking (151)
[2017.12.18-01.07.39:326][674]LogModuleManager: Shutting down and abandoning module DerivedDataCache (148)
[2017.12.18-01.07.39:367][674]LogDerivedDataCache: Shutdown
[2017.12.18-01.07.39:367][674]LogModuleManager: Shutting down and abandoning module TargetPlatform (146)
[2017.12.18-01.07.39:367][674]LogModuleManager: Shutting down and abandoning module VulkanShaderFormat (145)
[2017.12.18-01.07.39:367][674]LogModuleManager: Shutting down and abandoning module ShaderFormatVectorVM (143)
[2017.12.18-01.07.39:367][674]LogModuleManager: Shutting down and abandoning module ShaderFormatOpenGL (141)
[2017.12.18-01.07.39:367][674]LogModuleManager: Shutting down and abandoning module ShaderFormatD3D (139)
[2017.12.18-01.07.39:367][674]LogModuleManager: Shutting down and abandoning module MetalShaderFormat (137)
[2017.12.18-01.07.39:367][674]LogModuleManager: Shutting down and abandoning module TextureFormatUncompressed (135)
[2017.12.18-01.07.39:367][674]LogModuleManager: Shutting down and abandoning module TextureFormatPVR (133)
[2017.12.18-01.07.39:367][674]LogModuleManager: Shutting down and abandoning module TextureFormatDXT (131)
[2017.12.18-01.07.39:367][674]LogModuleManager: Shutting down and abandoning module TextureFormatIntelISPCTexComp (129)
[2017.12.18-01.07.39:367][674]LogModuleManager: Shutting down and abandoning module TextureFormatASTC (127)
[2017.12.18-01.07.39:367][674]LogModuleManager: Shutting down and abandoning module ImageWrapper (126)
[2017.12.18-01.07.39:367][674]LogModuleManager: Shutting down and abandoning module TextureFormatAndroid (123)
[2017.12.18-01.07.39:367][674]LogModuleManager: Shutting down and abandoning module AudioFormatOpus (121)
[2017.12.18-01.07.39:367][674]LogModuleManager: Shutting down and abandoning module AudioFormatOgg (119)
[2017.12.18-01.07.39:367][674]LogModuleManager: Shutting down and abandoning module AudioFormatADPCM (117)
[2017.12.18-01.07.39:367][674]LogModuleManager: Shutting down and abandoning module LinuxTargetPlatform (115)
[2017.12.18-01.07.39:367][674]LogModuleManager: Shutting down and abandoning module LinuxServerTargetPlatform (113)
[2017.12.18-01.07.39:367][674]LogModuleManager: Shutting down and abandoning module LinuxNoEditorTargetPlatform (111)
[2017.12.18-01.07.39:367][674]LogModuleManager: Shutting down and abandoning module LinuxClientTargetPlatform (109)
[2017.12.18-01.07.39:367][674]LogModuleManager: Shutting down and abandoning module TVOSTargetPlatform (107)
[2017.12.18-01.07.39:367][674]LogModuleManager: Shutting down and abandoning module Messaging (105)
[2017.12.18-01.07.39:367][674]LogModuleManager: Shutting down and abandoning module IOSTargetPlatform (103)
[2017.12.18-01.07.39:367][674]LogModuleManager: Shutting down and abandoning module HTML5TargetPlatform (101)
[2017.12.18-01.07.39:367][674]LogModuleManager: Shutting down and abandoning module AndroidTargetPlatform (99)
[2017.12.18-01.07.39:367][674]LogModuleManager: Shutting down and abandoning module Android_PVRTCTargetPlatform (97)
[2017.12.18-01.07.39:367][674]LogModuleManager: Shutting down and abandoning module Android_MultiTargetPlatform (95)
[2017.12.18-01.07.39:368][674]LogModuleManager: Shutting down and abandoning module Android_ETC2TargetPlatform (93)
[2017.12.18-01.07.39:368][674]LogModuleManager: Shutting down and abandoning module Android_ETC1TargetPlatform (91)
[2017.12.18-01.07.39:368][674]LogModuleManager: Shutting down and abandoning module Android_DXTTargetPlatform (89)
[2017.12.18-01.07.39:368][674]LogModuleManager: Shutting down and abandoning module Android_ATCTargetPlatform (87)
[2017.12.18-01.07.39:368][674]LogModuleManager: Shutting down and abandoning module Android_ASTCTargetPlatform (85)
[2017.12.18-01.07.39:368][674]LogModuleManager: Shutting down and abandoning module WindowsTargetPlatform (83)
[2017.12.18-01.07.39:368][674]LogModuleManager: Shutting down and abandoning module WindowsServerTargetPlatform (81)
[2017.12.18-01.07.39:368][674]LogModuleManager: Shutting down and abandoning module WindowsNoEditorTargetPlatform (79)
[2017.12.18-01.07.39:368][674]LogModuleManager: Shutting down and abandoning module WindowsClientTargetPlatform (77)
[2017.12.18-01.07.39:368][674]LogModuleManager: Shutting down and abandoning module MacTargetPlatform (75)
[2017.12.18-01.07.39:368][674]LogModuleManager: Shutting down and abandoning module MacServerTargetPlatform (73)
[2017.12.18-01.07.39:368][674]LogModuleManager: Shutting down and abandoning module MacNoEditorTargetPlatform (71)
[2017.12.18-01.07.39:368][674]LogModuleManager: Shutting down and abandoning module MacClientTargetPlatform (69)
[2017.12.18-01.07.39:368][674]LogModuleManager: Shutting down and abandoning module AllDesktopTargetPlatform (67)
[2017.12.18-01.07.39:368][674]LogModuleManager: Shutting down and abandoning module InputCore (64)
[2017.12.18-01.07.39:368][674]LogModuleManager: Shutting down and abandoning module Settings (62)
[2017.12.18-01.07.39:368][674]LogModuleManager: Shutting down and abandoning module PhysXCooking (60)
[2017.12.18-01.07.39:368][674]LogModuleManager: Shutting down and abandoning module SteamVR (58)
[2017.12.18-01.07.39:368][674]LogModuleManager: Shutting down and abandoning module OculusHMD (56)
[2017.12.18-01.07.39:368][674]LogModuleManager: Shutting down and abandoning module ExampleDeviceProfileSelector (54)
[2017.12.18-01.07.39:368][674]LogModuleManager: Shutting down and abandoning module AppleARKit (52)
[2017.12.18-01.07.39:368][674]LogModuleManager: Shutting down and abandoning module AugmentedReality (51)
[2017.12.18-01.07.39:368][674]LogModuleManager: Shutting down and abandoning module OnlineBlueprintSupport (48)
[2017.12.18-01.07.39:368][674]LogModuleManager: Shutting down and abandoning module OnlineSubsystem (44)
[2017.12.18-01.07.39:368][674]LogModuleManager: Shutting down and abandoning module XMPP (43)
[2017.12.18-01.07.39:368][674]LogModuleManager: Shutting down and abandoning module HTTP (41)
[2017.12.18-01.07.39:368][674]LogHttp: Display: Http module shutting down, but needs to wait on 1 outstanding Http requests:
[2017.12.18-01.07.39:368][674]LogHttp: Display: 	verb=[POST] url=[https://datarouter.ol.epicgames.com/datarouter/api/v1/public/data?SessionID=%7BCEBE300A-4AEE-D383-F6FB-FBBF7890E31A%7D&AppID=UEEditor.Rocket.Release&AppVersion=4.18.1-3754814%2B%2B%2BUE4%2BRelease-4.18&UserID=b14d1dca4e3f641c1fa87980689e081b%7Cef3da3658ab84f9fa9d1148bb644a2c4%7C7e1dbe60-371a-4825-b0c7-582b20044669&AppEnvironment=datacollector-binary&UploadType=eteventstream] status=Processing
[2017.12.18-01.07.39:382][674]LogModuleManager: Shutting down and abandoning module SSL (40)
[2017.12.18-01.07.39:382][674]LogModuleManager: Shutting down and abandoning module AnimationModifiers (36)
[2017.12.18-01.07.39:383][674]LogModuleManager: Shutting down and abandoning module PropertyEditor (35)
[2017.12.18-01.07.39:383][674]LogModuleManager: Shutting down and abandoning module AudioEditor (32)
[2017.12.18-01.07.39:383][674]LogModuleManager: Shutting down and abandoning module TextureCompressor (30)
[2017.12.18-01.07.39:383][674]LogModuleManager: Shutting down and abandoning module ShaderCore (28)
[2017.12.18-01.07.39:383][674]LogModuleManager: Shutting down and abandoning module Landscape (26)
[2017.12.18-01.07.39:383][674]LogModuleManager: Shutting down and abandoning module SlateRHIRenderer (24)
[2017.12.18-01.07.39:384][674]LogModuleManager: Shutting down and abandoning module OpenGLDrv (22)
[2017.12.18-01.07.39:384][674]LogModuleManager: Shutting down and abandoning module D3D11RHI (20)
[2017.12.18-01.07.39:384][674]LogModuleManager: Shutting down and abandoning module AnimGraphRuntime (18)
[2017.12.18-01.07.39:384][674]LogModuleManager: Shutting down and abandoning module Renderer (16)
[2017.12.18-01.07.39:384][674]LogModuleManager: Shutting down and abandoning module Engine (14)
[2017.12.18-01.07.39:384][674]LogModuleManager: Shutting down and abandoning module CoreUObject (12)
[2017.12.18-01.07.39:384][674]LogModuleManager: Shutting down and abandoning module NetworkFile (10)
[2017.12.18-01.07.39:384][674]LogModuleManager: Shutting down and abandoning module CookedIterativeFile (8)
[2017.12.18-01.07.39:384][674]LogModuleManager: Shutting down and abandoning module StreamingFile (6)
[2017.12.18-01.07.39:384][674]LogModuleManager: Shutting down and abandoning module SandboxFile (4)
[2017.12.18-01.07.39:384][674]LogModuleManager: Shutting down and abandoning module PakFile (2)
[2017.12.18-01.07.39:388][674]LogExit: Exiting.
[2017.12.18-01.07.39:397][674]Log file closed, 12/18/17 10:07:39
